#
# There is insufficient memory for the Java Runtime Environment to continue.
# Native memory allocation (mmap) failed to map 134217728 bytes for G1 virtual space
# Possible reasons:
#   The system is out of physical RAM or swap space
#   The process is running with CompressedOops enabled, and the Java Heap may be blocking the growth of the native heap
# Possible solutions:
#   Reduce memory load on the system
#   Increase physical memory or swap space
#   Check if swap backing store is full
#   Decrease Java heap size (-Xmx/-Xms)
#   Decrease number of Java threads
#   Decrease Java thread stack sizes (-Xss)
#   Set larger code cache with -XX:ReservedCodeCacheSize=
#   JVM is running with Unscaled Compressed Oops mode in which the Java heap is
#     placed in the first 4GB address space. The Java Heap base address is the
#     maximum limit for the native heap growth. Please use -XX:HeapBaseMinAddress
#     to set the Java Heap base and to place the Java Heap above 4GB virtual address.
# This output file may be truncated or incomplete.
#
#  Out of Memory Error (os_windows.cpp:3550), pid=3644, tid=8160
#
# JRE version:  (17.0.8+9) (build )
# Java VM: Java HotSpot(TM) 64-Bit Server VM (17.0.8+9-LTS-211, mixed mode, sharing, tiered, compressed oops, compressed class ptrs, g1 gc, windows-amd64)
# No core dump will be written. Minidumps are not enabled by default on client versions of Windows
#

---------------  S U M M A R Y ------------

Command Line: -Dorg.gradle.internal.worker.tmpdir=G:\Intelij-WorkSpace\SpringBoot\spring-cloud-aws-dynamodb\spring-cloud-aws-dynamodb\build\tmp\test\work -Dorg.gradle.native=false -Xmx512m -Dfile.encoding=windows-1252 -Duser.country=IN -Duser.language=en -Duser.variant -ea worker.org.gradle.process.internal.worker.GradleWorkerMain 'Gradle Test Executor 1'

Host: Intel(R) Core(TM) i3-7100U CPU @ 2.40GHz, 4 cores, 7G,  Windows 10 , 64 bit Build 19041 (10.0.19041.3636)
Time: Mon Apr 22 20:29:11 2024 India Standard Time elapsed time: 0.110843 seconds (0d 0h 0m 0s)

---------------  T H R E A D  ---------------

Current thread (0x0000019575a39fd0):  JavaThread "Unknown thread" [_thread_in_vm, id=8160, stack(0x00000011fda00000,0x00000011fdb00000)]

Stack: [0x00000011fda00000,0x00000011fdb00000]
Native frames: (J=compiled Java code, j=interpreted, Vv=VM code, C=native code)
V  [jvm.dll+0x677d0a]
V  [jvm.dll+0x7d8c54]
V  [jvm.dll+0x7da3fe]
V  [jvm.dll+0x7daa63]
V  [jvm.dll+0x245c5f]
V  [jvm.dll+0x674bb9]
V  [jvm.dll+0x6694f2]
V  [jvm.dll+0x3031d6]
V  [jvm.dll+0x30a756]
V  [jvm.dll+0x359f9e]
V  [jvm.dll+0x35a1cf]
V  [jvm.dll+0x2da3e8]
V  [jvm.dll+0x2db354]
V  [jvm.dll+0x7aa711]
V  [jvm.dll+0x367b51]
V  [jvm.dll+0x789979]
V  [jvm.dll+0x3eb05f]
V  [jvm.dll+0x3ecae1]
C  [jli.dll+0x5297]
C  [ucrtbase.dll+0x21bb2]
C  [KERNEL32.DLL+0x17344]
C  [ntdll.dll+0x526b1]


---------------  P R O C E S S  ---------------

Threads class SMR info:
_java_thread_list=0x00007ff89aa359d8, length=0, elements={
}

Java Threads: ( => current thread )

Other Threads:
  0x0000019575a6fa50 GCTaskThread "GC Thread#0" [stack: 0x00000011fdb00000,0x00000011fdc00000] [id=12112]
  0x0000019575a73c90 ConcurrentGCThread "G1 Main Marker" [stack: 0x00000011fdc00000,0x00000011fdd00000] [id=7500]
  0x0000019575a745b0 ConcurrentGCThread "G1 Conc#0" [stack: 0x00000011fdd00000,0x00000011fde00000] [id=8744]

[error occurred during error reporting (printing all threads), id 0xc0000005, EXCEPTION_ACCESS_VIOLATION (0xc0000005) at pc=0x00007ff89a26b047]

VM state: not at safepoint (not fully initialized)

VM Mutex/Monitor currently owned by a thread:  ([mutex/lock_event])
[0x0000019575a35790] Heap_lock - owner thread: 0x0000019575a39fd0

Heap address: 0x00000000e0000000, size: 512 MB, Compressed Oops mode: 32-bit

CDS archive(s) mapped at: [0x0000000000000000-0x0000000000000000-0x0000000000000000), size 0, SharedBaseAddress: 0x0000000800000000, ArchiveRelocationMode: 1.
Narrow klass base: 0x0000000000000000, Narrow klass shift: 0, Narrow klass range: 0x0

GC Precious Log:
<Empty>

Heap:
 garbage-first heap   total 0K, used 0K [0x00000000e0000000, 0x0000000100000000)
  region size 1024K, 0 young (0K), 0 survivors (0K)

[error occurred during error reporting (printing heap information), id 0xc0000005, EXCEPTION_ACCESS_VIOLATION (0xc0000005) at pc=0x00007ff89a651499]

GC Heap History (0 events):
No events

Deoptimization events (0 events):
No events

Classes unloaded (0 events):
No events

Classes redefined (0 events):
No events

Internal exceptions (0 events):
No events

VM Operations (0 events):
No events

Events (1 events):
Event: 0.029 Loaded shared library C:\Program Files\Java\jdk-17\bin\java.dll


Dynamic libraries:
0x00007ff6d5700000 - 0x00007ff6d5710000 	C:\Program Files\Java\jdk-17\bin\java.exe
0x00007ff8d3170000 - 0x00007ff8d3368000 	C:\WINDOWS\SYSTEM32\ntdll.dll
0x00007ff8d2570000 - 0x00007ff8d262d000 	C:\WINDOWS\System32\KERNEL32.DLL
0x00007ff8d0920000 - 0x00007ff8d0c16000 	C:\WINDOWS\System32\KERNELBASE.dll
0x00007ff8d0c20000 - 0x00007ff8d0d20000 	C:\WINDOWS\System32\ucrtbase.dll
0x00007ff8c4c60000 - 0x00007ff8c4c79000 	C:\Program Files\Java\jdk-17\bin\jli.dll
0x00007ff8c4c80000 - 0x00007ff8c4c9b000 	C:\Program Files\Java\jdk-17\bin\VCRUNTIME140.dll
0x00007ff8d1260000 - 0x00007ff8d1310000 	C:\WINDOWS\System32\ADVAPI32.dll
0x00007ff8d1d50000 - 0x00007ff8d1dee000 	C:\WINDOWS\System32\msvcrt.dll
0x00007ff8d1370000 - 0x00007ff8d1410000 	C:\WINDOWS\System32\sechost.dll
0x00007ff8d17a0000 - 0x00007ff8d18c3000 	C:\WINDOWS\System32\RPCRT4.dll
0x00007ff8d10d0000 - 0x00007ff8d10f7000 	C:\WINDOWS\System32\bcrypt.dll
0x00007ff8d2ad0000 - 0x00007ff8d2c6f000 	C:\WINDOWS\System32\USER32.dll
0x00007ff8d10a0000 - 0x00007ff8d10c2000 	C:\WINDOWS\System32\win32u.dll
0x00007ff8d2630000 - 0x00007ff8d265b000 	C:\WINDOWS\System32\GDI32.dll
0x00007ff8c7a80000 - 0x00007ff8c7d1a000 	C:\WINDOWS\WinSxS\amd64_microsoft.windows.common-controls_6595b64144ccf1df_6.0.19041.3636_none_60b6a03d71f818d5\COMCTL32.dll
0x00007ff8d0f80000 - 0x00007ff8d1097000 	C:\WINDOWS\System32\gdi32full.dll
0x00007ff8d1100000 - 0x00007ff8d119d000 	C:\WINDOWS\System32\msvcp_win.dll
0x00007ff8cc190000 - 0x00007ff8cc19a000 	C:\WINDOWS\SYSTEM32\VERSION.dll
0x00007ff8d18e0000 - 0x00007ff8d1912000 	C:\WINDOWS\System32\IMM32.DLL
0x00007ff8cbac0000 - 0x00007ff8cbacc000 	C:\Program Files\Java\jdk-17\bin\vcruntime140_1.dll
0x00007ff8b9120000 - 0x00007ff8b91ae000 	C:\Program Files\Java\jdk-17\bin\msvcp140.dll
0x00007ff899f80000 - 0x00007ff89ab5e000 	C:\Program Files\Java\jdk-17\bin\server\jvm.dll
0x00007ff8d18d0000 - 0x00007ff8d18d8000 	C:\WINDOWS\System32\PSAPI.DLL
0x00007ff8c64d0000 - 0x00007ff8c64d9000 	C:\WINDOWS\SYSTEM32\WSOCK32.dll
0x00007ff8c79e0000 - 0x00007ff8c7a07000 	C:\WINDOWS\SYSTEM32\WINMM.dll
0x00007ff8d2c70000 - 0x00007ff8d2cdb000 	C:\WINDOWS\System32\WS2_32.dll
0x00007ff8cf110000 - 0x00007ff8cf122000 	C:\WINDOWS\SYSTEM32\kernel.appcore.dll
0x00007ff8c80a0000 - 0x00007ff8c80aa000 	C:\Program Files\Java\jdk-17\bin\jimage.dll
0x00007ff8ced40000 - 0x00007ff8cef24000 	C:\WINDOWS\SYSTEM32\DBGHELP.DLL
0x00007ff8c8f90000 - 0x00007ff8c8fc4000 	C:\WINDOWS\SYSTEM32\dbgcore.DLL
0x00007ff8d0d90000 - 0x00007ff8d0e12000 	C:\WINDOWS\System32\bcryptPrimitives.dll
0x00007ff8beab0000 - 0x00007ff8bead5000 	C:\Program Files\Java\jdk-17\bin\java.dll

dbghelp: loaded successfully - version: 4.0.5 - missing functions: none
symbol engine: initialized successfully - sym options: 0x614 - pdb path: .;C:\Program Files\Java\jdk-17\bin;C:\WINDOWS\SYSTEM32;C:\WINDOWS\WinSxS\amd64_microsoft.windows.common-controls_6595b64144ccf1df_6.0.19041.3636_none_60b6a03d71f818d5;C:\Program Files\Java\jdk-17\bin\server

VM Arguments:
jvm_args: -Dorg.gradle.internal.worker.tmpdir=G:\Intelij-WorkSpace\SpringBoot\spring-cloud-aws-dynamodb\spring-cloud-aws-dynamodb\build\tmp\test\work -Dorg.gradle.native=false -Xmx512m -Dfile.encoding=windows-1252 -Duser.country=IN -Duser.language=en -Duser.variant -ea 
java_command: worker.org.gradle.process.internal.worker.GradleWorkerMain 'Gradle Test Executor 1'
java_class_path (initial): C:\Users\Imran Shaikh\.gradle\caches\8.7\workerMain\gradle-worker.jar;G:\Intelij-WorkSpace\SpringBoot\spring-cloud-aws-dynamodb\spring-cloud-aws-dynamodb\build\classes\java\test;G:\Intelij-WorkSpace\SpringBoot\spring-cloud-aws-dynamodb\spring-cloud-aws-dynamodb\build\classes\java\main;G:\Intelij-WorkSpace\SpringBoot\spring-cloud-aws-dynamodb\spring-cloud-aws-dynamodb\build\resources\main;C:\Users\Imran Shaikh\.gradle\caches\modules-2\files-2.1\org.springframework.boot\spring-boot-starter-web\3.2.5\664d75553c6af42122d4db645f4924a95084e382\spring-boot-starter-web-3.2.5.jar;C:\Users\Imran Shaikh\.gradle\caches\modules-2\files-2.1\org.springframework.boot\spring-boot-starter-test\3.2.5\c2f2d1d01ef908d04bfa367ec48d13ab15f2b16f\spring-boot-starter-test-3.2.5.jar;C:\Users\Imran Shaikh\.gradle\caches\modules-2\files-2.1\org.springframework.boot\spring-boot-starter-json\3.2.5\6df311af4c242eb95c3526f48ab4f31c384a247e\spring-boot-starter-json-3.2.5.jar;C:\Users\Imran Shaikh\.gradle\caches\modules-2\files-2.1\org.springframework.boot\spring-boot-starter\3.2.5\a9837a876129cc6fe5f3abf1de5ec0a16faaf003\spring-boot-starter-3.2.5.jar;C:\Users\Imran Shaikh\.gradle\caches\modules-2\files-2.1\org.springframework.boot\spring-boot-starter-tomcat\3.2.5\a40ebfa6becb35b419b37e49e33b2822e22cf42a\spring-boot-starter-tomcat-3.2.5.jar;C:\Users\Imran Shaikh\.gradle\caches\modules-2\files-2.1\org.springframework\spring-webmvc\6.1.6\ef1f76db6d94bac428839cb91fa59235c8356e56\spring-webmvc-6.1.6.jar;C:\Users\Imran Shaikh\.gradle\caches\modules-2\files-2.1\org.springframework\spring-web\6.1.6\49a32e3497fe39550da3b280bda5d9933ae2d51d\spring-web-6.1.6.jar;C:\Users\Imran Shaikh\.gradle\caches\modules-2\files-2.1\org.springframework.boot\spring-boot-test-autoconfigure\3.2.5\678ff2604c4650db84dc7a63eb058fb322a58807\spring-boot-test-autoconfigure-3.2.5.jar;C:\Users\Imran Shaikh\.gradle\caches\modules-2\files-2.1\org.springframework.boot\spring-boot-test\3.2.5\df5c1f52e00aaa74993
Launcher Type: SUN_STANDARD

[Global flags]
     intx CICompilerCount                          = 3                                         {product} {ergonomic}
     uint ConcGCThreads                            = 1                                         {product} {ergonomic}
     uint G1ConcRefinementThreads                  = 4                                         {product} {ergonomic}
   size_t G1HeapRegionSize                         = 1048576                                   {product} {ergonomic}
    uintx GCDrainStackTargetSize                   = 64                                        {product} {ergonomic}
   size_t InitialHeapSize                          = 134217728                                 {product} {ergonomic}
   size_t MarkStackSize                            = 4194304                                   {product} {ergonomic}
   size_t MaxHeapSize                              = 536870912                                 {product} {command line}
   size_t MinHeapDeltaBytes                        = 1048576                                   {product} {ergonomic}
   size_t MinHeapSize                              = 8388608                                   {product} {ergonomic}
    uintx NonNMethodCodeHeapSize                   = 5832780                                {pd product} {ergonomic}
    uintx NonProfiledCodeHeapSize                  = 122912730                              {pd product} {ergonomic}
    uintx ProfiledCodeHeapSize                     = 122912730                              {pd product} {ergonomic}
    uintx ReservedCodeCacheSize                    = 251658240                              {pd product} {ergonomic}
     bool SegmentedCodeCache                       = true                                      {product} {ergonomic}
   size_t SoftMaxHeapSize                          = 536870912                              {manageable} {ergonomic}
     bool UseCompressedClassPointers               = true                           {product lp64_product} {ergonomic}
     bool UseCompressedOops                        = true                           {product lp64_product} {ergonomic}
     bool UseG1GC                                  = true                                      {product} {ergonomic}
     bool UseLargePagesIndividualAllocation        = false                                  {pd product} {ergonomic}

Logging:
Log output configuration:
 #0: stdout all=warning uptime,level,tags
 #1: stderr all=off uptime,level,tags

Environment Variables:
JAVA_HOME=C:\Program Files\Java\jdk1.8.0_111
PATH=C:\Program Files\Common Files\Oracle\Java\javapath;C:\Program Files\Python37\Scripts\;C:\Program Files\Python37\;C:\Program Files (x86)\Common Files\Oracle\Java\javapath;C:\Program Files\bin;C:\Program Files (x86)\Intel\iCLS Client\;C:\Program Files\Intel\iCLS Client\;C:\ProgramData\Oracle\Java\javapath;C:\Program Files\Java\jdk1.8.0_111\bin;C:\Program Files (x86)\Intel\Intel(R) Management Engine Components\DAL;C:\Program Files\Intel\Intel(R) Management Engine Components\DAL;C:\Program Files (x86)\Intel\Intel(R) Management Engine Components\IPT;C:\Program Files\Intel\Intel(R) Management Engine Components\IPT;C:\WINDOWS\system32;C:\WINDOWS;C:\WINDOWS\System32\Wbem;C:\WINDOWS\System32\WindowsPowerShell\v1.0\;C:\WINDOWS\System32\OpenSSH\;C:\Program Files\apache-maven-3.6.3\bin;G:\Putty\Putty setup\;G:\project\gdcmlib;C:\Program Files\Java\jdk-17\bin;C:\Program Files\Git\cmd;C:\Users\Imran Shaikh\AppData\Local\Microsoft\WindowsApps;C:\Program Files\Php;;C:\Users\Imran Shaikh\.ebcli-virtual-env\executables;C:\Users\Imran Shaikh\AppData\Local\Programs\Microsoft VS Code\bin
USERNAME=Imran Shaikh
OS=Windows_NT
PROCESSOR_IDENTIFIER=Intel64 Family 6 Model 142 Stepping 9, GenuineIntel



---------------  S Y S T E M  ---------------

OS:
 Windows 10 , 64 bit Build 19041 (10.0.19041.3636)
OS uptime: 7 days 0:39 hours

CPU: total 4 (initial active 4) (2 cores per cpu, 2 threads per core) family 6 model 142 stepping 9 microcode 0xde, cx8, cmov, fxsr, ht, mmx, 3dnowpref, sse, sse2, sse3, ssse3, sse4.1, sse4.2, popcnt, lzcnt, tsc, tscinvbit, avx, avx2, aes, erms, clmul, bmi1, bmi2, adx, fma, vzeroupper, clflush, clflushopt

Memory: 4k page, system-wide physical 8107M (459M free)
TotalPageFile size 8107M (AvailPageFile size 43M)
current process WorkingSet (physical memory assigned to process): 10M, peak: 10M
current process commit charge ("private bytes"): 51M, peak: 179M

vm_info: Java HotSpot(TM) 64-Bit Server VM (17.0.8+9-LTS-211) for windows-amd64 JRE (17.0.8+9-LTS-211), built on Jun 14 2023 10:34:31 by "mach5one" with MS VC++ 17.1 (VS2022)

END.
