#
# There is insufficient memory for the Java Runtime Environment to continue.
# Native memory allocation (malloc) failed to allocate 1936016 bytes for Chunk::new
# Possible reasons:
#   The system is out of physical RAM or swap space
#   The process is running with CompressedOops enabled, and the Java Heap may be blocking the growth of the native heap
# Possible solutions:
#   Reduce memory load on the system
#   Increase physical memory or swap space
#   Check if swap backing store is full
#   Decrease Java heap size (-Xmx/-Xms)
#   Decrease number of Java threads
#   Decrease Java thread stack sizes (-Xss)
#   Set larger code cache with -XX:ReservedCodeCacheSize=
#   JVM is running with Unscaled Compressed Oops mode in which the Java heap is
#     placed in the first 4GB address space. The Java Heap base address is the
#     maximum limit for the native heap growth. Please use -XX:HeapBaseMinAddress
#     to set the Java Heap base and to place the Java Heap above 4GB virtual address.
# This output file may be truncated or incomplete.
#
#  Out of Memory Error (arena.cpp:189), pid=1864, tid=2612
#
# JRE version: Java(TM) SE Runtime Environment (17.0.8+9) (build 17.0.8+9-LTS-211)
# Java VM: Java HotSpot(TM) 64-Bit Server VM (17.0.8+9-LTS-211, mixed mode, sharing, tiered, compressed oops, compressed class ptrs, g1 gc, windows-amd64)
# No core dump will be written. Minidumps are not enabled by default on client versions of Windows
#

---------------  S U M M A R Y ------------

Command Line: --add-opens=java.base/java.util=ALL-UNNAMED --add-opens=java.base/java.lang=ALL-UNNAMED --add-opens=java.base/java.lang.invoke=ALL-UNNAMED --add-opens=java.prefs/java.util.prefs=ALL-UNNAMED --add-opens=java.base/java.nio.charset=ALL-UNNAMED --add-opens=java.base/java.net=ALL-UNNAMED --add-opens=java.base/java.util.concurrent.atomic=ALL-UNNAMED -XX:MaxMetaspaceSize=384m -XX:+HeapDumpOnOutOfMemoryError -Xms256m -Xmx512m -Dfile.encoding=windows-1252 -Duser.country=IN -Duser.language=en -Duser.variant -javaagent:C:\Users\Imran Shaikh\.gradle\wrapper\dists\gradle-8.7-bin\bhs2wmbdwecv87pi65oeuq5iu\gradle-8.7\lib\agents\gradle-instrumentation-agent-8.7.jar org.gradle.launcher.daemon.bootstrap.GradleDaemon 8.7

Host: Intel(R) Core(TM) i3-7100U CPU @ 2.40GHz, 4 cores, 7G,  Windows 10 , 64 bit Build 19041 (10.0.19041.3636)
Time: Fri Apr 19 19:45:34 2024 India Standard Time elapsed time: 9.185859 seconds (0d 0h 0m 9s)

---------------  T H R E A D  ---------------

Current thread (0x000001a4b041fd40):  JavaThread "C2 CompilerThread0" daemon [_thread_in_native, id=2612, stack(0x0000006c4ad00000,0x0000006c4ae00000)]


Current CompileTask:
C2:   9185 4340       4       groovyjarjarantlr4.v4.runtime.atn.PredictionContext::getCachedContext (297 bytes)

Stack: [0x0000006c4ad00000,0x0000006c4ae00000]
Native frames: (J=compiled Java code, j=interpreted, Vv=VM code, C=native code)
V  [jvm.dll+0x677d0a]
V  [jvm.dll+0x7d8c54]
V  [jvm.dll+0x7da3fe]
V  [jvm.dll+0x7daa63]
V  [jvm.dll+0x245c5f]
V  [jvm.dll+0xaaa6b]
V  [jvm.dll+0xab00c]
V  [jvm.dll+0x361e3f]
V  [jvm.dll+0x32c551]
V  [jvm.dll+0x32b9ea]
V  [jvm.dll+0x217fff]
V  [jvm.dll+0x217431]
V  [jvm.dll+0x1a3af0]
V  [jvm.dll+0x2270be]
V  [jvm.dll+0x22535b]
V  [jvm.dll+0x78e7bc]
V  [jvm.dll+0x788bba]
V  [jvm.dll+0x676b35]
C  [ucrtbase.dll+0x21bb2]
C  [KERNEL32.DLL+0x17344]
C  [ntdll.dll+0x526b1]


---------------  P R O C E S S  ---------------

Threads class SMR info:
_java_thread_list=0x000001a4ca892630, length=36, elements={
0x000001a4944a83f0, 0x000001a4b03fea70, 0x000001a4b03ff7f0, 0x000001a4b0416940,
0x000001a4b0418410, 0x000001a4b0418ed0, 0x000001a4b041bba0, 0x000001a4b041fd40,
0x000001a4b042a710, 0x000001a4b043d7f0, 0x000001a4b0627120, 0x000001a4b077dec0,
0x000001a4cbc0c7a0, 0x000001a4cbfabb10, 0x000001a4cbccd870, 0x000001a4cb908cf0,
0x000001a4cad6c6b0, 0x000001a4cbb559b0, 0x000001a4ca897740, 0x000001a4caaa68b0,
0x000001a4caaa6d80, 0x000001a4caaa8590, 0x000001a4caaa7250, 0x000001a4caaa8a60,
0x000001a4caaa8f30, 0x000001a4caaa7720, 0x000001a4caaa7bf0, 0x000001a4caaa9400,
0x000001a4caaa5f10, 0x000001a4caaa80c0, 0x000001a4caaa5a40, 0x000001a4caaa63e0,
0x000001a4ca1b1330, 0x000001a4ca1ad4a0, 0x000001a4ca1af650, 0x000001a4cb36b440
}

Java Threads: ( => current thread )
  0x000001a4944a83f0 JavaThread "main" [_thread_blocked, id=9220, stack(0x0000006c4a000000,0x0000006c4a100000)]
  0x000001a4b03fea70 JavaThread "Reference Handler" daemon [_thread_blocked, id=11908, stack(0x0000006c4a700000,0x0000006c4a800000)]
  0x000001a4b03ff7f0 JavaThread "Finalizer" daemon [_thread_blocked, id=11316, stack(0x0000006c4a800000,0x0000006c4a900000)]
  0x000001a4b0416940 JavaThread "Signal Dispatcher" daemon [_thread_blocked, id=3936, stack(0x0000006c4a900000,0x0000006c4aa00000)]
  0x000001a4b0418410 JavaThread "Attach Listener" daemon [_thread_blocked, id=12804, stack(0x0000006c4aa00000,0x0000006c4ab00000)]
  0x000001a4b0418ed0 JavaThread "Service Thread" daemon [_thread_blocked, id=13812, stack(0x0000006c4ab00000,0x0000006c4ac00000)]
  0x000001a4b041bba0 JavaThread "Monitor Deflation Thread" daemon [_thread_blocked, id=13172, stack(0x0000006c4ac00000,0x0000006c4ad00000)]
=>0x000001a4b041fd40 JavaThread "C2 CompilerThread0" daemon [_thread_in_native, id=2612, stack(0x0000006c4ad00000,0x0000006c4ae00000)]
  0x000001a4b042a710 JavaThread "C1 CompilerThread0" daemon [_thread_in_native, id=7276, stack(0x0000006c4ae00000,0x0000006c4af00000)]
  0x000001a4b043d7f0 JavaThread "Sweeper thread" daemon [_thread_blocked, id=11956, stack(0x0000006c4af00000,0x0000006c4b000000)]
  0x000001a4b0627120 JavaThread "Common-Cleaner" daemon [_thread_blocked, id=9968, stack(0x0000006c4b000000,0x0000006c4b100000)]
  0x000001a4b077dec0 JavaThread "Notification Thread" daemon [_thread_blocked, id=4212, stack(0x0000006c4b100000,0x0000006c4b200000)]
  0x000001a4cbc0c7a0 JavaThread "Daemon health stats" [_thread_blocked, id=12808, stack(0x0000006c4b700000,0x0000006c4b800000)]
  0x000001a4cbfabb10 JavaThread "Incoming local TCP Connector on port 55947" [_thread_in_native, id=14176, stack(0x0000006c4b800000,0x0000006c4b900000)]
  0x000001a4cbccd870 JavaThread "Daemon periodic checks" [_thread_blocked, id=13644, stack(0x0000006c4b900000,0x0000006c4ba00000)]
  0x000001a4cb908cf0 JavaThread "Daemon" [_thread_blocked, id=13868, stack(0x0000006c4ba00000,0x0000006c4bb00000)]
  0x000001a4cad6c6b0 JavaThread "Handler for socket connection from /127.0.0.1:55947 to /127.0.0.1:55948" [_thread_in_native, id=13876, stack(0x0000006c4bb00000,0x0000006c4bc00000)]
  0x000001a4cbb559b0 JavaThread "Cancel handler" [_thread_blocked, id=9532, stack(0x0000006c4bc00000,0x0000006c4bd00000)]
  0x000001a4ca897740 JavaThread "Daemon worker" [_thread_in_Java, id=13536, stack(0x0000006c4bd00000,0x0000006c4be00000)]
  0x000001a4caaa68b0 JavaThread "Asynchronous log dispatcher for DefaultDaemonConnection: socket connection from /127.0.0.1:55947 to /127.0.0.1:55948" [_thread_blocked, id=7368, stack(0x0000006c4be00000,0x0000006c4bf00000)]
  0x000001a4caaa6d80 JavaThread "Stdin handler" [_thread_blocked, id=5896, stack(0x0000006c4bf00000,0x0000006c4c000000)]
  0x000001a4caaa8590 JavaThread "Daemon client event forwarder" [_thread_blocked, id=10524, stack(0x0000006c4c000000,0x0000006c4c100000)]
  0x000001a4caaa7250 JavaThread "Cache worker for journal cache (C:\Users\Imran Shaikh\.gradle\caches\journal-1)" [_thread_blocked, id=13520, stack(0x0000006c4c100000,0x0000006c4c200000)]
  0x000001a4caaa8a60 JavaThread "File lock request listener" [_thread_in_native, id=5320, stack(0x0000006c4c200000,0x0000006c4c300000)]
  0x000001a4caaa8f30 JavaThread "Cache worker for file hash cache (C:\Users\Imran Shaikh\.gradle\caches\8.7\fileHashes)" [_thread_blocked, id=7296, stack(0x0000006c4c300000,0x0000006c4c400000)]
  0x000001a4caaa7720 JavaThread "Cache worker for file hash cache (G:\Intelij-WorkSpace\SpringBoot\spring-cloud-aws-dynamodb\spring-cloud-aws-dynamodb\.gradle\8.7\fileHashes)" [_thread_blocked, id=6696, stack(0x0000006c4c400000,0x0000006c4c500000)]
  0x000001a4caaa7bf0 JavaThread "File watcher server" daemon [_thread_in_native, id=11132, stack(0x0000006c4c500000,0x0000006c4c600000)]
  0x000001a4caaa9400 JavaThread "File watcher consumer" daemon [_thread_blocked, id=10824, stack(0x0000006c4c600000,0x0000006c4c700000)]
  0x000001a4caaa5f10 JavaThread "Cache worker for checksums cache (G:\Intelij-WorkSpace\SpringBoot\spring-cloud-aws-dynamodb\spring-cloud-aws-dynamodb\.gradle\8.7\checksums)" [_thread_blocked, id=9552, stack(0x0000006c4c700000,0x0000006c4c800000)]
  0x000001a4caaa80c0 JavaThread "Cache worker for cache directory md-supplier (C:\Users\Imran Shaikh\.gradle\caches\8.7\md-supplier)" [_thread_blocked, id=672, stack(0x0000006c4b300000,0x0000006c4b400000)]
  0x000001a4caaa5a40 JavaThread "Cache worker for cache directory md-rule (C:\Users\Imran Shaikh\.gradle\caches\8.7\md-rule)" [_thread_blocked, id=11420, stack(0x0000006c4c800000,0x0000006c4c900000)]
  0x000001a4caaa63e0 JavaThread "Cache worker for file content cache (C:\Users\Imran Shaikh\.gradle\caches\8.7\fileContent)" [_thread_blocked, id=7948, stack(0x0000006c4ca00000,0x0000006c4cb00000)]
  0x000001a4ca1b1330 JavaThread "jar transforms" [_thread_blocked, id=6988, stack(0x0000006c4cb00000,0x0000006c4cc00000)]
  0x000001a4ca1ad4a0 JavaThread "jar transforms Thread 2" [_thread_blocked, id=14140, stack(0x0000006c4cc00000,0x0000006c4cd00000)]
  0x000001a4ca1af650 JavaThread "jar transforms Thread 3" [_thread_blocked, id=14312, stack(0x0000006c4cd00000,0x0000006c4ce00000)]
  0x000001a4cb36b440 JavaThread "C2 CompilerThread1" daemon [_thread_in_native, id=6876, stack(0x0000006c4c900000,0x0000006c4ca00000)]

Other Threads:
  0x000001a4b03fa6b0 VMThread "VM Thread" [stack: 0x0000006c4a600000,0x0000006c4a700000] [id=13384]
  0x000001a4944e0450 WatcherThread [stack: 0x0000006c4b200000,0x0000006c4b300000] [id=12664]
  0x000001a4944d45e0 GCTaskThread "GC Thread#0" [stack: 0x0000006c4a100000,0x0000006c4a200000] [id=11852]
  0x000001a4b08b6a40 GCTaskThread "GC Thread#1" [stack: 0x0000006c4b400000,0x0000006c4b500000] [id=9928]
  0x000001a4b098e240 GCTaskThread "GC Thread#2" [stack: 0x0000006c4b500000,0x0000006c4b600000] [id=13800]
  0x000001a4b098e7a0 GCTaskThread "GC Thread#3" [stack: 0x0000006c4b600000,0x0000006c4b700000] [id=13464]
  0x000001a4944d9430 ConcurrentGCThread "G1 Main Marker" [stack: 0x0000006c4a200000,0x0000006c4a300000] [id=9588]
  0x000001a4944d9d50 ConcurrentGCThread "G1 Conc#0" [stack: 0x0000006c4a300000,0x0000006c4a400000] [id=7076]
  0x000001a494576a90 ConcurrentGCThread "G1 Refine#0" [stack: 0x0000006c4a400000,0x0000006c4a500000] [id=5540]
  0x000001a4ca62c630 ConcurrentGCThread "G1 Refine#1" [stack: 0x0000006c4ce00000,0x0000006c4cf00000] [id=13940]
  0x000001a4b02c24b0 ConcurrentGCThread "G1 Service" [stack: 0x0000006c4a500000,0x0000006c4a600000] [id=8964]

Threads with active compile tasks:
C2 CompilerThread0     9231 4340       4       groovyjarjarantlr4.v4.runtime.atn.PredictionContext::getCachedContext (297 bytes)
C1 CompilerThread0     9231 4743 %     3       groovyjarjarasm.asm.ClassReader::readCode @ 92 (5117 bytes)
C2 CompilerThread1     9231 4483       4       groovyjarjarantlr4.v4.runtime.atn.PredictionContext::join (569 bytes)

VM state: not at safepoint (normal execution)

VM Mutex/Monitor currently owned by a thread: None

Heap address: 0x00000000e0000000, size: 512 MB, Compressed Oops mode: 32-bit

CDS archive(s) mapped at: [0x000001a4b1000000-0x000001a4b1bd0000-0x000001a4b1bd0000), size 12386304, SharedBaseAddress: 0x000001a4b1000000, ArchiveRelocationMode: 1.
Compressed class space mapped at: 0x000001a4b2000000-0x000001a4c6000000, reserved size: 335544320
Narrow klass base: 0x000001a4b1000000, Narrow klass shift: 0, Narrow klass range: 0x100000000

GC Precious Log:
 CPUs: 4 total, 4 available
 Memory: 8107M
 Large Page Support: Disabled
 NUMA Support: Disabled
 Compressed Oops: Enabled (32-bit)
 Heap Region Size: 1M
 Heap Min Capacity: 256M
 Heap Initial Capacity: 256M
 Heap Max Capacity: 512M
 Pre-touch: Disabled
 Parallel Workers: 4
 Concurrent Workers: 1
 Concurrent Refinement Workers: 4
 Periodic GC: Disabled

Heap:
 garbage-first heap   total 262144K, used 150876K [0x00000000e0000000, 0x0000000100000000)
  region size 1024K, 128 young (131072K), 9 survivors (9216K)
 Metaspace       used 38587K, committed 38976K, reserved 393216K
  class space    used 5403K, committed 5568K, reserved 327680K

Heap Regions: E=young(eden), S=young(survivor), O=old, HS=humongous(starts), HC=humongous(continues), CS=collection set, F=free, OA=open archive, CA=closed archive, TAMS=top-at-mark-start (previous, next)
|   0|0x00000000e0000000, 0x00000000e0100000, 0x00000000e0100000|100%| O|  |TAMS 0x00000000e0100000, 0x00000000e0000000| Untracked 
|   1|0x00000000e0100000, 0x00000000e0200000, 0x00000000e0200000|100%|HS|  |TAMS 0x00000000e0200000, 0x00000000e0100000| Complete 
|   2|0x00000000e0200000, 0x00000000e0300000, 0x00000000e0300000|100%|HC|  |TAMS 0x00000000e0300000, 0x00000000e0200000| Complete 
|   3|0x00000000e0300000, 0x00000000e0400000, 0x00000000e0400000|100%|HC|  |TAMS 0x00000000e0400000, 0x00000000e0300000| Complete 
|   4|0x00000000e0400000, 0x00000000e0500000, 0x00000000e0500000|100%|HC|  |TAMS 0x00000000e0500000, 0x00000000e0400000| Complete 
|   5|0x00000000e0500000, 0x00000000e0600000, 0x00000000e0600000|100%| O|  |TAMS 0x00000000e0600000, 0x00000000e0500000| Untracked 
|   6|0x00000000e0600000, 0x00000000e0700000, 0x00000000e0700000|100%| O|  |TAMS 0x00000000e0700000, 0x00000000e0600000| Untracked 
|   7|0x00000000e0700000, 0x00000000e0800000, 0x00000000e0800000|100%| O|  |TAMS 0x00000000e0800000, 0x00000000e0700000| Untracked 
|   8|0x00000000e0800000, 0x00000000e0900000, 0x00000000e0900000|100%| O|  |TAMS 0x00000000e0900000, 0x00000000e0800000| Untracked 
|   9|0x00000000e0900000, 0x00000000e0a00000, 0x00000000e0a00000|100%| O|  |TAMS 0x00000000e0a00000, 0x00000000e0900000| Untracked 
|  10|0x00000000e0a00000, 0x00000000e0b00000, 0x00000000e0b00000|100%| O|  |TAMS 0x00000000e0b00000, 0x00000000e0a00000| Untracked 
|  11|0x00000000e0b00000, 0x00000000e0c00000, 0x00000000e0c00000|100%| O|  |TAMS 0x00000000e0c00000, 0x00000000e0b00000| Untracked 
|  12|0x00000000e0c00000, 0x00000000e0d00000, 0x00000000e0d00000|100%| O|  |TAMS 0x00000000e0d00000, 0x00000000e0c00000| Untracked 
|  13|0x00000000e0d00000, 0x00000000e0e00000, 0x00000000e0e00000|100%| O|  |TAMS 0x00000000e0e00000, 0x00000000e0d00000| Untracked 
|  14|0x00000000e0e00000, 0x00000000e0f00000, 0x00000000e0f00000|100%| O|  |TAMS 0x00000000e0f00000, 0x00000000e0e00000| Untracked 
|  15|0x00000000e0f00000, 0x00000000e1000000, 0x00000000e1000000|100%| O|  |TAMS 0x00000000e1000000, 0x00000000e0f00000| Untracked 
|  16|0x00000000e1000000, 0x00000000e1100000, 0x00000000e1100000|100%| O|  |TAMS 0x00000000e1100000, 0x00000000e1000000| Untracked 
|  17|0x00000000e1100000, 0x00000000e1200000, 0x00000000e1200000|100%| O|  |TAMS 0x00000000e1200000, 0x00000000e1100000| Untracked 
|  18|0x00000000e1200000, 0x00000000e1300000, 0x00000000e1300000|100%| O|  |TAMS 0x00000000e1300000, 0x00000000e1200000| Untracked 
|  19|0x00000000e1300000, 0x00000000e1400000, 0x00000000e1400000|100%| O|  |TAMS 0x00000000e1400000, 0x00000000e1300000| Untracked 
|  20|0x00000000e1400000, 0x00000000e1500000, 0x00000000e1500000|100%| O|  |TAMS 0x00000000e1500000, 0x00000000e1400000| Untracked 
|  21|0x00000000e1500000, 0x00000000e15e1200, 0x00000000e1600000| 87%| O|  |TAMS 0x00000000e15e1200, 0x00000000e1500000| Untracked 
|  22|0x00000000e1600000, 0x00000000e1600000, 0x00000000e1700000|  0%| F|  |TAMS 0x00000000e1600000, 0x00000000e1600000| Untracked 
|  23|0x00000000e1700000, 0x00000000e1700000, 0x00000000e1800000|  0%| F|  |TAMS 0x00000000e1700000, 0x00000000e1700000| Untracked 
|  24|0x00000000e1800000, 0x00000000e1800000, 0x00000000e1900000|  0%| F|  |TAMS 0x00000000e1800000, 0x00000000e1800000| Untracked 
|  25|0x00000000e1900000, 0x00000000e1900000, 0x00000000e1a00000|  0%| F|  |TAMS 0x00000000e1900000, 0x00000000e1900000| Untracked 
|  26|0x00000000e1a00000, 0x00000000e1a00000, 0x00000000e1b00000|  0%| F|  |TAMS 0x00000000e1a00000, 0x00000000e1a00000| Untracked 
|  27|0x00000000e1b00000, 0x00000000e1b00000, 0x00000000e1c00000|  0%| F|  |TAMS 0x00000000e1b00000, 0x00000000e1b00000| Untracked 
|  28|0x00000000e1c00000, 0x00000000e1c00000, 0x00000000e1d00000|  0%| F|  |TAMS 0x00000000e1c00000, 0x00000000e1c00000| Untracked 
|  29|0x00000000e1d00000, 0x00000000e1d00000, 0x00000000e1e00000|  0%| F|  |TAMS 0x00000000e1d00000, 0x00000000e1d00000| Untracked 
|  30|0x00000000e1e00000, 0x00000000e1e00000, 0x00000000e1f00000|  0%| F|  |TAMS 0x00000000e1e00000, 0x00000000e1e00000| Untracked 
|  31|0x00000000e1f00000, 0x00000000e1f00000, 0x00000000e2000000|  0%| F|  |TAMS 0x00000000e1f00000, 0x00000000e1f00000| Untracked 
|  32|0x00000000e2000000, 0x00000000e2000000, 0x00000000e2100000|  0%| F|  |TAMS 0x00000000e2000000, 0x00000000e2000000| Untracked 
|  33|0x00000000e2100000, 0x00000000e2100000, 0x00000000e2200000|  0%| F|  |TAMS 0x00000000e2100000, 0x00000000e2100000| Untracked 
|  34|0x00000000e2200000, 0x00000000e2200000, 0x00000000e2300000|  0%| F|  |TAMS 0x00000000e2200000, 0x00000000e2200000| Untracked 
|  35|0x00000000e2300000, 0x00000000e2300000, 0x00000000e2400000|  0%| F|  |TAMS 0x00000000e2300000, 0x00000000e2300000| Untracked 
|  36|0x00000000e2400000, 0x00000000e2400000, 0x00000000e2500000|  0%| F|  |TAMS 0x00000000e2400000, 0x00000000e2400000| Untracked 
|  37|0x00000000e2500000, 0x00000000e2500000, 0x00000000e2600000|  0%| F|  |TAMS 0x00000000e2500000, 0x00000000e2500000| Untracked 
|  38|0x00000000e2600000, 0x00000000e2600000, 0x00000000e2700000|  0%| F|  |TAMS 0x00000000e2600000, 0x00000000e2600000| Untracked 
|  39|0x00000000e2700000, 0x00000000e2700000, 0x00000000e2800000|  0%| F|  |TAMS 0x00000000e2700000, 0x00000000e2700000| Untracked 
|  40|0x00000000e2800000, 0x00000000e2800000, 0x00000000e2900000|  0%| F|  |TAMS 0x00000000e2800000, 0x00000000e2800000| Untracked 
|  41|0x00000000e2900000, 0x00000000e2900000, 0x00000000e2a00000|  0%| F|  |TAMS 0x00000000e2900000, 0x00000000e2900000| Untracked 
|  42|0x00000000e2a00000, 0x00000000e2a00000, 0x00000000e2b00000|  0%| F|  |TAMS 0x00000000e2a00000, 0x00000000e2a00000| Untracked 
|  43|0x00000000e2b00000, 0x00000000e2b00000, 0x00000000e2c00000|  0%| F|  |TAMS 0x00000000e2b00000, 0x00000000e2b00000| Untracked 
|  44|0x00000000e2c00000, 0x00000000e2c00000, 0x00000000e2d00000|  0%| F|  |TAMS 0x00000000e2c00000, 0x00000000e2c00000| Untracked 
|  45|0x00000000e2d00000, 0x00000000e2d00000, 0x00000000e2e00000|  0%| F|  |TAMS 0x00000000e2d00000, 0x00000000e2d00000| Untracked 
|  46|0x00000000e2e00000, 0x00000000e2e00000, 0x00000000e2f00000|  0%| F|  |TAMS 0x00000000e2e00000, 0x00000000e2e00000| Untracked 
|  47|0x00000000e2f00000, 0x00000000e2f00000, 0x00000000e3000000|  0%| F|  |TAMS 0x00000000e2f00000, 0x00000000e2f00000| Untracked 
|  48|0x00000000e3000000, 0x00000000e3000000, 0x00000000e3100000|  0%| F|  |TAMS 0x00000000e3000000, 0x00000000e3000000| Untracked 
|  49|0x00000000e3100000, 0x00000000e3100000, 0x00000000e3200000|  0%| F|  |TAMS 0x00000000e3100000, 0x00000000e3100000| Untracked 
|  50|0x00000000e3200000, 0x00000000e3200000, 0x00000000e3300000|  0%| F|  |TAMS 0x00000000e3200000, 0x00000000e3200000| Untracked 
|  51|0x00000000e3300000, 0x00000000e3300000, 0x00000000e3400000|  0%| F|  |TAMS 0x00000000e3300000, 0x00000000e3300000| Untracked 
|  52|0x00000000e3400000, 0x00000000e3400000, 0x00000000e3500000|  0%| F|  |TAMS 0x00000000e3400000, 0x00000000e3400000| Untracked 
|  53|0x00000000e3500000, 0x00000000e3500000, 0x00000000e3600000|  0%| F|  |TAMS 0x00000000e3500000, 0x00000000e3500000| Untracked 
|  54|0x00000000e3600000, 0x00000000e3600000, 0x00000000e3700000|  0%| F|  |TAMS 0x00000000e3600000, 0x00000000e3600000| Untracked 
|  55|0x00000000e3700000, 0x00000000e3700000, 0x00000000e3800000|  0%| F|  |TAMS 0x00000000e3700000, 0x00000000e3700000| Untracked 
|  56|0x00000000e3800000, 0x00000000e3800000, 0x00000000e3900000|  0%| F|  |TAMS 0x00000000e3800000, 0x00000000e3800000| Untracked 
|  57|0x00000000e3900000, 0x00000000e3900000, 0x00000000e3a00000|  0%| F|  |TAMS 0x00000000e3900000, 0x00000000e3900000| Untracked 
|  58|0x00000000e3a00000, 0x00000000e3a00000, 0x00000000e3b00000|  0%| F|  |TAMS 0x00000000e3a00000, 0x00000000e3a00000| Untracked 
|  59|0x00000000e3b00000, 0x00000000e3b00000, 0x00000000e3c00000|  0%| F|  |TAMS 0x00000000e3b00000, 0x00000000e3b00000| Untracked 
|  60|0x00000000e3c00000, 0x00000000e3c00000, 0x00000000e3d00000|  0%| F|  |TAMS 0x00000000e3c00000, 0x00000000e3c00000| Untracked 
|  61|0x00000000e3d00000, 0x00000000e3d00000, 0x00000000e3e00000|  0%| F|  |TAMS 0x00000000e3d00000, 0x00000000e3d00000| Untracked 
|  62|0x00000000e3e00000, 0x00000000e3e00000, 0x00000000e3f00000|  0%| F|  |TAMS 0x00000000e3e00000, 0x00000000e3e00000| Untracked 
|  63|0x00000000e3f00000, 0x00000000e3f00000, 0x00000000e4000000|  0%| F|  |TAMS 0x00000000e3f00000, 0x00000000e3f00000| Untracked 
|  64|0x00000000e4000000, 0x00000000e4000000, 0x00000000e4100000|  0%| F|  |TAMS 0x00000000e4000000, 0x00000000e4000000| Untracked 
|  65|0x00000000e4100000, 0x00000000e4100000, 0x00000000e4200000|  0%| F|  |TAMS 0x00000000e4100000, 0x00000000e4100000| Untracked 
|  66|0x00000000e4200000, 0x00000000e4200000, 0x00000000e4300000|  0%| F|  |TAMS 0x00000000e4200000, 0x00000000e4200000| Untracked 
|  67|0x00000000e4300000, 0x00000000e4300000, 0x00000000e4400000|  0%| F|  |TAMS 0x00000000e4300000, 0x00000000e4300000| Untracked 
|  68|0x00000000e4400000, 0x00000000e4400000, 0x00000000e4500000|  0%| F|  |TAMS 0x00000000e4400000, 0x00000000e4400000| Untracked 
|  69|0x00000000e4500000, 0x00000000e4500000, 0x00000000e4600000|  0%| F|  |TAMS 0x00000000e4500000, 0x00000000e4500000| Untracked 
|  70|0x00000000e4600000, 0x00000000e4600000, 0x00000000e4700000|  0%| F|  |TAMS 0x00000000e4600000, 0x00000000e4600000| Untracked 
|  71|0x00000000e4700000, 0x00000000e4700000, 0x00000000e4800000|  0%| F|  |TAMS 0x00000000e4700000, 0x00000000e4700000| Untracked 
|  72|0x00000000e4800000, 0x00000000e4800000, 0x00000000e4900000|  0%| F|  |TAMS 0x00000000e4800000, 0x00000000e4800000| Untracked 
|  73|0x00000000e4900000, 0x00000000e4900000, 0x00000000e4a00000|  0%| F|  |TAMS 0x00000000e4900000, 0x00000000e4900000| Untracked 
|  74|0x00000000e4a00000, 0x00000000e4a00000, 0x00000000e4b00000|  0%| F|  |TAMS 0x00000000e4a00000, 0x00000000e4a00000| Untracked 
|  75|0x00000000e4b00000, 0x00000000e4b00000, 0x00000000e4c00000|  0%| F|  |TAMS 0x00000000e4b00000, 0x00000000e4b00000| Untracked 
|  76|0x00000000e4c00000, 0x00000000e4c00000, 0x00000000e4d00000|  0%| F|  |TAMS 0x00000000e4c00000, 0x00000000e4c00000| Untracked 
|  77|0x00000000e4d00000, 0x00000000e4d00000, 0x00000000e4e00000|  0%| F|  |TAMS 0x00000000e4d00000, 0x00000000e4d00000| Untracked 
|  78|0x00000000e4e00000, 0x00000000e4e00000, 0x00000000e4f00000|  0%| F|  |TAMS 0x00000000e4e00000, 0x00000000e4e00000| Untracked 
|  79|0x00000000e4f00000, 0x00000000e4f00000, 0x00000000e5000000|  0%| F|  |TAMS 0x00000000e4f00000, 0x00000000e4f00000| Untracked 
|  80|0x00000000e5000000, 0x00000000e5000000, 0x00000000e5100000|  0%| F|  |TAMS 0x00000000e5000000, 0x00000000e5000000| Untracked 
|  81|0x00000000e5100000, 0x00000000e5100000, 0x00000000e5200000|  0%| F|  |TAMS 0x00000000e5100000, 0x00000000e5100000| Untracked 
|  82|0x00000000e5200000, 0x00000000e5200000, 0x00000000e5300000|  0%| F|  |TAMS 0x00000000e5200000, 0x00000000e5200000| Untracked 
|  83|0x00000000e5300000, 0x00000000e5300000, 0x00000000e5400000|  0%| F|  |TAMS 0x00000000e5300000, 0x00000000e5300000| Untracked 
|  84|0x00000000e5400000, 0x00000000e5400000, 0x00000000e5500000|  0%| F|  |TAMS 0x00000000e5400000, 0x00000000e5400000| Untracked 
|  85|0x00000000e5500000, 0x00000000e5500000, 0x00000000e5600000|  0%| F|  |TAMS 0x00000000e5500000, 0x00000000e5500000| Untracked 
|  86|0x00000000e5600000, 0x00000000e5600000, 0x00000000e5700000|  0%| F|  |TAMS 0x00000000e5600000, 0x00000000e5600000| Untracked 
|  87|0x00000000e5700000, 0x00000000e5700000, 0x00000000e5800000|  0%| F|  |TAMS 0x00000000e5700000, 0x00000000e5700000| Untracked 
|  88|0x00000000e5800000, 0x00000000e5800000, 0x00000000e5900000|  0%| F|  |TAMS 0x00000000e5800000, 0x00000000e5800000| Untracked 
|  89|0x00000000e5900000, 0x00000000e5900000, 0x00000000e5a00000|  0%| F|  |TAMS 0x00000000e5900000, 0x00000000e5900000| Untracked 
|  90|0x00000000e5a00000, 0x00000000e5a00000, 0x00000000e5b00000|  0%| F|  |TAMS 0x00000000e5a00000, 0x00000000e5a00000| Untracked 
|  91|0x00000000e5b00000, 0x00000000e5b00000, 0x00000000e5c00000|  0%| F|  |TAMS 0x00000000e5b00000, 0x00000000e5b00000| Untracked 
|  92|0x00000000e5c00000, 0x00000000e5c00000, 0x00000000e5d00000|  0%| F|  |TAMS 0x00000000e5c00000, 0x00000000e5c00000| Untracked 
|  93|0x00000000e5d00000, 0x00000000e5d00000, 0x00000000e5e00000|  0%| F|  |TAMS 0x00000000e5d00000, 0x00000000e5d00000| Untracked 
|  94|0x00000000e5e00000, 0x00000000e5e00000, 0x00000000e5f00000|  0%| F|  |TAMS 0x00000000e5e00000, 0x00000000e5e00000| Untracked 
|  95|0x00000000e5f00000, 0x00000000e5f00000, 0x00000000e6000000|  0%| F|  |TAMS 0x00000000e5f00000, 0x00000000e5f00000| Untracked 
|  96|0x00000000e6000000, 0x00000000e6000000, 0x00000000e6100000|  0%| F|  |TAMS 0x00000000e6000000, 0x00000000e6000000| Untracked 
|  97|0x00000000e6100000, 0x00000000e6100000, 0x00000000e6200000|  0%| F|  |TAMS 0x00000000e6100000, 0x00000000e6100000| Untracked 
|  98|0x00000000e6200000, 0x00000000e6200000, 0x00000000e6300000|  0%| F|  |TAMS 0x00000000e6200000, 0x00000000e6200000| Untracked 
|  99|0x00000000e6300000, 0x00000000e6300000, 0x00000000e6400000|  0%| F|  |TAMS 0x00000000e6300000, 0x00000000e6300000| Untracked 
| 100|0x00000000e6400000, 0x00000000e6400000, 0x00000000e6500000|  0%| F|  |TAMS 0x00000000e6400000, 0x00000000e6400000| Untracked 
| 101|0x00000000e6500000, 0x00000000e6500000, 0x00000000e6600000|  0%| F|  |TAMS 0x00000000e6500000, 0x00000000e6500000| Untracked 
| 102|0x00000000e6600000, 0x00000000e6600000, 0x00000000e6700000|  0%| F|  |TAMS 0x00000000e6600000, 0x00000000e6600000| Untracked 
| 103|0x00000000e6700000, 0x00000000e6700000, 0x00000000e6800000|  0%| F|  |TAMS 0x00000000e6700000, 0x00000000e6700000| Untracked 
| 104|0x00000000e6800000, 0x00000000e6800000, 0x00000000e6900000|  0%| F|  |TAMS 0x00000000e6800000, 0x00000000e6800000| Untracked 
| 105|0x00000000e6900000, 0x00000000e6900000, 0x00000000e6a00000|  0%| F|  |TAMS 0x00000000e6900000, 0x00000000e6900000| Untracked 
| 106|0x00000000e6a00000, 0x00000000e6a00000, 0x00000000e6b00000|  0%| F|  |TAMS 0x00000000e6a00000, 0x00000000e6a00000| Untracked 
| 107|0x00000000e6b00000, 0x00000000e6b00000, 0x00000000e6c00000|  0%| F|  |TAMS 0x00000000e6b00000, 0x00000000e6b00000| Untracked 
| 108|0x00000000e6c00000, 0x00000000e6c00000, 0x00000000e6d00000|  0%| F|  |TAMS 0x00000000e6c00000, 0x00000000e6c00000| Untracked 
| 109|0x00000000e6d00000, 0x00000000e6d00000, 0x00000000e6e00000|  0%| F|  |TAMS 0x00000000e6d00000, 0x00000000e6d00000| Untracked 
| 110|0x00000000e6e00000, 0x00000000e6e00000, 0x00000000e6f00000|  0%| F|  |TAMS 0x00000000e6e00000, 0x00000000e6e00000| Untracked 
| 111|0x00000000e6f00000, 0x00000000e6f00000, 0x00000000e7000000|  0%| F|  |TAMS 0x00000000e6f00000, 0x00000000e6f00000| Untracked 
| 112|0x00000000e7000000, 0x00000000e7000000, 0x00000000e7100000|  0%| F|  |TAMS 0x00000000e7000000, 0x00000000e7000000| Untracked 
| 113|0x00000000e7100000, 0x00000000e7100000, 0x00000000e7200000|  0%| F|  |TAMS 0x00000000e7100000, 0x00000000e7100000| Untracked 
| 114|0x00000000e7200000, 0x00000000e7200000, 0x00000000e7300000|  0%| F|  |TAMS 0x00000000e7200000, 0x00000000e7200000| Untracked 
| 115|0x00000000e7300000, 0x00000000e7300000, 0x00000000e7400000|  0%| F|  |TAMS 0x00000000e7300000, 0x00000000e7300000| Untracked 
| 116|0x00000000e7400000, 0x00000000e7400000, 0x00000000e7500000|  0%| F|  |TAMS 0x00000000e7400000, 0x00000000e7400000| Untracked 
| 117|0x00000000e7500000, 0x00000000e7500000, 0x00000000e7600000|  0%| F|  |TAMS 0x00000000e7500000, 0x00000000e7500000| Untracked 
| 118|0x00000000e7600000, 0x00000000e7600000, 0x00000000e7700000|  0%| F|  |TAMS 0x00000000e7600000, 0x00000000e7600000| Untracked 
| 119|0x00000000e7700000, 0x00000000e7700000, 0x00000000e7800000|  0%| F|  |TAMS 0x00000000e7700000, 0x00000000e7700000| Untracked 
| 120|0x00000000e7800000, 0x00000000e7800000, 0x00000000e7900000|  0%| F|  |TAMS 0x00000000e7800000, 0x00000000e7800000| Untracked 
| 121|0x00000000e7900000, 0x00000000e7900000, 0x00000000e7a00000|  0%| F|  |TAMS 0x00000000e7900000, 0x00000000e7900000| Untracked 
| 122|0x00000000e7a00000, 0x00000000e7a00000, 0x00000000e7b00000|  0%| F|  |TAMS 0x00000000e7a00000, 0x00000000e7a00000| Untracked 
| 123|0x00000000e7b00000, 0x00000000e7b00000, 0x00000000e7c00000|  0%| F|  |TAMS 0x00000000e7b00000, 0x00000000e7b00000| Untracked 
| 124|0x00000000e7c00000, 0x00000000e7c00000, 0x00000000e7d00000|  0%| F|  |TAMS 0x00000000e7c00000, 0x00000000e7c00000| Untracked 
| 125|0x00000000e7d00000, 0x00000000e7d00000, 0x00000000e7e00000|  0%| F|  |TAMS 0x00000000e7d00000, 0x00000000e7d00000| Untracked 
| 126|0x00000000e7e00000, 0x00000000e7e00000, 0x00000000e7f00000|  0%| F|  |TAMS 0x00000000e7e00000, 0x00000000e7e00000| Untracked 
| 127|0x00000000e7f00000, 0x00000000e7f00000, 0x00000000e8000000|  0%| F|  |TAMS 0x00000000e7f00000, 0x00000000e7f00000| Untracked 
| 128|0x00000000e8000000, 0x00000000e8080800, 0x00000000e8100000| 50%| E|  |TAMS 0x00000000e8000000, 0x00000000e8000000| Complete 
| 129|0x00000000e8100000, 0x00000000e8200000, 0x00000000e8200000|100%| E|CS|TAMS 0x00000000e8100000, 0x00000000e8100000| Complete 
| 130|0x00000000e8200000, 0x00000000e8300000, 0x00000000e8300000|100%| E|CS|TAMS 0x00000000e8200000, 0x00000000e8200000| Complete 
| 131|0x00000000e8300000, 0x00000000e8400000, 0x00000000e8400000|100%| E|CS|TAMS 0x00000000e8300000, 0x00000000e8300000| Complete 
| 132|0x00000000e8400000, 0x00000000e8500000, 0x00000000e8500000|100%| E|CS|TAMS 0x00000000e8400000, 0x00000000e8400000| Complete 
| 133|0x00000000e8500000, 0x00000000e8600000, 0x00000000e8600000|100%| E|CS|TAMS 0x00000000e8500000, 0x00000000e8500000| Complete 
| 134|0x00000000e8600000, 0x00000000e8700000, 0x00000000e8700000|100%| E|CS|TAMS 0x00000000e8600000, 0x00000000e8600000| Complete 
| 135|0x00000000e8700000, 0x00000000e8800000, 0x00000000e8800000|100%| E|CS|TAMS 0x00000000e8700000, 0x00000000e8700000| Complete 
| 136|0x00000000e8800000, 0x00000000e8900000, 0x00000000e8900000|100%| E|CS|TAMS 0x00000000e8800000, 0x00000000e8800000| Complete 
| 137|0x00000000e8900000, 0x00000000e8a00000, 0x00000000e8a00000|100%| E|CS|TAMS 0x00000000e8900000, 0x00000000e8900000| Complete 
| 138|0x00000000e8a00000, 0x00000000e8a76058, 0x00000000e8b00000| 46%| S|CS|TAMS 0x00000000e8a00000, 0x00000000e8a00000| Complete 
| 139|0x00000000e8b00000, 0x00000000e8c00000, 0x00000000e8c00000|100%| S|CS|TAMS 0x00000000e8b00000, 0x00000000e8b00000| Complete 
| 140|0x00000000e8c00000, 0x00000000e8d00000, 0x00000000e8d00000|100%| S|CS|TAMS 0x00000000e8c00000, 0x00000000e8c00000| Complete 
| 141|0x00000000e8d00000, 0x00000000e8e00000, 0x00000000e8e00000|100%| S|CS|TAMS 0x00000000e8d00000, 0x00000000e8d00000| Complete 
| 142|0x00000000e8e00000, 0x00000000e8f00000, 0x00000000e8f00000|100%| S|CS|TAMS 0x00000000e8e00000, 0x00000000e8e00000| Complete 
| 143|0x00000000e8f00000, 0x00000000e9000000, 0x00000000e9000000|100%| S|CS|TAMS 0x00000000e8f00000, 0x00000000e8f00000| Complete 
| 144|0x00000000e9000000, 0x00000000e9100000, 0x00000000e9100000|100%| S|CS|TAMS 0x00000000e9000000, 0x00000000e9000000| Complete 
| 145|0x00000000e9100000, 0x00000000e9200000, 0x00000000e9200000|100%| S|CS|TAMS 0x00000000e9100000, 0x00000000e9100000| Complete 
| 146|0x00000000e9200000, 0x00000000e9300000, 0x00000000e9300000|100%| S|CS|TAMS 0x00000000e9200000, 0x00000000e9200000| Complete 
| 147|0x00000000e9300000, 0x00000000e9400000, 0x00000000e9400000|100%| E|CS|TAMS 0x00000000e9300000, 0x00000000e9300000| Complete 
| 148|0x00000000e9400000, 0x00000000e9500000, 0x00000000e9500000|100%| E|CS|TAMS 0x00000000e9400000, 0x00000000e9400000| Complete 
| 149|0x00000000e9500000, 0x00000000e9600000, 0x00000000e9600000|100%| E|CS|TAMS 0x00000000e9500000, 0x00000000e9500000| Complete 
| 150|0x00000000e9600000, 0x00000000e9700000, 0x00000000e9700000|100%| E|CS|TAMS 0x00000000e9600000, 0x00000000e9600000| Complete 
| 151|0x00000000e9700000, 0x00000000e9800000, 0x00000000e9800000|100%| E|CS|TAMS 0x00000000e9700000, 0x00000000e9700000| Complete 
| 152|0x00000000e9800000, 0x00000000e9900000, 0x00000000e9900000|100%| E|CS|TAMS 0x00000000e9800000, 0x00000000e9800000| Complete 
| 153|0x00000000e9900000, 0x00000000e9a00000, 0x00000000e9a00000|100%| E|CS|TAMS 0x00000000e9900000, 0x00000000e9900000| Complete 
| 154|0x00000000e9a00000, 0x00000000e9b00000, 0x00000000e9b00000|100%| E|CS|TAMS 0x00000000e9a00000, 0x00000000e9a00000| Complete 
| 155|0x00000000e9b00000, 0x00000000e9c00000, 0x00000000e9c00000|100%| E|CS|TAMS 0x00000000e9b00000, 0x00000000e9b00000| Complete 
| 156|0x00000000e9c00000, 0x00000000e9d00000, 0x00000000e9d00000|100%| E|CS|TAMS 0x00000000e9c00000, 0x00000000e9c00000| Complete 
| 157|0x00000000e9d00000, 0x00000000e9e00000, 0x00000000e9e00000|100%| E|CS|TAMS 0x00000000e9d00000, 0x00000000e9d00000| Complete 
| 158|0x00000000e9e00000, 0x00000000e9f00000, 0x00000000e9f00000|100%| E|CS|TAMS 0x00000000e9e00000, 0x00000000e9e00000| Complete 
| 159|0x00000000e9f00000, 0x00000000ea000000, 0x00000000ea000000|100%| E|CS|TAMS 0x00000000e9f00000, 0x00000000e9f00000| Complete 
| 160|0x00000000ea000000, 0x00000000ea100000, 0x00000000ea100000|100%| E|CS|TAMS 0x00000000ea000000, 0x00000000ea000000| Complete 
| 161|0x00000000ea100000, 0x00000000ea200000, 0x00000000ea200000|100%| E|CS|TAMS 0x00000000ea100000, 0x00000000ea100000| Complete 
| 162|0x00000000ea200000, 0x00000000ea300000, 0x00000000ea300000|100%| E|CS|TAMS 0x00000000ea200000, 0x00000000ea200000| Complete 
| 163|0x00000000ea300000, 0x00000000ea400000, 0x00000000ea400000|100%| E|CS|TAMS 0x00000000ea300000, 0x00000000ea300000| Complete 
| 164|0x00000000ea400000, 0x00000000ea500000, 0x00000000ea500000|100%| E|CS|TAMS 0x00000000ea400000, 0x00000000ea400000| Complete 
| 165|0x00000000ea500000, 0x00000000ea600000, 0x00000000ea600000|100%| E|CS|TAMS 0x00000000ea500000, 0x00000000ea500000| Complete 
| 166|0x00000000ea600000, 0x00000000ea700000, 0x00000000ea700000|100%| E|CS|TAMS 0x00000000ea600000, 0x00000000ea600000| Complete 
| 167|0x00000000ea700000, 0x00000000ea800000, 0x00000000ea800000|100%| E|CS|TAMS 0x00000000ea700000, 0x00000000ea700000| Complete 
| 168|0x00000000ea800000, 0x00000000ea900000, 0x00000000ea900000|100%| E|CS|TAMS 0x00000000ea800000, 0x00000000ea800000| Complete 
| 169|0x00000000ea900000, 0x00000000eaa00000, 0x00000000eaa00000|100%| E|CS|TAMS 0x00000000ea900000, 0x00000000ea900000| Complete 
| 170|0x00000000eaa00000, 0x00000000eab00000, 0x00000000eab00000|100%| E|CS|TAMS 0x00000000eaa00000, 0x00000000eaa00000| Complete 
| 171|0x00000000eab00000, 0x00000000eac00000, 0x00000000eac00000|100%| E|CS|TAMS 0x00000000eab00000, 0x00000000eab00000| Complete 
| 172|0x00000000eac00000, 0x00000000ead00000, 0x00000000ead00000|100%| E|CS|TAMS 0x00000000eac00000, 0x00000000eac00000| Complete 
| 173|0x00000000ead00000, 0x00000000eae00000, 0x00000000eae00000|100%| E|CS|TAMS 0x00000000ead00000, 0x00000000ead00000| Complete 
| 174|0x00000000eae00000, 0x00000000eaf00000, 0x00000000eaf00000|100%| E|CS|TAMS 0x00000000eae00000, 0x00000000eae00000| Complete 
| 175|0x00000000eaf00000, 0x00000000eb000000, 0x00000000eb000000|100%| E|CS|TAMS 0x00000000eaf00000, 0x00000000eaf00000| Complete 
| 176|0x00000000eb000000, 0x00000000eb100000, 0x00000000eb100000|100%| E|CS|TAMS 0x00000000eb000000, 0x00000000eb000000| Complete 
| 177|0x00000000eb100000, 0x00000000eb200000, 0x00000000eb200000|100%| E|CS|TAMS 0x00000000eb100000, 0x00000000eb100000| Complete 
| 178|0x00000000eb200000, 0x00000000eb300000, 0x00000000eb300000|100%| E|CS|TAMS 0x00000000eb200000, 0x00000000eb200000| Complete 
| 179|0x00000000eb300000, 0x00000000eb400000, 0x00000000eb400000|100%| E|CS|TAMS 0x00000000eb300000, 0x00000000eb300000| Complete 
| 180|0x00000000eb400000, 0x00000000eb500000, 0x00000000eb500000|100%| E|CS|TAMS 0x00000000eb400000, 0x00000000eb400000| Complete 
| 181|0x00000000eb500000, 0x00000000eb600000, 0x00000000eb600000|100%| E|CS|TAMS 0x00000000eb500000, 0x00000000eb500000| Complete 
| 182|0x00000000eb600000, 0x00000000eb700000, 0x00000000eb700000|100%| E|CS|TAMS 0x00000000eb600000, 0x00000000eb600000| Complete 
| 183|0x00000000eb700000, 0x00000000eb800000, 0x00000000eb800000|100%| E|CS|TAMS 0x00000000eb700000, 0x00000000eb700000| Complete 
| 184|0x00000000eb800000, 0x00000000eb900000, 0x00000000eb900000|100%| E|CS|TAMS 0x00000000eb800000, 0x00000000eb800000| Complete 
| 185|0x00000000eb900000, 0x00000000eba00000, 0x00000000eba00000|100%| E|CS|TAMS 0x00000000eb900000, 0x00000000eb900000| Complete 
| 186|0x00000000eba00000, 0x00000000ebb00000, 0x00000000ebb00000|100%| E|CS|TAMS 0x00000000eba00000, 0x00000000eba00000| Complete 
| 187|0x00000000ebb00000, 0x00000000ebc00000, 0x00000000ebc00000|100%| E|CS|TAMS 0x00000000ebb00000, 0x00000000ebb00000| Complete 
| 188|0x00000000ebc00000, 0x00000000ebd00000, 0x00000000ebd00000|100%| E|CS|TAMS 0x00000000ebc00000, 0x00000000ebc00000| Complete 
| 189|0x00000000ebd00000, 0x00000000ebe00000, 0x00000000ebe00000|100%| E|CS|TAMS 0x00000000ebd00000, 0x00000000ebd00000| Complete 
| 190|0x00000000ebe00000, 0x00000000ebf00000, 0x00000000ebf00000|100%| E|CS|TAMS 0x00000000ebe00000, 0x00000000ebe00000| Complete 
| 191|0x00000000ebf00000, 0x00000000ec000000, 0x00000000ec000000|100%| E|CS|TAMS 0x00000000ebf00000, 0x00000000ebf00000| Complete 
| 192|0x00000000ec000000, 0x00000000ec100000, 0x00000000ec100000|100%| E|CS|TAMS 0x00000000ec000000, 0x00000000ec000000| Complete 
| 193|0x00000000ec100000, 0x00000000ec200000, 0x00000000ec200000|100%| E|CS|TAMS 0x00000000ec100000, 0x00000000ec100000| Complete 
| 194|0x00000000ec200000, 0x00000000ec300000, 0x00000000ec300000|100%| E|CS|TAMS 0x00000000ec200000, 0x00000000ec200000| Complete 
| 195|0x00000000ec300000, 0x00000000ec400000, 0x00000000ec400000|100%| E|CS|TAMS 0x00000000ec300000, 0x00000000ec300000| Complete 
| 196|0x00000000ec400000, 0x00000000ec500000, 0x00000000ec500000|100%| E|CS|TAMS 0x00000000ec400000, 0x00000000ec400000| Complete 
| 197|0x00000000ec500000, 0x00000000ec600000, 0x00000000ec600000|100%| E|CS|TAMS 0x00000000ec500000, 0x00000000ec500000| Complete 
| 198|0x00000000ec600000, 0x00000000ec700000, 0x00000000ec700000|100%| E|CS|TAMS 0x00000000ec600000, 0x00000000ec600000| Complete 
| 199|0x00000000ec700000, 0x00000000ec800000, 0x00000000ec800000|100%| E|CS|TAMS 0x00000000ec700000, 0x00000000ec700000| Complete 
| 200|0x00000000ec800000, 0x00000000ec900000, 0x00000000ec900000|100%| E|CS|TAMS 0x00000000ec800000, 0x00000000ec800000| Complete 
| 201|0x00000000ec900000, 0x00000000eca00000, 0x00000000eca00000|100%| E|CS|TAMS 0x00000000ec900000, 0x00000000ec900000| Complete 
| 202|0x00000000eca00000, 0x00000000ecb00000, 0x00000000ecb00000|100%| E|CS|TAMS 0x00000000eca00000, 0x00000000eca00000| Complete 
| 203|0x00000000ecb00000, 0x00000000ecc00000, 0x00000000ecc00000|100%| E|CS|TAMS 0x00000000ecb00000, 0x00000000ecb00000| Complete 
| 204|0x00000000ecc00000, 0x00000000ecd00000, 0x00000000ecd00000|100%| E|CS|TAMS 0x00000000ecc00000, 0x00000000ecc00000| Complete 
| 205|0x00000000ecd00000, 0x00000000ece00000, 0x00000000ece00000|100%| E|CS|TAMS 0x00000000ecd00000, 0x00000000ecd00000| Complete 
| 206|0x00000000ece00000, 0x00000000ecf00000, 0x00000000ecf00000|100%| E|CS|TAMS 0x00000000ece00000, 0x00000000ece00000| Complete 
| 207|0x00000000ecf00000, 0x00000000ed000000, 0x00000000ed000000|100%| E|CS|TAMS 0x00000000ecf00000, 0x00000000ecf00000| Complete 
| 208|0x00000000ed000000, 0x00000000ed100000, 0x00000000ed100000|100%| E|CS|TAMS 0x00000000ed000000, 0x00000000ed000000| Complete 
| 209|0x00000000ed100000, 0x00000000ed200000, 0x00000000ed200000|100%| E|CS|TAMS 0x00000000ed100000, 0x00000000ed100000| Complete 
| 210|0x00000000ed200000, 0x00000000ed300000, 0x00000000ed300000|100%| E|CS|TAMS 0x00000000ed200000, 0x00000000ed200000| Complete 
| 211|0x00000000ed300000, 0x00000000ed400000, 0x00000000ed400000|100%| E|CS|TAMS 0x00000000ed300000, 0x00000000ed300000| Complete 
| 212|0x00000000ed400000, 0x00000000ed500000, 0x00000000ed500000|100%| E|CS|TAMS 0x00000000ed400000, 0x00000000ed400000| Complete 
| 213|0x00000000ed500000, 0x00000000ed600000, 0x00000000ed600000|100%| E|CS|TAMS 0x00000000ed500000, 0x00000000ed500000| Complete 
| 214|0x00000000ed600000, 0x00000000ed700000, 0x00000000ed700000|100%| E|CS|TAMS 0x00000000ed600000, 0x00000000ed600000| Complete 
| 215|0x00000000ed700000, 0x00000000ed800000, 0x00000000ed800000|100%| E|CS|TAMS 0x00000000ed700000, 0x00000000ed700000| Complete 
| 216|0x00000000ed800000, 0x00000000ed900000, 0x00000000ed900000|100%| E|CS|TAMS 0x00000000ed800000, 0x00000000ed800000| Complete 
| 217|0x00000000ed900000, 0x00000000eda00000, 0x00000000eda00000|100%| E|CS|TAMS 0x00000000ed900000, 0x00000000ed900000| Complete 
| 218|0x00000000eda00000, 0x00000000edb00000, 0x00000000edb00000|100%| E|CS|TAMS 0x00000000eda00000, 0x00000000eda00000| Complete 
| 219|0x00000000edb00000, 0x00000000edc00000, 0x00000000edc00000|100%| E|CS|TAMS 0x00000000edb00000, 0x00000000edb00000| Complete 
| 220|0x00000000edc00000, 0x00000000edd00000, 0x00000000edd00000|100%| E|CS|TAMS 0x00000000edc00000, 0x00000000edc00000| Complete 
| 221|0x00000000edd00000, 0x00000000ede00000, 0x00000000ede00000|100%| E|CS|TAMS 0x00000000edd00000, 0x00000000edd00000| Complete 
| 222|0x00000000ede00000, 0x00000000edf00000, 0x00000000edf00000|100%| E|CS|TAMS 0x00000000ede00000, 0x00000000ede00000| Complete 
| 223|0x00000000edf00000, 0x00000000ee000000, 0x00000000ee000000|100%| E|CS|TAMS 0x00000000edf00000, 0x00000000edf00000| Complete 
| 224|0x00000000ee000000, 0x00000000ee100000, 0x00000000ee100000|100%| E|CS|TAMS 0x00000000ee000000, 0x00000000ee000000| Complete 
| 225|0x00000000ee100000, 0x00000000ee200000, 0x00000000ee200000|100%| E|CS|TAMS 0x00000000ee100000, 0x00000000ee100000| Complete 
| 226|0x00000000ee200000, 0x00000000ee300000, 0x00000000ee300000|100%| E|CS|TAMS 0x00000000ee200000, 0x00000000ee200000| Complete 
| 227|0x00000000ee300000, 0x00000000ee400000, 0x00000000ee400000|100%| E|CS|TAMS 0x00000000ee300000, 0x00000000ee300000| Complete 
| 228|0x00000000ee400000, 0x00000000ee500000, 0x00000000ee500000|100%| E|CS|TAMS 0x00000000ee400000, 0x00000000ee400000| Complete 
| 229|0x00000000ee500000, 0x00000000ee600000, 0x00000000ee600000|100%| E|CS|TAMS 0x00000000ee500000, 0x00000000ee500000| Complete 
| 230|0x00000000ee600000, 0x00000000ee700000, 0x00000000ee700000|100%| E|CS|TAMS 0x00000000ee600000, 0x00000000ee600000| Complete 
| 231|0x00000000ee700000, 0x00000000ee800000, 0x00000000ee800000|100%| E|CS|TAMS 0x00000000ee700000, 0x00000000ee700000| Complete 
| 232|0x00000000ee800000, 0x00000000ee900000, 0x00000000ee900000|100%| E|CS|TAMS 0x00000000ee800000, 0x00000000ee800000| Complete 
| 233|0x00000000ee900000, 0x00000000eea00000, 0x00000000eea00000|100%| E|CS|TAMS 0x00000000ee900000, 0x00000000ee900000| Complete 
| 234|0x00000000eea00000, 0x00000000eeb00000, 0x00000000eeb00000|100%| E|CS|TAMS 0x00000000eea00000, 0x00000000eea00000| Complete 
| 235|0x00000000eeb00000, 0x00000000eec00000, 0x00000000eec00000|100%| E|CS|TAMS 0x00000000eeb00000, 0x00000000eeb00000| Complete 
| 236|0x00000000eec00000, 0x00000000eed00000, 0x00000000eed00000|100%| E|CS|TAMS 0x00000000eec00000, 0x00000000eec00000| Complete 
| 237|0x00000000eed00000, 0x00000000eee00000, 0x00000000eee00000|100%| E|CS|TAMS 0x00000000eed00000, 0x00000000eed00000| Complete 
| 238|0x00000000eee00000, 0x00000000eef00000, 0x00000000eef00000|100%| E|CS|TAMS 0x00000000eee00000, 0x00000000eee00000| Complete 
| 239|0x00000000eef00000, 0x00000000ef000000, 0x00000000ef000000|100%| E|CS|TAMS 0x00000000eef00000, 0x00000000eef00000| Complete 
| 240|0x00000000ef000000, 0x00000000ef100000, 0x00000000ef100000|100%| E|CS|TAMS 0x00000000ef000000, 0x00000000ef000000| Complete 
| 241|0x00000000ef100000, 0x00000000ef200000, 0x00000000ef200000|100%| E|CS|TAMS 0x00000000ef100000, 0x00000000ef100000| Complete 
| 242|0x00000000ef200000, 0x00000000ef300000, 0x00000000ef300000|100%| E|CS|TAMS 0x00000000ef200000, 0x00000000ef200000| Complete 
| 243|0x00000000ef300000, 0x00000000ef400000, 0x00000000ef400000|100%| E|CS|TAMS 0x00000000ef300000, 0x00000000ef300000| Complete 
| 244|0x00000000ef400000, 0x00000000ef500000, 0x00000000ef500000|100%| E|CS|TAMS 0x00000000ef400000, 0x00000000ef400000| Complete 
| 245|0x00000000ef500000, 0x00000000ef600000, 0x00000000ef600000|100%| E|CS|TAMS 0x00000000ef500000, 0x00000000ef500000| Complete 
| 246|0x00000000ef600000, 0x00000000ef700000, 0x00000000ef700000|100%| E|CS|TAMS 0x00000000ef600000, 0x00000000ef600000| Complete 
| 247|0x00000000ef700000, 0x00000000ef800000, 0x00000000ef800000|100%| E|CS|TAMS 0x00000000ef700000, 0x00000000ef700000| Complete 
| 248|0x00000000ef800000, 0x00000000ef900000, 0x00000000ef900000|100%| E|CS|TAMS 0x00000000ef800000, 0x00000000ef800000| Complete 
| 249|0x00000000ef900000, 0x00000000efa00000, 0x00000000efa00000|100%| E|CS|TAMS 0x00000000ef900000, 0x00000000ef900000| Complete 
| 250|0x00000000efa00000, 0x00000000efb00000, 0x00000000efb00000|100%| E|CS|TAMS 0x00000000efa00000, 0x00000000efa00000| Complete 
| 251|0x00000000efb00000, 0x00000000efc00000, 0x00000000efc00000|100%| E|  |TAMS 0x00000000efb00000, 0x00000000efb00000| Complete 
| 252|0x00000000efc00000, 0x00000000efd00000, 0x00000000efd00000|100%| E|CS|TAMS 0x00000000efc00000, 0x00000000efc00000| Complete 
| 253|0x00000000efd00000, 0x00000000efe00000, 0x00000000efe00000|100%| E|CS|TAMS 0x00000000efd00000, 0x00000000efd00000| Complete 
| 254|0x00000000efe00000, 0x00000000eff00000, 0x00000000eff00000|100%| E|CS|TAMS 0x00000000efe00000, 0x00000000efe00000| Complete 
| 255|0x00000000eff00000, 0x00000000f0000000, 0x00000000f0000000|100%| E|CS|TAMS 0x00000000eff00000, 0x00000000eff00000| Complete 

Card table byte_map: [0x000001a4acc50000,0x000001a4acd50000] _byte_map_base: 0x000001a4ac550000

Marking Bits (Prev, Next): (CMBitMap*) 0x000001a4944d4b00, (CMBitMap*) 0x000001a4944d4b40
 Prev Bits: [0x000001a4ace50000, 0x000001a4ad650000)
 Next Bits: [0x000001a4ad650000, 0x000001a4ade50000)

Polling page: 0x000001a494280000

Metaspace:

Usage:
  Non-class:     32.41 MB used.
      Class:      5.28 MB used.
       Both:     37.69 MB used.

Virtual space:
  Non-class space:       64.00 MB reserved,      32.62 MB ( 51%) committed,  1 nodes.
      Class space:      320.00 MB reserved,       5.44 MB (  2%) committed,  1 nodes.
             Both:      384.00 MB reserved,      38.06 MB ( 10%) committed. 

Chunk freelists:
   Non-Class:  15.30 MB
       Class:  10.41 MB
        Both:  25.70 MB

MaxMetaspaceSize: 384.00 MB
CompressedClassSpaceSize: 320.00 MB
Initial GC threshold: 21.00 MB
Current GC threshold: 59.69 MB
CDS: on
MetaspaceReclaimPolicy: balanced
 - commit_granule_bytes: 65536.
 - commit_granule_words: 8192.
 - virtual_space_node_default_size: 8388608.
 - enlarge_chunks_in_place: 1.
 - new_chunks_are_fully_committed: 0.
 - uncommit_free_chunks: 1.
 - use_allocation_guard: 0.
 - handle_deallocations: 1.


Internal statistics:

num_allocs_failed_limit: 9.
num_arena_births: 354.
num_arena_deaths: 0.
num_vsnodes_births: 2.
num_vsnodes_deaths: 0.
num_space_committed: 609.
num_space_uncommitted: 0.
num_chunks_returned_to_freelist: 9.
num_chunks_taken_from_freelist: 1721.
num_chunk_merges: 9.
num_chunk_splits: 1191.
num_chunks_enlarged: 888.
num_purges: 0.
num_inconsistent_stats: 0.

CodeHeap 'non-profiled nmethods': size=120000Kb used=2613Kb max_used=2613Kb free=117386Kb
 bounds [0x000001a4a5000000, 0x000001a4a5290000, 0x000001a4ac530000]
CodeHeap 'profiled nmethods': size=120000Kb used=9717Kb max_used=9717Kb free=110282Kb
 bounds [0x000001a49d530000, 0x000001a49deb0000, 0x000001a4a4a60000]
CodeHeap 'non-nmethods': size=5760Kb used=2307Kb max_used=2377Kb free=3452Kb
 bounds [0x000001a4a4a60000, 0x000001a4a4cd0000, 0x000001a4a5000000]
 total_blobs=5496 nmethods=4681 adapters=727
 compilation: enabled
              stopped_count=0, restarted_count=0
 full_count=0

Compilation events (20 events):
Event: 9.165 Thread 0x000001a4b042a710 4716       2       org.codehaus.groovy.ast.VariableScope::getReferencedLocalVariable (14 bytes)
Event: 9.165 Thread 0x000001a4b042a710 nmethod 4716 0x000001a49dea3590 code [0x000001a49dea3740, 0x000001a49dea38c8]
Event: 9.165 Thread 0x000001a4b042a710 4715       1       org.codehaus.groovy.ast.stmt.ExpressionStatement::getExpression (5 bytes)
Event: 9.165 Thread 0x000001a4b042a710 nmethod 4715 0x000001a4a528c890 code [0x000001a4a528ca20, 0x000001a4a528caf8]
Event: 9.166 Thread 0x000001a4b042a710 4717       2       java.lang.ClassLoader::getResource (41 bytes)
Event: 9.167 Thread 0x000001a4b042a710 nmethod 4717 0x000001a49dea3990 code [0x000001a49dea3b60, 0x000001a49dea3dd8]
Event: 9.177 Thread 0x000001a4b042a710 4718       2       org.gradle.groovy.scripts.internal.GradleResolveVisitor::visitAnnotations (270 bytes)
Event: 9.179 Thread 0x000001a4b042a710 nmethod 4718 0x000001a49dea3f10 code [0x000001a49dea4280, 0x000001a49dea4d08]
Event: 9.179 Thread 0x000001a4b042a710 4719       2       org.codehaus.groovy.ast.ClassNode::getModifiers (8 bytes)
Event: 9.179 Thread 0x000001a4b042a710 nmethod 4719 0x000001a49dea5410 code [0x000001a49dea55c0, 0x000001a49dea5728]
Event: 9.180 Thread 0x000001a4b042a710 4720       3       org.codehaus.groovy.ast.ClassNode::getName (8 bytes)
Event: 9.181 Thread 0x000001a4b042a710 nmethod 4720 0x000001a49dea5890 code [0x000001a49dea5a40, 0x000001a49dea5e88]
Event: 9.181 Thread 0x000001a4b042a710 4721       2       org.codehaus.groovy.control.ResolveVisitor::resolve (9 bytes)
Event: 9.181 Thread 0x000001a4b042a710 nmethod 4721 0x000001a49dea6010 code [0x000001a49dea61a0, 0x000001a49dea62e8]
Event: 9.182 Thread 0x000001a4b042a710 4722       2       java.lang.String::contains (19 bytes)
Event: 9.182 Thread 0x000001a4b042a710 nmethod 4722 0x000001a49dea6390 code [0x000001a49dea6540, 0x000001a49dea66b8]
Event: 9.182 Thread 0x000001a4b042a710 4723       2       org.gradle.groovy.scripts.internal.GradleResolveVisitor::resolveOrFail (55 bytes)
Event: 9.182 Thread 0x000001a4b042a710 nmethod 4723 0x000001a49dea6790 code [0x000001a49dea69c0, 0x000001a49dea6d88]
Event: 9.183 Thread 0x000001a4b042a710 4724       3       jdk.internal.loader.BuiltinClassLoader::hasClassPath (13 bytes)
Event: 9.184 Thread 0x000001a4b042a710 nmethod 4724 0x000001a49dea7010 code [0x000001a49dea71a0, 0x000001a49dea7318]

GC Heap History (12 events):
Event: 0.607 GC heap before
{Heap before GC invocations=0 (full 0):
 garbage-first heap   total 262144K, used 13312K [0x00000000e0000000, 0x0000000100000000)
  region size 1024K, 13 young (13312K), 0 survivors (0K)
 Metaspace       used 977K, committed 1152K, reserved 393216K
  class space    used 74K, committed 128K, reserved 327680K
}
Event: 0.611 GC heap after
{Heap after GC invocations=1 (full 0):
 garbage-first heap   total 262144K, used 2854K [0x00000000e0000000, 0x0000000100000000)
  region size 1024K, 2 young (2048K), 2 survivors (2048K)
 Metaspace       used 977K, committed 1152K, reserved 393216K
  class space    used 74K, committed 128K, reserved 327680K
}
Event: 1.345 GC heap before
{Heap before GC invocations=1 (full 0):
 garbage-first heap   total 262144K, used 22310K [0x00000000e0000000, 0x0000000100000000)
  region size 1024K, 18 young (18432K), 2 survivors (2048K)
 Metaspace       used 3600K, committed 3712K, reserved 393216K
  class space    used 448K, committed 512K, reserved 327680K
}
Event: 1.350 GC heap after
{Heap after GC invocations=2 (full 0):
 garbage-first heap   total 262144K, used 10845K [0x00000000e0000000, 0x0000000100000000)
  region size 1024K, 3 young (3072K), 3 survivors (3072K)
 Metaspace       used 3600K, committed 3712K, reserved 393216K
  class space    used 448K, committed 512K, reserved 327680K
}
Event: 1.901 GC heap before
{Heap before GC invocations=2 (full 0):
 garbage-first heap   total 262144K, used 32349K [0x00000000e0000000, 0x0000000100000000)
  region size 1024K, 25 young (25600K), 3 survivors (3072K)
 Metaspace       used 4032K, committed 4224K, reserved 393216K
  class space    used 489K, committed 576K, reserved 327680K
}
Event: 1.904 GC heap after
{Heap after GC invocations=3 (full 0):
 garbage-first heap   total 262144K, used 11447K [0x00000000e0000000, 0x0000000100000000)
  region size 1024K, 1 young (1024K), 1 survivors (1024K)
 Metaspace       used 4032K, committed 4224K, reserved 393216K
  class space    used 489K, committed 576K, reserved 327680K
}
Event: 4.954 GC heap before
{Heap before GC invocations=3 (full 0):
 garbage-first heap   total 262144K, used 123063K [0x00000000e0000000, 0x0000000100000000)
  region size 1024K, 110 young (112640K), 1 survivors (1024K)
 Metaspace       used 19925K, committed 20160K, reserved 393216K
  class space    used 2910K, committed 3008K, reserved 327680K
}
Event: 4.968 GC heap after
{Heap after GC invocations=4 (full 0):
 garbage-first heap   total 262144K, used 22298K [0x00000000e0000000, 0x0000000100000000)
  region size 1024K, 12 young (12288K), 12 survivors (12288K)
 Metaspace       used 19925K, committed 20160K, reserved 393216K
  class space    used 2910K, committed 3008K, reserved 327680K
}
Event: 5.143 GC heap before
{Heap before GC invocations=4 (full 0):
 garbage-first heap   total 262144K, used 30490K [0x00000000e0000000, 0x0000000100000000)
  region size 1024K, 21 young (21504K), 12 survivors (12288K)
 Metaspace       used 21213K, committed 21504K, reserved 393216K
  class space    used 3110K, committed 3264K, reserved 327680K
}
Event: 5.155 GC heap after
{Heap after GC invocations=5 (full 0):
 garbage-first heap   total 262144K, used 24052K [0x00000000e0000000, 0x0000000100000000)
  region size 1024K, 2 young (2048K), 2 survivors (2048K)
 Metaspace       used 21213K, committed 21504K, reserved 393216K
  class space    used 3110K, committed 3264K, reserved 327680K
}
Event: 7.633 GC heap before
{Heap before GC invocations=6 (full 0):
 garbage-first heap   total 262144K, used 136692K [0x00000000e0000000, 0x0000000100000000)
  region size 1024K, 109 young (111616K), 2 survivors (2048K)
 Metaspace       used 35815K, committed 36160K, reserved 393216K
  class space    used 5049K, committed 5248K, reserved 327680K
}
Event: 7.649 GC heap after
{Heap after GC invocations=7 (full 0):
 garbage-first heap   total 262144K, used 31068K [0x00000000e0000000, 0x0000000100000000)
  region size 1024K, 9 young (9216K), 9 survivors (9216K)
 Metaspace       used 35815K, committed 36160K, reserved 393216K
  class space    used 5049K, committed 5248K, reserved 327680K
}

Deoptimization events (20 events):
Event: 9.078 Thread 0x000001a4ca897740 DEOPT PACKING pc=0x000001a4a518f57c sp=0x0000006c4bdf7910
Event: 9.078 Thread 0x000001a4ca897740 DEOPT UNPACKING pc=0x000001a4a4ab23a3 sp=0x0000006c4bdf78b0 mode 2
Event: 9.097 Thread 0x000001a4ca897740 Uncommon trap: trap_request=0xffffff45 fr.pc=0x000001a4a50d4248 relative=0x0000000000000208
Event: 9.097 Thread 0x000001a4ca897740 Uncommon trap: reason=unstable_if action=reinterpret pc=0x000001a4a50d4248 method=java.util.HashMap.hash(Ljava/lang/Object;)I @ 1 c2
Event: 9.097 Thread 0x000001a4ca897740 DEOPT PACKING pc=0x000001a4a50d4248 sp=0x0000006c4bdf7f20
Event: 9.097 Thread 0x000001a4ca897740 DEOPT UNPACKING pc=0x000001a4a4ab23a3 sp=0x0000006c4bdf7df0 mode 2
Event: 9.103 Thread 0x000001a4ca897740 Uncommon trap: trap_request=0xffffff45 fr.pc=0x000001a4a512b5bc relative=0x0000000000006b5c
Event: 9.103 Thread 0x000001a4ca897740 Uncommon trap: reason=unstable_if action=reinterpret pc=0x000001a4a512b5bc method=jdk.internal.org.objectweb.asm.SymbolTable.addType(Ljava/lang/String;)I @ 33 c2
Event: 9.103 Thread 0x000001a4ca897740 DEOPT PACKING pc=0x000001a4a512b5bc sp=0x0000006c4bdf7260
Event: 9.103 Thread 0x000001a4ca897740 DEOPT UNPACKING pc=0x000001a4a4ab23a3 sp=0x0000006c4bdf7188 mode 2
Event: 9.114 Thread 0x000001a4ca897740 Uncommon trap: trap_request=0xffffffc6 fr.pc=0x000001a4a518f57c relative=0x00000000000046dc
Event: 9.114 Thread 0x000001a4ca897740 Uncommon trap: reason=bimorphic_or_optimized_type_check action=maybe_recompile pc=0x000001a4a518f57c method=java.net.URL.<init>(Ljava/net/URL;Ljava/lang/String;Ljava/net/URLStreamHandler;)V @ 504 c2
Event: 9.114 Thread 0x000001a4ca897740 DEOPT PACKING pc=0x000001a4a518f57c sp=0x0000006c4bdf6c10
Event: 9.114 Thread 0x000001a4ca897740 DEOPT UNPACKING pc=0x000001a4a4ab23a3 sp=0x0000006c4bdf6bb0 mode 2
Event: 9.116 Thread 0x000001a4ca897740 Uncommon trap: trap_request=0xffffffc6 fr.pc=0x000001a4a518f57c relative=0x00000000000046dc
Event: 9.116 Thread 0x000001a4ca897740 Uncommon trap: reason=bimorphic_or_optimized_type_check action=maybe_recompile pc=0x000001a4a518f57c method=java.net.URL.<init>(Ljava/net/URL;Ljava/lang/String;Ljava/net/URLStreamHandler;)V @ 504 c2
Event: 9.116 Thread 0x000001a4ca897740 DEOPT PACKING pc=0x000001a4a518f57c sp=0x0000006c4bdf53d0
Event: 9.116 Thread 0x000001a4ca897740 DEOPT UNPACKING pc=0x000001a4a4ab23a3 sp=0x0000006c4bdf5370 mode 2
Event: 9.145 Thread 0x000001a4ca897740 DEOPT PACKING pc=0x000001a49de779c3 sp=0x0000006c4bdf6600
Event: 9.145 Thread 0x000001a4ca897740 DEOPT UNPACKING pc=0x000001a4a4ab2b43 sp=0x0000006c4bdf5a70 mode 0

Classes unloaded (0 events):
No events

Classes redefined (0 events):
No events

Internal exceptions (20 events):
Event: 7.337 Thread 0x000001a4ca1af650 Exception <a 'sun/nio/fs/WindowsException'{0x00000000e9d23b40}> (0x00000000e9d23b40) 
thrown [s\open\src\hotspot\share\prims\jni.cpp, line 516]
Event: 7.338 Thread 0x000001a4ca1af650 Exception <a 'sun/nio/fs/WindowsException'{0x00000000e9d24170}> (0x00000000e9d24170) 
thrown [s\open\src\hotspot\share\prims\jni.cpp, line 516]
Event: 7.360 Thread 0x000001a4ca1af650 Exception <a 'sun/nio/fs/WindowsException'{0x00000000e9dd10c0}> (0x00000000e9dd10c0) 
thrown [s\open\src\hotspot\share\prims\jni.cpp, line 516]
Event: 7.361 Thread 0x000001a4ca1af650 Exception <a 'sun/nio/fs/WindowsException'{0x00000000e9dd12e8}> (0x00000000e9dd12e8) 
thrown [s\open\src\hotspot\share\prims\jni.cpp, line 516]
Event: 7.416 Thread 0x000001a4ca897740 Exception <a 'java/lang/IncompatibleClassChangeError'{0x00000000e9c6bfb0}: Found class java.lang.Object, but interface was expected> (0x00000000e9c6bfb0) 
thrown [s\open\src\hotspot\share\interpreter\linkResolver.cpp, line 826]
Event: 7.430 Thread 0x000001a4ca897740 Exception <a 'java/lang/NoSuchMethodError'{0x00000000e9cd6de8}: 'void java.lang.invoke.DirectMethodHandle$Holder.invokeStatic(java.lang.Object, java.lang.Object, java.lang.Object, java.lang.Object, java.lang.Object, java.lang.Object)'> (0x00000000e9cd6de8) 
thrown [s\open\src\hotspot\share\interpreter\linkResolver.cpp, line 759]
Event: 7.527 Thread 0x000001a4ca897740 Exception <a 'java/lang/NoSuchMethodError'{0x00000000e998a1a0}: 'void java.lang.invoke.DirectMethodHandle$Holder.invokeVirtual(java.lang.Object, java.lang.Object)'> (0x00000000e998a1a0) 
thrown [s\open\src\hotspot\share\interpreter\linkResolver.cpp, line 759]
Event: 8.893 Thread 0x000001a4ca897740 Implicit null exception at 0x000001a4a51939ec to 0x000001a4a5193a9c
Event: 8.956 Thread 0x000001a4ca897740 Exception <a 'java/lang/ClassNotFoundException'{0x00000000e990e820}: org/apache/groovy/parser/antlr4/util/StringUtils$4BeanInfo> (0x00000000e990e820) 
thrown [s\open\src\hotspot\share\classfile\systemDictionary.cpp, line 256]
Event: 8.959 Thread 0x000001a4ca897740 Exception <a 'java/lang/ClassNotFoundException'{0x00000000e983aed0}: org/apache/groovy/parser/antlr4/util/StringUtils$4Customizer> (0x00000000e983aed0) 
thrown [s\open\src\hotspot\share\classfile\systemDictionary.cpp, line 256]
Event: 8.965 Thread 0x000001a4ca897740 Exception <a 'java/lang/ClassNotFoundException'{0x00000000e978c258}: org/apache/groovy/parser/antlr4/util/StringUtils$2BeanInfo> (0x00000000e978c258) 
thrown [s\open\src\hotspot\share\classfile\systemDictionary.cpp, line 256]
Event: 8.967 Thread 0x000001a4ca897740 Exception <a 'java/lang/ClassNotFoundException'{0x00000000e96b8960}: org/apache/groovy/parser/antlr4/util/StringUtils$2Customizer> (0x00000000e96b8960) 
thrown [s\open\src\hotspot\share\classfile\systemDictionary.cpp, line 256]
Event: 8.975 Thread 0x000001a4ca897740 Exception <a 'java/lang/ClassNotFoundException'{0x00000000e9409b58}: org/apache/groovy/parser/antlr4/util/StringUtils$1BeanInfo> (0x00000000e9409b58) 
thrown [s\open\src\hotspot\share\classfile\systemDictionary.cpp, line 256]
Event: 8.980 Thread 0x000001a4ca897740 Exception <a 'java/lang/ClassNotFoundException'{0x00000000e9336278}: org/apache/groovy/parser/antlr4/util/StringUtils$1Customizer> (0x00000000e9336278) 
thrown [s\open\src\hotspot\share\classfile\systemDictionary.cpp, line 256]
Event: 8.988 Thread 0x000001a4ca897740 Exception <a 'java/lang/ClassNotFoundException'{0x00000000e8987200}: org/apache/groovy/parser/antlr4/util/StringUtils$3BeanInfo> (0x00000000e8987200) 
thrown [s\open\src\hotspot\share\classfile\systemDictionary.cpp, line 256]
Event: 8.992 Thread 0x000001a4ca897740 Exception <a 'java/lang/ClassNotFoundException'{0x00000000e88b3970}: org/apache/groovy/parser/antlr4/util/StringUtils$3Customizer> (0x00000000e88b3970) 
thrown [s\open\src\hotspot\share\classfile\systemDictionary.cpp, line 256]
Event: 9.019 Thread 0x000001a4ca897740 Exception <a 'java/lang/NoSuchMethodError'{0x00000000e8796860}: 'java.lang.Object java.lang.invoke.DirectMethodHandle$Holder.newInvokeSpecial(java.lang.Object, java.lang.Object, java.lang.Object, int, java.lang.Object)'> (0x00000000e8796860) 
thrown [s\open\src\hotspot\share\interpreter\linkResolver.cpp, line 759]
Event: 9.020 Thread 0x000001a4ca897740 Exception <a 'java/lang/NoSuchMethodError'{0x00000000e879ff68}: 'java.lang.Object java.lang.invoke.Invokers$Holder.linkToTargetMethod(java.lang.Object, java.lang.Object, int, java.lang.Object, java.lang.Object)'> (0x00000000e879ff68) 
thrown [s\open\src\hotspot\share\interpreter\linkResolver.cpp, line 759]
Event: 9.042 Thread 0x000001a4ca897740 Exception <a 'java/lang/NoSuchMethodError'{0x00000000e8658c90}: 'void java.lang.invoke.DirectMethodHandle$Holder.invokeSpecialIFC(java.lang.Object, java.lang.Object, java.lang.Object)'> (0x00000000e8658c90) 
thrown [s\open\src\hotspot\share\interpreter\linkResolver.cpp, line 759]
Event: 9.097 Thread 0x000001a4ca897740 Implicit null exception at 0x000001a4a50d40a0 to 0x000001a4a50d4230

VM Operations (20 events):
Event: 7.712 Executing VM operation: HandshakeAllThreads
Event: 7.713 Executing VM operation: HandshakeAllThreads done
Event: 7.719 Executing VM operation: G1Concurrent
Event: 7.719 Executing VM operation: G1Concurrent done
Event: 7.838 Executing VM operation: HandshakeAllThreads
Event: 7.838 Executing VM operation: HandshakeAllThreads done
Event: 7.849 Executing VM operation: HandshakeAllThreads
Event: 7.849 Executing VM operation: HandshakeAllThreads done
Event: 7.939 Executing VM operation: ICBufferFull
Event: 7.939 Executing VM operation: ICBufferFull done
Event: 7.946 Executing VM operation: HandshakeAllThreads
Event: 7.946 Executing VM operation: HandshakeAllThreads done
Event: 8.111 Executing VM operation: HandshakeAllThreads
Event: 8.111 Executing VM operation: HandshakeAllThreads done
Event: 8.123 Executing VM operation: ICBufferFull
Event: 8.123 Executing VM operation: ICBufferFull done
Event: 9.096 Executing VM operation: ICBufferFull
Event: 9.096 Executing VM operation: ICBufferFull done
Event: 9.106 Executing VM operation: HandshakeAllThreads
Event: 9.106 Executing VM operation: HandshakeAllThreads done

Events (20 events):
Event: 8.876 loading class java/util/stream/ReduceOps$9
Event: 8.876 loading class java/util/stream/ReduceOps$9 done
Event: 8.877 loading class java/util/stream/ReduceOps$CountingSink$OfInt
Event: 8.877 loading class java/util/stream/ReduceOps$CountingSink
Event: 8.877 loading class java/util/stream/ReduceOps$CountingSink done
Event: 8.877 loading class java/util/stream/ReduceOps$CountingSink$OfInt done
Event: 8.929 loading class java/util/LinkedList$LLSpliterator
Event: 8.929 loading class java/util/LinkedList$LLSpliterator done
Event: 8.960 loading class java/util/regex/Pattern$1
Event: 8.960 loading class java/util/regex/Pattern$1 done
Event: 9.023 loading class jdk/internal/math/FDBigInteger
Event: 9.024 loading class jdk/internal/math/FDBigInteger done
Event: 9.113 loading class java/lang/StringWriter
Event: 9.113 loading class java/lang/StringWriter done
Event: 9.144 loading class java/lang/PrintWriter
Event: 9.144 loading class java/lang/PrintWriter done
Event: 9.152 loading class java/lang/Override
Event: 9.152 loading class java/lang/Override done
Event: 9.183 loading class java/lang/Base64
Event: 9.183 loading class java/lang/Base64 done


Dynamic libraries:
0x00007ff6dcb20000 - 0x00007ff6dcb30000 	C:\Program Files\Java\jdk-17\bin\java.exe
0x00007ff8d3170000 - 0x00007ff8d3368000 	C:\WINDOWS\SYSTEM32\ntdll.dll
0x00007ff8d2570000 - 0x00007ff8d262d000 	C:\WINDOWS\System32\KERNEL32.DLL
0x00007ff8d0920000 - 0x00007ff8d0c16000 	C:\WINDOWS\System32\KERNELBASE.dll
0x00007ff8d0c20000 - 0x00007ff8d0d20000 	C:\WINDOWS\System32\ucrtbase.dll
0x00007ff8b22e0000 - 0x00007ff8b22fb000 	C:\Program Files\Java\jdk-17\bin\VCRUNTIME140.dll
0x00007ff8b2030000 - 0x00007ff8b2049000 	C:\Program Files\Java\jdk-17\bin\jli.dll
0x00007ff8d1260000 - 0x00007ff8d1310000 	C:\WINDOWS\System32\ADVAPI32.dll
0x00007ff8d1d50000 - 0x00007ff8d1dee000 	C:\WINDOWS\System32\msvcrt.dll
0x00007ff8d1370000 - 0x00007ff8d1410000 	C:\WINDOWS\System32\sechost.dll
0x00007ff8d17a0000 - 0x00007ff8d18c3000 	C:\WINDOWS\System32\RPCRT4.dll
0x00007ff8d10d0000 - 0x00007ff8d10f7000 	C:\WINDOWS\System32\bcrypt.dll
0x00007ff8d2ad0000 - 0x00007ff8d2c6f000 	C:\WINDOWS\System32\USER32.dll
0x00007ff8d10a0000 - 0x00007ff8d10c2000 	C:\WINDOWS\System32\win32u.dll
0x00007ff8d2630000 - 0x00007ff8d265b000 	C:\WINDOWS\System32\GDI32.dll
0x00007ff8c7a80000 - 0x00007ff8c7d1a000 	C:\WINDOWS\WinSxS\amd64_microsoft.windows.common-controls_6595b64144ccf1df_6.0.19041.3636_none_60b6a03d71f818d5\COMCTL32.dll
0x00007ff8d0f80000 - 0x00007ff8d1097000 	C:\WINDOWS\System32\gdi32full.dll
0x00007ff8d1100000 - 0x00007ff8d119d000 	C:\WINDOWS\System32\msvcp_win.dll
0x00007ff8cc190000 - 0x00007ff8cc19a000 	C:\WINDOWS\SYSTEM32\VERSION.dll
0x00007ff8d18e0000 - 0x00007ff8d1912000 	C:\WINDOWS\System32\IMM32.DLL
0x00007ff8c0210000 - 0x00007ff8c021c000 	C:\Program Files\Java\jdk-17\bin\vcruntime140_1.dll
0x00007ff8a0410000 - 0x00007ff8a049e000 	C:\Program Files\Java\jdk-17\bin\msvcp140.dll
0x00007ff89c130000 - 0x00007ff89cd0e000 	C:\Program Files\Java\jdk-17\bin\server\jvm.dll
0x00007ff8d18d0000 - 0x00007ff8d18d8000 	C:\WINDOWS\System32\PSAPI.DLL
0x00007ff8c79e0000 - 0x00007ff8c7a07000 	C:\WINDOWS\SYSTEM32\WINMM.dll
0x00007ff8c64d0000 - 0x00007ff8c64d9000 	C:\WINDOWS\SYSTEM32\WSOCK32.dll
0x00007ff8d2c70000 - 0x00007ff8d2cdb000 	C:\WINDOWS\System32\WS2_32.dll
0x00007ff8cf110000 - 0x00007ff8cf122000 	C:\WINDOWS\SYSTEM32\kernel.appcore.dll
0x00007ff8bf550000 - 0x00007ff8bf55a000 	C:\Program Files\Java\jdk-17\bin\jimage.dll
0x00007ff8ced40000 - 0x00007ff8cef24000 	C:\WINDOWS\SYSTEM32\DBGHELP.DLL
0x00007ff8c8f90000 - 0x00007ff8c8fc4000 	C:\WINDOWS\SYSTEM32\dbgcore.DLL
0x00007ff8d0d90000 - 0x00007ff8d0e12000 	C:\WINDOWS\System32\bcryptPrimitives.dll
0x00007ff8cc300000 - 0x00007ff8cc30e000 	C:\Program Files\Java\jdk-17\bin\instrument.dll
0x00007ff8be860000 - 0x00007ff8be885000 	C:\Program Files\Java\jdk-17\bin\java.dll
0x00007ff89d980000 - 0x00007ff89da57000 	C:\Program Files\Java\jdk-17\bin\jsvml.dll
0x00007ff8d1e00000 - 0x00007ff8d256b000 	C:\WINDOWS\System32\SHELL32.dll
0x00007ff8ce4e0000 - 0x00007ff8cec7e000 	C:\WINDOWS\SYSTEM32\windows.storage.dll
0x00007ff8d1920000 - 0x00007ff8d1c73000 	C:\WINDOWS\System32\combase.dll
0x00007ff8d0180000 - 0x00007ff8d01ae000 	C:\WINDOWS\SYSTEM32\Wldp.dll
0x00007ff8d1c80000 - 0x00007ff8d1d4d000 	C:\WINDOWS\System32\OLEAUT32.dll
0x00007ff8d3080000 - 0x00007ff8d312d000 	C:\WINDOWS\System32\SHCORE.dll
0x00007ff8d11a0000 - 0x00007ff8d11f5000 	C:\WINDOWS\System32\shlwapi.dll
0x00007ff8d0750000 - 0x00007ff8d0773000 	C:\WINDOWS\SYSTEM32\profapi.dll
0x00007ff8c8060000 - 0x00007ff8c8078000 	C:\Program Files\Java\jdk-17\bin\zip.dll
0x00007ff8b9380000 - 0x00007ff8b9399000 	C:\Program Files\Java\jdk-17\bin\net.dll
0x00007ff8c9aa0000 - 0x00007ff8c9baa000 	C:\WINDOWS\SYSTEM32\WINHTTP.dll
0x00007ff8cfee0000 - 0x00007ff8cff4a000 	C:\WINDOWS\system32\mswsock.dll
0x00007ff8b9360000 - 0x00007ff8b9376000 	C:\Program Files\Java\jdk-17\bin\nio.dll
0x00007ff8bedd0000 - 0x00007ff8bede0000 	C:\Program Files\Java\jdk-17\bin\verify.dll
0x00007ff8b9160000 - 0x00007ff8b9187000 	C:\Users\Imran Shaikh\.gradle\native\c067742578af261105cb4f569cf0c3c89f3d7b1fecec35dd04571415982c5e48\windows-amd64\native-platform.dll
0x00007ff8aa880000 - 0x00007ff8aa9c4000 	C:\Users\Imran Shaikh\.gradle\native\38dada09dfb8b06ba9b0570ebf7e218e3eb74d4ef43ca46872605cf95ebc2f47\windows-amd64\native-platform-file-events.dll
0x00007ff8cc280000 - 0x00007ff8cc28a000 	C:\Program Files\Java\jdk-17\bin\management.dll
0x00007ff8c7ff0000 - 0x00007ff8c7ffb000 	C:\Program Files\Java\jdk-17\bin\management_ext.dll
0x00007ff8d00d0000 - 0x00007ff8d00e8000 	C:\WINDOWS\SYSTEM32\CRYPTSP.dll
0x00007ff8cf800000 - 0x00007ff8cf834000 	C:\WINDOWS\system32\rsaenh.dll
0x00007ff8d0710000 - 0x00007ff8d073e000 	C:\WINDOWS\SYSTEM32\USERENV.dll
0x00007ff8d00f0000 - 0x00007ff8d00fc000 	C:\WINDOWS\SYSTEM32\CRYPTBASE.dll
0x00007ff8cfbc0000 - 0x00007ff8cfbfb000 	C:\WINDOWS\SYSTEM32\IPHLPAPI.DLL
0x00007ff8d15c0000 - 0x00007ff8d15c8000 	C:\WINDOWS\System32\NSI.dll
0x00007ff8caa50000 - 0x00007ff8caa67000 	C:\WINDOWS\SYSTEM32\dhcpcsvc6.DLL
0x00007ff8cb410000 - 0x00007ff8cb42d000 	C:\WINDOWS\SYSTEM32\dhcpcsvc.DLL
0x00007ff8cfc50000 - 0x00007ff8cfd1b000 	C:\WINDOWS\SYSTEM32\DNSAPI.dll
0x00007ff8c7fe0000 - 0x00007ff8c7fee000 	C:\Program Files\Java\jdk-17\bin\sunmscapi.dll
0x00007ff8d0e20000 - 0x00007ff8d0f7e000 	C:\WINDOWS\System32\CRYPT32.dll
0x00007ff8d01f0000 - 0x00007ff8d0218000 	C:\WINDOWS\SYSTEM32\ncrypt.dll
0x00007ff8d01b0000 - 0x00007ff8d01eb000 	C:\WINDOWS\SYSTEM32\NTASN1.dll
0x00007ff8c0030000 - 0x00007ff8c0037000 	C:\WINDOWS\system32\wshunix.dll

dbghelp: loaded successfully - version: 4.0.5 - missing functions: none
symbol engine: initialized successfully - sym options: 0x614 - pdb path: .;C:\Program Files\Java\jdk-17\bin;C:\WINDOWS\SYSTEM32;C:\WINDOWS\WinSxS\amd64_microsoft.windows.common-controls_6595b64144ccf1df_6.0.19041.3636_none_60b6a03d71f818d5;C:\Program Files\Java\jdk-17\bin\server;C:\Users\Imran Shaikh\.gradle\native\c067742578af261105cb4f569cf0c3c89f3d7b1fecec35dd04571415982c5e48\windows-amd64;C:\Users\Imran Shaikh\.gradle\native\38dada09dfb8b06ba9b0570ebf7e218e3eb74d4ef43ca46872605cf95ebc2f47\windows-amd64

VM Arguments:
jvm_args: --add-opens=java.base/java.util=ALL-UNNAMED --add-opens=java.base/java.lang=ALL-UNNAMED --add-opens=java.base/java.lang.invoke=ALL-UNNAMED --add-opens=java.prefs/java.util.prefs=ALL-UNNAMED --add-opens=java.base/java.nio.charset=ALL-UNNAMED --add-opens=java.base/java.net=ALL-UNNAMED --add-opens=java.base/java.util.concurrent.atomic=ALL-UNNAMED -XX:MaxMetaspaceSize=384m -XX:+HeapDumpOnOutOfMemoryError -Xms256m -Xmx512m -Dfile.encoding=windows-1252 -Duser.country=IN -Duser.language=en -Duser.variant -javaagent:C:\Users\Imran Shaikh\.gradle\wrapper\dists\gradle-8.7-bin\bhs2wmbdwecv87pi65oeuq5iu\gradle-8.7\lib\agents\gradle-instrumentation-agent-8.7.jar 
java_command: org.gradle.launcher.daemon.bootstrap.GradleDaemon 8.7
java_class_path (initial): C:\Users\Imran Shaikh\.gradle\wrapper\dists\gradle-8.7-bin\bhs2wmbdwecv87pi65oeuq5iu\gradle-8.7\lib\gradle-launcher-8.7.jar
Launcher Type: SUN_STANDARD

[Global flags]
     intx CICompilerCount                          = 3                                         {product} {ergonomic}
   size_t CompressedClassSpaceSize                 = 335544320                                 {product} {ergonomic}
     uint ConcGCThreads                            = 1                                         {product} {ergonomic}
     uint G1ConcRefinementThreads                  = 4                                         {product} {ergonomic}
   size_t G1HeapRegionSize                         = 1048576                                   {product} {ergonomic}
    uintx GCDrainStackTargetSize                   = 64                                        {product} {ergonomic}
     bool HeapDumpOnOutOfMemoryError               = true                                   {manageable} {command line}
   size_t InitialHeapSize                          = 268435456                                 {product} {command line}
   size_t MarkStackSize                            = 4194304                                   {product} {ergonomic}
   size_t MaxHeapSize                              = 536870912                                 {product} {command line}
   size_t MaxMetaspaceSize                         = 402653184                                 {product} {command line}
   size_t MaxNewSize                               = 321912832                                 {product} {ergonomic}
   size_t MinHeapDeltaBytes                        = 1048576                                   {product} {ergonomic}
   size_t MinHeapSize                              = 268435456                                 {product} {command line}
    uintx NonNMethodCodeHeapSize                   = 5832780                                {pd product} {ergonomic}
    uintx NonProfiledCodeHeapSize                  = 122912730                              {pd product} {ergonomic}
    uintx ProfiledCodeHeapSize                     = 122912730                              {pd product} {ergonomic}
    uintx ReservedCodeCacheSize                    = 251658240                              {pd product} {ergonomic}
     bool SegmentedCodeCache                       = true                                      {product} {ergonomic}
   size_t SoftMaxHeapSize                          = 536870912                              {manageable} {ergonomic}
     bool UseCompressedClassPointers               = true                           {product lp64_product} {ergonomic}
     bool UseCompressedOops                        = true                           {product lp64_product} {ergonomic}
     bool UseG1GC                                  = true                                      {product} {ergonomic}
     bool UseLargePagesIndividualAllocation        = false                                  {pd product} {ergonomic}

Logging:
Log output configuration:
 #0: stdout all=warning uptime,level,tags
 #1: stderr all=off uptime,level,tags

Environment Variables:
JAVA_HOME=C:\Program Files\Java\jdk1.8.0_111
PATH=C:\Program Files\Common Files\Oracle\Java\javapath;C:\Program Files\Python37\Scripts\;C:\Program Files\Python37\;C:\Program Files (x86)\Common Files\Oracle\Java\javapath;C:\Program Files\bin;C:\Program Files (x86)\Intel\iCLS Client\;C:\Program Files\Intel\iCLS Client\;C:\ProgramData\Oracle\Java\javapath;C:\Program Files\Java\jdk1.8.0_111\bin;C:\Program Files (x86)\Intel\Intel(R) Management Engine Components\DAL;C:\Program Files\Intel\Intel(R) Management Engine Components\DAL;C:\Program Files (x86)\Intel\Intel(R) Management Engine Components\IPT;C:\Program Files\Intel\Intel(R) Management Engine Components\IPT;C:\WINDOWS\system32;C:\WINDOWS;C:\WINDOWS\System32\Wbem;C:\WINDOWS\System32\WindowsPowerShell\v1.0\;C:\WINDOWS\System32\OpenSSH\;C:\Program Files\apache-maven-3.6.3\bin;G:\Putty\Putty setup\;G:\project\gdcmlib;C:\Program Files\Java\jdk-17\bin;C:\Program Files\Git\cmd;C:\Users\Imran Shaikh\AppData\Local\Microsoft\WindowsApps;C:\Program Files\Php;;C:\Users\Imran Shaikh\.ebcli-virtual-env\executables;C:\Users\Imran Shaikh\AppData\Local\Programs\Microsoft VS Code\bin
USERNAME=Imran Shaikh
OS=Windows_NT
PROCESSOR_IDENTIFIER=Intel64 Family 6 Model 142 Stepping 9, GenuineIntel



---------------  S Y S T E M  ---------------

OS:
 Windows 10 , 64 bit Build 19041 (10.0.19041.3636)
OS uptime: 3 days 23:55 hours

CPU: total 4 (initial active 4) (2 cores per cpu, 2 threads per core) family 6 model 142 stepping 9 microcode 0xde, cx8, cmov, fxsr, ht, mmx, 3dnowpref, sse, sse2, sse3, ssse3, sse4.1, sse4.2, popcnt, lzcnt, tsc, tscinvbit, avx, avx2, aes, erms, clmul, bmi1, bmi2, adx, fma, vzeroupper, clflush, clflushopt

Memory: 4k page, system-wide physical 8107M (698M free)
TotalPageFile size 8107M (AvailPageFile size 5M)
current process WorkingSet (physical memory assigned to process): 314M, peak: 314M
current process commit charge ("private bytes"): 450M, peak: 452M

vm_info: Java HotSpot(TM) 64-Bit Server VM (17.0.8+9-LTS-211) for windows-amd64 JRE (17.0.8+9-LTS-211), built on Jun 14 2023 10:34:31 by "mach5one" with MS VC++ 17.1 (VS2022)

END.
