#
# There is insufficient memory for the Java Runtime Environment to continue.
# Native memory allocation (malloc) failed to allocate 32744 bytes for ChunkPool::allocate
# Possible reasons:
#   The system is out of physical RAM or swap space
#   The process is running with CompressedOops enabled, and the Java Heap may be blocking the growth of the native heap
# Possible solutions:
#   Reduce memory load on the system
#   Increase physical memory or swap space
#   Check if swap backing store is full
#   Decrease Java heap size (-Xmx/-Xms)
#   Decrease number of Java threads
#   Decrease Java thread stack sizes (-Xss)
#   Set larger code cache with -XX:ReservedCodeCacheSize=
#   JVM is running with Unscaled Compressed Oops mode in which the Java heap is
#     placed in the first 4GB address space. The Java Heap base address is the
#     maximum limit for the native heap growth. Please use -XX:HeapBaseMinAddress
#     to set the Java Heap base and to place the Java Heap above 4GB virtual address.
# This output file may be truncated or incomplete.
#
#  Out of Memory Error (arena.cpp:78), pid=6616, tid=11036
#
# JRE version: Java(TM) SE Runtime Environment (17.0.8+9) (build 17.0.8+9-LTS-211)
# Java VM: Java HotSpot(TM) 64-Bit Server VM (17.0.8+9-LTS-211, mixed mode, sharing, tiered, compressed oops, compressed class ptrs, g1 gc, windows-amd64)
# No core dump will be written. Minidumps are not enabled by default on client versions of Windows
#

---------------  S U M M A R Y ------------

Command Line: --add-opens=java.base/java.util=ALL-UNNAMED --add-opens=java.base/java.lang=ALL-UNNAMED --add-opens=java.base/java.lang.invoke=ALL-UNNAMED --add-opens=java.prefs/java.util.prefs=ALL-UNNAMED --add-opens=java.base/java.nio.charset=ALL-UNNAMED --add-opens=java.base/java.net=ALL-UNNAMED --add-opens=java.base/java.util.concurrent.atomic=ALL-UNNAMED -XX:MaxMetaspaceSize=384m -XX:+HeapDumpOnOutOfMemoryError -Xms256m -Xmx512m -Dfile.encoding=windows-1252 -Duser.country=IN -Duser.language=en -Duser.variant -javaagent:C:\Users\Imran Shaikh\.gradle\wrapper\dists\gradle-8.7-bin\bhs2wmbdwecv87pi65oeuq5iu\gradle-8.7\lib\agents\gradle-instrumentation-agent-8.7.jar org.gradle.launcher.daemon.bootstrap.GradleDaemon 8.7

Host: Intel(R) Core(TM) i3-7100U CPU @ 2.40GHz, 4 cores, 7G,  Windows 10 , 64 bit Build 19041 (10.0.19041.3636)
Time: Fri Apr 19 19:43:53 2024 India Standard Time elapsed time: 10.931071 seconds (0d 0h 0m 10s)

---------------  T H R E A D  ---------------

Current thread (0x00000199ff6d8eb0):  JavaThread "C2 CompilerThread0" daemon [_thread_in_native, id=11036, stack(0x00000041c7600000,0x00000041c7700000)]


Current CompileTask:
C2:  10931 4361       4       groovyjarjarantlr4.v4.runtime.atn.PredictionContext::join (569 bytes)

Stack: [0x00000041c7600000,0x00000041c7700000]
Native frames: (J=compiled Java code, j=interpreted, Vv=VM code, C=native code)
V  [jvm.dll+0x677d0a]
V  [jvm.dll+0x7d8c54]
V  [jvm.dll+0x7da3fe]
V  [jvm.dll+0x7daa63]
V  [jvm.dll+0x245c5f]
V  [jvm.dll+0xaacc0]
V  [jvm.dll+0xab00c]
V  [jvm.dll+0x367119]
V  [jvm.dll+0x5624f8]
V  [jvm.dll+0x561535]
V  [jvm.dll+0x561e2b]
V  [jvm.dll+0x32c580]
V  [jvm.dll+0x32b9ea]
V  [jvm.dll+0x217fff]
V  [jvm.dll+0x217431]
V  [jvm.dll+0x1a3af0]
V  [jvm.dll+0x2270be]
V  [jvm.dll+0x22535b]
V  [jvm.dll+0x78e7bc]
V  [jvm.dll+0x788bba]
V  [jvm.dll+0x676b35]
C  [ucrtbase.dll+0x21bb2]
C  [KERNEL32.DLL+0x17344]
C  [ntdll.dll+0x526b1]


---------------  P R O C E S S  ---------------

Threads class SMR info:
_java_thread_list=0x000001999b6d8570, length=37, elements={
0x00000199e565cb60, 0x00000199ff6ad7f0, 0x00000199ff6aed90, 0x00000199ff6c9c40,
0x00000199ff6cb710, 0x00000199ff6cc3e0, 0x00000199ff6cf0c0, 0x00000199ff6d8eb0,
0x00000199ff6e1c80, 0x00000199ff6f01c0, 0x00000199ff8dcdc0, 0x00000199ff95d250,
0x000001999a6cda90, 0x000001999abddb70, 0x000001999abdbe90, 0x000001999abdc360,
0x000001999abdd6a0, 0x000001999abde040, 0x000001999abdb9c0, 0x000001999abdc830,
0x000001999abdcd00, 0x000001999abdd1d0, 0x000001999abda680, 0x000001999abdab50,
0x000001999abdb020, 0x000001999abdb4f0, 0x000001999ad65730, 0x000001999ad60f00,
0x000001999ad67db0, 0x000001999ad62710, 0x000001999ad613d0, 0x000001999ad68280,
0x000001999ad630b0, 0x000001999ad648c0, 0x000001999ad60a30, 0x000001999ad64d90,
0x000001999a725620
}

Java Threads: ( => current thread )
  0x00000199e565cb60 JavaThread "main" [_thread_blocked, id=1756, stack(0x00000041c6900000,0x00000041c6a00000)]
  0x00000199ff6ad7f0 JavaThread "Reference Handler" daemon [_thread_blocked, id=5680, stack(0x00000041c7000000,0x00000041c7100000)]
  0x00000199ff6aed90 JavaThread "Finalizer" daemon [_thread_blocked, id=5908, stack(0x00000041c7100000,0x00000041c7200000)]
  0x00000199ff6c9c40 JavaThread "Signal Dispatcher" daemon [_thread_blocked, id=1412, stack(0x00000041c7200000,0x00000041c7300000)]
  0x00000199ff6cb710 JavaThread "Attach Listener" daemon [_thread_blocked, id=7508, stack(0x00000041c7300000,0x00000041c7400000)]
  0x00000199ff6cc3e0 JavaThread "Service Thread" daemon [_thread_blocked, id=4396, stack(0x00000041c7400000,0x00000041c7500000)]
  0x00000199ff6cf0c0 JavaThread "Monitor Deflation Thread" daemon [_thread_blocked, id=6952, stack(0x00000041c7500000,0x00000041c7600000)]
=>0x00000199ff6d8eb0 JavaThread "C2 CompilerThread0" daemon [_thread_in_native, id=11036, stack(0x00000041c7600000,0x00000041c7700000)]
  0x00000199ff6e1c80 JavaThread "C1 CompilerThread0" daemon [_thread_blocked, id=688, stack(0x00000041c7700000,0x00000041c7800000)]
  0x00000199ff6f01c0 JavaThread "Sweeper thread" daemon [_thread_blocked, id=9160, stack(0x00000041c7800000,0x00000041c7900000)]
  0x00000199ff8dcdc0 JavaThread "Common-Cleaner" daemon [_thread_blocked, id=10680, stack(0x00000041c7900000,0x00000041c7a00000)]
  0x00000199ff95d250 JavaThread "Notification Thread" daemon [_thread_blocked, id=11980, stack(0x00000041c7a00000,0x00000041c7b00000)]
  0x000001999a6cda90 JavaThread "Daemon health stats" [_thread_blocked, id=7108, stack(0x00000041c7c00000,0x00000041c7d00000)]
  0x000001999abddb70 JavaThread "Incoming local TCP Connector on port 55941" [_thread_in_native, id=7112, stack(0x00000041c8000000,0x00000041c8100000)]
  0x000001999abdbe90 JavaThread "Daemon periodic checks" [_thread_blocked, id=1568, stack(0x00000041c8100000,0x00000041c8200000)]
  0x000001999abdc360 JavaThread "Daemon" [_thread_blocked, id=13860, stack(0x00000041c8200000,0x00000041c8300000)]
  0x000001999abdd6a0 JavaThread "Handler for socket connection from /127.0.0.1:55941 to /127.0.0.1:55942" [_thread_in_native, id=1916, stack(0x00000041c8300000,0x00000041c8400000)]
  0x000001999abde040 JavaThread "Cancel handler" [_thread_blocked, id=8532, stack(0x00000041c8400000,0x00000041c8500000)]
  0x000001999abdb9c0 JavaThread "Daemon worker" [_thread_in_vm, id=5792, stack(0x00000041c8500000,0x00000041c8600000)]
  0x000001999abdc830 JavaThread "Asynchronous log dispatcher for DefaultDaemonConnection: socket connection from /127.0.0.1:55941 to /127.0.0.1:55942" [_thread_blocked, id=2216, stack(0x00000041c8600000,0x00000041c8700000)]
  0x000001999abdcd00 JavaThread "Stdin handler" [_thread_blocked, id=13560, stack(0x00000041c8700000,0x00000041c8800000)]
  0x000001999abdd1d0 JavaThread "Daemon client event forwarder" [_thread_blocked, id=4172, stack(0x00000041c8800000,0x00000041c8900000)]
  0x000001999abda680 JavaThread "Cache worker for journal cache (C:\Users\Imran Shaikh\.gradle\caches\journal-1)" [_thread_blocked, id=4500, stack(0x00000041c8900000,0x00000041c8a00000)]
  0x000001999abdab50 JavaThread "File lock request listener" [_thread_in_native, id=13388, stack(0x00000041c8a00000,0x00000041c8b00000)]
  0x000001999abdb020 JavaThread "Cache worker for file hash cache (C:\Users\Imran Shaikh\.gradle\caches\8.7\fileHashes)" [_thread_blocked, id=12524, stack(0x00000041c8b00000,0x00000041c8c00000)]
  0x000001999abdb4f0 JavaThread "Cache worker for file hash cache (G:\Intelij-WorkSpace\SpringBoot\spring-cloud-aws-dynamodb\spring-cloud-aws-dynamodb\.gradle\8.7\fileHashes)" [_thread_blocked, id=9660, stack(0x00000041c8d00000,0x00000041c8e00000)]
  0x000001999ad65730 JavaThread "File watcher server" daemon [_thread_in_native, id=13680, stack(0x00000041c8e00000,0x00000041c8f00000)]
  0x000001999ad60f00 JavaThread "File watcher consumer" daemon [_thread_blocked, id=7548, stack(0x00000041c8f00000,0x00000041c9000000)]
  0x000001999ad67db0 JavaThread "jar transforms" [_thread_blocked, id=9784, stack(0x00000041c9000000,0x00000041c9100000)]
  0x000001999ad62710 JavaThread "jar transforms Thread 2" [_thread_blocked, id=13352, stack(0x00000041c9100000,0x00000041c9200000)]
  0x000001999ad613d0 JavaThread "jar transforms Thread 3" [_thread_blocked, id=7128, stack(0x00000041c9200000,0x00000041c9300000)]
  0x000001999ad68280 JavaThread "jar transforms Thread 4" [_thread_blocked, id=5232, stack(0x00000041c9300000,0x00000041c9400000)]
  0x000001999ad630b0 JavaThread "Cache worker for checksums cache (G:\Intelij-WorkSpace\SpringBoot\spring-cloud-aws-dynamodb\spring-cloud-aws-dynamodb\.gradle\8.7\checksums)" [_thread_blocked, id=4968, stack(0x00000041c9400000,0x00000041c9500000)]
  0x000001999ad648c0 JavaThread "Cache worker for cache directory md-supplier (C:\Users\Imran Shaikh\.gradle\caches\8.7\md-supplier)" [_thread_blocked, id=9344, stack(0x00000041c9500000,0x00000041c9600000)]
  0x000001999ad60a30 JavaThread "Cache worker for cache directory md-rule (C:\Users\Imran Shaikh\.gradle\caches\8.7\md-rule)" [_thread_blocked, id=11748, stack(0x00000041c9600000,0x00000041c9700000)]
  0x000001999ad64d90 JavaThread "Cache worker for file content cache (C:\Users\Imran Shaikh\.gradle\caches\8.7\fileContent)" [_thread_blocked, id=13768, stack(0x00000041c9700000,0x00000041c9800000)]
  0x000001999a725620 JavaThread "C2 CompilerThread1" daemon [_thread_in_native, id=3188, stack(0x00000041c8c00000,0x00000041c8d00000)]

Other Threads:
  0x00000199ff6a7ce0 VMThread "VM Thread" [stack: 0x00000041c6f00000,0x00000041c7000000] [id=6212]
  0x00000199ff9a1010 WatcherThread [stack: 0x00000041c7b00000,0x00000041c7c00000] [id=12604]
  0x00000199e568a670 GCTaskThread "GC Thread#0" [stack: 0x00000041c6a00000,0x00000041c6b00000] [id=13552]
  0x00000199ffab9270 GCTaskThread "GC Thread#1" [stack: 0x00000041c7d00000,0x00000041c7e00000] [id=11116]
  0x00000199ffac0aa0 GCTaskThread "GC Thread#2" [stack: 0x00000041c7e00000,0x00000041c7f00000] [id=5368]
  0x00000199ffac0d50 GCTaskThread "GC Thread#3" [stack: 0x00000041c7f00000,0x00000041c8000000] [id=9916]
  0x00000199e363e680 ConcurrentGCThread "G1 Main Marker" [stack: 0x00000041c6b00000,0x00000041c6c00000] [id=3860]
  0x00000199e568bed0 ConcurrentGCThread "G1 Conc#0" [stack: 0x00000041c6c00000,0x00000041c6d00000] [id=13164]
  0x00000199e572e090 ConcurrentGCThread "G1 Refine#0" [stack: 0x00000041c6d00000,0x00000041c6e00000] [id=12840]
  0x0000019999cf94e0 ConcurrentGCThread "G1 Refine#1" [stack: 0x00000041c9800000,0x00000041c9900000] [id=12824]
  0x00000199e572e9c0 ConcurrentGCThread "G1 Service" [stack: 0x00000041c6e00000,0x00000041c6f00000] [id=12956]

Threads with active compile tasks:
C2 CompilerThread0    11041 4361       4       groovyjarjarantlr4.v4.runtime.atn.PredictionContext::join (569 bytes)
C2 CompilerThread1    11041 4375       4       groovyjarjarantlr4.v4.runtime.atn.ATNConfigSet::add (356 bytes)

VM state: not at safepoint (normal execution)

VM Mutex/Monitor currently owned by a thread: None

Heap address: 0x00000000e0000000, size: 512 MB, Compressed Oops mode: 32-bit

CDS archive(s) mapped at: [0x0000019980000000-0x0000019980bd0000-0x0000019980bd0000), size 12386304, SharedBaseAddress: 0x0000019980000000, ArchiveRelocationMode: 1.
Compressed class space mapped at: 0x0000019981000000-0x0000019995000000, reserved size: 335544320
Narrow klass base: 0x0000019980000000, Narrow klass shift: 0, Narrow klass range: 0x100000000

GC Precious Log:
 CPUs: 4 total, 4 available
 Memory: 8107M
 Large Page Support: Disabled
 NUMA Support: Disabled
 Compressed Oops: Enabled (32-bit)
 Heap Region Size: 1M
 Heap Min Capacity: 256M
 Heap Initial Capacity: 256M
 Heap Max Capacity: 512M
 Pre-touch: Disabled
 Parallel Workers: 4
 Concurrent Workers: 1
 Concurrent Refinement Workers: 4
 Periodic GC: Disabled

Heap:
 garbage-first heap   total 262144K, used 80733K [0x00000000e0000000, 0x0000000100000000)
  region size 1024K, 48 young (49152K), 11 survivors (11264K)
 Metaspace       used 39140K, committed 39552K, reserved 393216K
  class space    used 5537K, committed 5760K, reserved 327680K

Heap Regions: E=young(eden), S=young(survivor), O=old, HS=humongous(starts), HC=humongous(continues), CS=collection set, F=free, OA=open archive, CA=closed archive, TAMS=top-at-mark-start (previous, next)
|   0|0x00000000e0000000, 0x00000000e0100000, 0x00000000e0100000|100%| O|  |TAMS 0x00000000e0100000, 0x00000000e0000000| Untracked 
|   1|0x00000000e0100000, 0x00000000e0200000, 0x00000000e0200000|100%|HS|  |TAMS 0x00000000e0200000, 0x00000000e0100000| Complete 
|   2|0x00000000e0200000, 0x00000000e0300000, 0x00000000e0300000|100%|HC|  |TAMS 0x00000000e0300000, 0x00000000e0200000| Complete 
|   3|0x00000000e0300000, 0x00000000e0400000, 0x00000000e0400000|100%|HC|  |TAMS 0x00000000e0400000, 0x00000000e0300000| Complete 
|   4|0x00000000e0400000, 0x00000000e0500000, 0x00000000e0500000|100%|HC|  |TAMS 0x00000000e0500000, 0x00000000e0400000| Complete 
|   5|0x00000000e0500000, 0x00000000e0600000, 0x00000000e0600000|100%| O|  |TAMS 0x00000000e0600000, 0x00000000e0500000| Untracked 
|   6|0x00000000e0600000, 0x00000000e0700000, 0x00000000e0700000|100%| O|  |TAMS 0x00000000e0700000, 0x00000000e0600000| Untracked 
|   7|0x00000000e0700000, 0x00000000e0800000, 0x00000000e0800000|100%| O|  |TAMS 0x00000000e0800000, 0x00000000e0700000| Untracked 
|   8|0x00000000e0800000, 0x00000000e0900000, 0x00000000e0900000|100%| O|  |TAMS 0x00000000e0900000, 0x00000000e0800000| Untracked 
|   9|0x00000000e0900000, 0x00000000e0a00000, 0x00000000e0a00000|100%| O|  |TAMS 0x00000000e0a00000, 0x00000000e0900000| Untracked 
|  10|0x00000000e0a00000, 0x00000000e0b00000, 0x00000000e0b00000|100%| O|  |TAMS 0x00000000e0b00000, 0x00000000e0a00000| Untracked 
|  11|0x00000000e0b00000, 0x00000000e0c00000, 0x00000000e0c00000|100%| O|  |TAMS 0x00000000e0c00000, 0x00000000e0b00000| Untracked 
|  12|0x00000000e0c00000, 0x00000000e0d00000, 0x00000000e0d00000|100%| O|  |TAMS 0x00000000e0d00000, 0x00000000e0c00000| Untracked 
|  13|0x00000000e0d00000, 0x00000000e0e00000, 0x00000000e0e00000|100%| O|  |TAMS 0x00000000e0e00000, 0x00000000e0d00000| Untracked 
|  14|0x00000000e0e00000, 0x00000000e0f00000, 0x00000000e0f00000|100%| O|  |TAMS 0x00000000e0f00000, 0x00000000e0e00000| Untracked 
|  15|0x00000000e0f00000, 0x00000000e1000000, 0x00000000e1000000|100%| O|  |TAMS 0x00000000e1000000, 0x00000000e0f00000| Untracked 
|  16|0x00000000e1000000, 0x00000000e1100000, 0x00000000e1100000|100%| O|  |TAMS 0x00000000e1100000, 0x00000000e1000000| Untracked 
|  17|0x00000000e1100000, 0x00000000e1200000, 0x00000000e1200000|100%| O|  |TAMS 0x00000000e1200000, 0x00000000e1100000| Untracked 
|  18|0x00000000e1200000, 0x00000000e1300000, 0x00000000e1300000|100%| O|  |TAMS 0x00000000e1300000, 0x00000000e1200000| Untracked 
|  19|0x00000000e1300000, 0x00000000e1400000, 0x00000000e1400000|100%| O|  |TAMS 0x00000000e1400000, 0x00000000e1300000| Untracked 
|  20|0x00000000e1400000, 0x00000000e1500000, 0x00000000e1500000|100%| O|  |TAMS 0x00000000e1500000, 0x00000000e1400000| Untracked 
|  21|0x00000000e1500000, 0x00000000e1600000, 0x00000000e1600000|100%| O|  |TAMS 0x00000000e1600000, 0x00000000e1500000| Untracked 
|  22|0x00000000e1600000, 0x00000000e1633600, 0x00000000e1700000| 20%| O|  |TAMS 0x00000000e1633600, 0x00000000e1600000| Untracked 
|  23|0x00000000e1700000, 0x00000000e1800000, 0x00000000e1800000|100%|HS|  |TAMS 0x00000000e1800000, 0x00000000e1700000| Complete 
|  24|0x00000000e1800000, 0x00000000e1900000, 0x00000000e1900000|100%|HC|  |TAMS 0x00000000e1900000, 0x00000000e1800000| Complete 
|  25|0x00000000e1900000, 0x00000000e1a00000, 0x00000000e1a00000|100%|HS|  |TAMS 0x00000000e1a00000, 0x00000000e1900000| Complete 
|  26|0x00000000e1a00000, 0x00000000e1b00000, 0x00000000e1b00000|100%|HC|  |TAMS 0x00000000e1b00000, 0x00000000e1a00000| Complete 
|  27|0x00000000e1b00000, 0x00000000e1c00000, 0x00000000e1c00000|100%|HC|  |TAMS 0x00000000e1c00000, 0x00000000e1b00000| Complete 
|  28|0x00000000e1c00000, 0x00000000e1d00000, 0x00000000e1d00000|100%|HS|  |TAMS 0x00000000e1d00000, 0x00000000e1c00000| Complete 
|  29|0x00000000e1d00000, 0x00000000e1e00000, 0x00000000e1e00000|100%|HC|  |TAMS 0x00000000e1e00000, 0x00000000e1d00000| Complete 
|  30|0x00000000e1e00000, 0x00000000e1f00000, 0x00000000e1f00000|100%|HC|  |TAMS 0x00000000e1f00000, 0x00000000e1e00000| Complete 
|  31|0x00000000e1f00000, 0x00000000e2000000, 0x00000000e2000000|100%|HS|  |TAMS 0x00000000e2000000, 0x00000000e1f00000| Complete 
|  32|0x00000000e2000000, 0x00000000e2100000, 0x00000000e2100000|100%|HC|  |TAMS 0x00000000e2100000, 0x00000000e2000000| Complete 
|  33|0x00000000e2100000, 0x00000000e2200000, 0x00000000e2200000|100%|HC|  |TAMS 0x00000000e2200000, 0x00000000e2100000| Complete 
|  34|0x00000000e2200000, 0x00000000e2200000, 0x00000000e2300000|  0%| F|  |TAMS 0x00000000e2200000, 0x00000000e2200000| Untracked 
|  35|0x00000000e2300000, 0x00000000e2300000, 0x00000000e2400000|  0%| F|  |TAMS 0x00000000e2300000, 0x00000000e2300000| Untracked 
|  36|0x00000000e2400000, 0x00000000e2400000, 0x00000000e2500000|  0%| F|  |TAMS 0x00000000e2400000, 0x00000000e2400000| Untracked 
|  37|0x00000000e2500000, 0x00000000e2500000, 0x00000000e2600000|  0%| F|  |TAMS 0x00000000e2500000, 0x00000000e2500000| Untracked 
|  38|0x00000000e2600000, 0x00000000e2600000, 0x00000000e2700000|  0%| F|  |TAMS 0x00000000e2600000, 0x00000000e2600000| Untracked 
|  39|0x00000000e2700000, 0x00000000e2700000, 0x00000000e2800000|  0%| F|  |TAMS 0x00000000e2700000, 0x00000000e2700000| Untracked 
|  40|0x00000000e2800000, 0x00000000e2800000, 0x00000000e2900000|  0%| F|  |TAMS 0x00000000e2800000, 0x00000000e2800000| Untracked 
|  41|0x00000000e2900000, 0x00000000e2900000, 0x00000000e2a00000|  0%| F|  |TAMS 0x00000000e2900000, 0x00000000e2900000| Untracked 
|  42|0x00000000e2a00000, 0x00000000e2a00000, 0x00000000e2b00000|  0%| F|  |TAMS 0x00000000e2a00000, 0x00000000e2a00000| Untracked 
|  43|0x00000000e2b00000, 0x00000000e2b00000, 0x00000000e2c00000|  0%| F|  |TAMS 0x00000000e2b00000, 0x00000000e2b00000| Untracked 
|  44|0x00000000e2c00000, 0x00000000e2c00000, 0x00000000e2d00000|  0%| F|  |TAMS 0x00000000e2c00000, 0x00000000e2c00000| Untracked 
|  45|0x00000000e2d00000, 0x00000000e2d00000, 0x00000000e2e00000|  0%| F|  |TAMS 0x00000000e2d00000, 0x00000000e2d00000| Untracked 
|  46|0x00000000e2e00000, 0x00000000e2e00000, 0x00000000e2f00000|  0%| F|  |TAMS 0x00000000e2e00000, 0x00000000e2e00000| Untracked 
|  47|0x00000000e2f00000, 0x00000000e2f00000, 0x00000000e3000000|  0%| F|  |TAMS 0x00000000e2f00000, 0x00000000e2f00000| Untracked 
|  48|0x00000000e3000000, 0x00000000e3000000, 0x00000000e3100000|  0%| F|  |TAMS 0x00000000e3000000, 0x00000000e3000000| Untracked 
|  49|0x00000000e3100000, 0x00000000e3100000, 0x00000000e3200000|  0%| F|  |TAMS 0x00000000e3100000, 0x00000000e3100000| Untracked 
|  50|0x00000000e3200000, 0x00000000e3200000, 0x00000000e3300000|  0%| F|  |TAMS 0x00000000e3200000, 0x00000000e3200000| Untracked 
|  51|0x00000000e3300000, 0x00000000e3300000, 0x00000000e3400000|  0%| F|  |TAMS 0x00000000e3300000, 0x00000000e3300000| Untracked 
|  52|0x00000000e3400000, 0x00000000e3400000, 0x00000000e3500000|  0%| F|  |TAMS 0x00000000e3400000, 0x00000000e3400000| Untracked 
|  53|0x00000000e3500000, 0x00000000e3500000, 0x00000000e3600000|  0%| F|  |TAMS 0x00000000e3500000, 0x00000000e3500000| Untracked 
|  54|0x00000000e3600000, 0x00000000e3600000, 0x00000000e3700000|  0%| F|  |TAMS 0x00000000e3600000, 0x00000000e3600000| Untracked 
|  55|0x00000000e3700000, 0x00000000e3700000, 0x00000000e3800000|  0%| F|  |TAMS 0x00000000e3700000, 0x00000000e3700000| Untracked 
|  56|0x00000000e3800000, 0x00000000e3800000, 0x00000000e3900000|  0%| F|  |TAMS 0x00000000e3800000, 0x00000000e3800000| Untracked 
|  57|0x00000000e3900000, 0x00000000e3900000, 0x00000000e3a00000|  0%| F|  |TAMS 0x00000000e3900000, 0x00000000e3900000| Untracked 
|  58|0x00000000e3a00000, 0x00000000e3a00000, 0x00000000e3b00000|  0%| F|  |TAMS 0x00000000e3a00000, 0x00000000e3a00000| Untracked 
|  59|0x00000000e3b00000, 0x00000000e3b00000, 0x00000000e3c00000|  0%| F|  |TAMS 0x00000000e3b00000, 0x00000000e3b00000| Untracked 
|  60|0x00000000e3c00000, 0x00000000e3c00000, 0x00000000e3d00000|  0%| F|  |TAMS 0x00000000e3c00000, 0x00000000e3c00000| Untracked 
|  61|0x00000000e3d00000, 0x00000000e3d00000, 0x00000000e3e00000|  0%| F|  |TAMS 0x00000000e3d00000, 0x00000000e3d00000| Untracked 
|  62|0x00000000e3e00000, 0x00000000e3e00000, 0x00000000e3f00000|  0%| F|  |TAMS 0x00000000e3e00000, 0x00000000e3e00000| Untracked 
|  63|0x00000000e3f00000, 0x00000000e3f00000, 0x00000000e4000000|  0%| F|  |TAMS 0x00000000e3f00000, 0x00000000e3f00000| Untracked 
|  64|0x00000000e4000000, 0x00000000e4000000, 0x00000000e4100000|  0%| F|  |TAMS 0x00000000e4000000, 0x00000000e4000000| Untracked 
|  65|0x00000000e4100000, 0x00000000e4100000, 0x00000000e4200000|  0%| F|  |TAMS 0x00000000e4100000, 0x00000000e4100000| Untracked 
|  66|0x00000000e4200000, 0x00000000e4200000, 0x00000000e4300000|  0%| F|  |TAMS 0x00000000e4200000, 0x00000000e4200000| Untracked 
|  67|0x00000000e4300000, 0x00000000e4300000, 0x00000000e4400000|  0%| F|  |TAMS 0x00000000e4300000, 0x00000000e4300000| Untracked 
|  68|0x00000000e4400000, 0x00000000e4400000, 0x00000000e4500000|  0%| F|  |TAMS 0x00000000e4400000, 0x00000000e4400000| Untracked 
|  69|0x00000000e4500000, 0x00000000e4500000, 0x00000000e4600000|  0%| F|  |TAMS 0x00000000e4500000, 0x00000000e4500000| Untracked 
|  70|0x00000000e4600000, 0x00000000e4600000, 0x00000000e4700000|  0%| F|  |TAMS 0x00000000e4600000, 0x00000000e4600000| Untracked 
|  71|0x00000000e4700000, 0x00000000e4700000, 0x00000000e4800000|  0%| F|  |TAMS 0x00000000e4700000, 0x00000000e4700000| Untracked 
|  72|0x00000000e4800000, 0x00000000e4800000, 0x00000000e4900000|  0%| F|  |TAMS 0x00000000e4800000, 0x00000000e4800000| Untracked 
|  73|0x00000000e4900000, 0x00000000e4900000, 0x00000000e4a00000|  0%| F|  |TAMS 0x00000000e4900000, 0x00000000e4900000| Untracked 
|  74|0x00000000e4a00000, 0x00000000e4a00000, 0x00000000e4b00000|  0%| F|  |TAMS 0x00000000e4a00000, 0x00000000e4a00000| Untracked 
|  75|0x00000000e4b00000, 0x00000000e4b00000, 0x00000000e4c00000|  0%| F|  |TAMS 0x00000000e4b00000, 0x00000000e4b00000| Untracked 
|  76|0x00000000e4c00000, 0x00000000e4c00000, 0x00000000e4d00000|  0%| F|  |TAMS 0x00000000e4c00000, 0x00000000e4c00000| Untracked 
|  77|0x00000000e4d00000, 0x00000000e4d00000, 0x00000000e4e00000|  0%| F|  |TAMS 0x00000000e4d00000, 0x00000000e4d00000| Untracked 
|  78|0x00000000e4e00000, 0x00000000e4e00000, 0x00000000e4f00000|  0%| F|  |TAMS 0x00000000e4e00000, 0x00000000e4e00000| Untracked 
|  79|0x00000000e4f00000, 0x00000000e4f00000, 0x00000000e5000000|  0%| F|  |TAMS 0x00000000e4f00000, 0x00000000e4f00000| Untracked 
|  80|0x00000000e5000000, 0x00000000e5000000, 0x00000000e5100000|  0%| F|  |TAMS 0x00000000e5000000, 0x00000000e5000000| Untracked 
|  81|0x00000000e5100000, 0x00000000e5100000, 0x00000000e5200000|  0%| F|  |TAMS 0x00000000e5100000, 0x00000000e5100000| Untracked 
|  82|0x00000000e5200000, 0x00000000e5200000, 0x00000000e5300000|  0%| F|  |TAMS 0x00000000e5200000, 0x00000000e5200000| Untracked 
|  83|0x00000000e5300000, 0x00000000e5300000, 0x00000000e5400000|  0%| F|  |TAMS 0x00000000e5300000, 0x00000000e5300000| Untracked 
|  84|0x00000000e5400000, 0x00000000e5400000, 0x00000000e5500000|  0%| F|  |TAMS 0x00000000e5400000, 0x00000000e5400000| Untracked 
|  85|0x00000000e5500000, 0x00000000e5500000, 0x00000000e5600000|  0%| F|  |TAMS 0x00000000e5500000, 0x00000000e5500000| Untracked 
|  86|0x00000000e5600000, 0x00000000e5600000, 0x00000000e5700000|  0%| F|  |TAMS 0x00000000e5600000, 0x00000000e5600000| Untracked 
|  87|0x00000000e5700000, 0x00000000e5700000, 0x00000000e5800000|  0%| F|  |TAMS 0x00000000e5700000, 0x00000000e5700000| Untracked 
|  88|0x00000000e5800000, 0x00000000e5800000, 0x00000000e5900000|  0%| F|  |TAMS 0x00000000e5800000, 0x00000000e5800000| Untracked 
|  89|0x00000000e5900000, 0x00000000e5900000, 0x00000000e5a00000|  0%| F|  |TAMS 0x00000000e5900000, 0x00000000e5900000| Untracked 
|  90|0x00000000e5a00000, 0x00000000e5a00000, 0x00000000e5b00000|  0%| F|  |TAMS 0x00000000e5a00000, 0x00000000e5a00000| Untracked 
|  91|0x00000000e5b00000, 0x00000000e5b00000, 0x00000000e5c00000|  0%| F|  |TAMS 0x00000000e5b00000, 0x00000000e5b00000| Untracked 
|  92|0x00000000e5c00000, 0x00000000e5c00000, 0x00000000e5d00000|  0%| F|  |TAMS 0x00000000e5c00000, 0x00000000e5c00000| Untracked 
|  93|0x00000000e5d00000, 0x00000000e5d00000, 0x00000000e5e00000|  0%| F|  |TAMS 0x00000000e5d00000, 0x00000000e5d00000| Untracked 
|  94|0x00000000e5e00000, 0x00000000e5e00000, 0x00000000e5f00000|  0%| F|  |TAMS 0x00000000e5e00000, 0x00000000e5e00000| Untracked 
|  95|0x00000000e5f00000, 0x00000000e5f00000, 0x00000000e6000000|  0%| F|  |TAMS 0x00000000e5f00000, 0x00000000e5f00000| Untracked 
|  96|0x00000000e6000000, 0x00000000e6000000, 0x00000000e6100000|  0%| F|  |TAMS 0x00000000e6000000, 0x00000000e6000000| Untracked 
|  97|0x00000000e6100000, 0x00000000e6100000, 0x00000000e6200000|  0%| F|  |TAMS 0x00000000e6100000, 0x00000000e6100000| Untracked 
|  98|0x00000000e6200000, 0x00000000e6200000, 0x00000000e6300000|  0%| F|  |TAMS 0x00000000e6200000, 0x00000000e6200000| Untracked 
|  99|0x00000000e6300000, 0x00000000e6300000, 0x00000000e6400000|  0%| F|  |TAMS 0x00000000e6300000, 0x00000000e6300000| Untracked 
| 100|0x00000000e6400000, 0x00000000e6400000, 0x00000000e6500000|  0%| F|  |TAMS 0x00000000e6400000, 0x00000000e6400000| Untracked 
| 101|0x00000000e6500000, 0x00000000e6500000, 0x00000000e6600000|  0%| F|  |TAMS 0x00000000e6500000, 0x00000000e6500000| Untracked 
| 102|0x00000000e6600000, 0x00000000e6600000, 0x00000000e6700000|  0%| F|  |TAMS 0x00000000e6600000, 0x00000000e6600000| Untracked 
| 103|0x00000000e6700000, 0x00000000e6700000, 0x00000000e6800000|  0%| F|  |TAMS 0x00000000e6700000, 0x00000000e6700000| Untracked 
| 104|0x00000000e6800000, 0x00000000e6800000, 0x00000000e6900000|  0%| F|  |TAMS 0x00000000e6800000, 0x00000000e6800000| Untracked 
| 105|0x00000000e6900000, 0x00000000e6900000, 0x00000000e6a00000|  0%| F|  |TAMS 0x00000000e6900000, 0x00000000e6900000| Untracked 
| 106|0x00000000e6a00000, 0x00000000e6a00000, 0x00000000e6b00000|  0%| F|  |TAMS 0x00000000e6a00000, 0x00000000e6a00000| Untracked 
| 107|0x00000000e6b00000, 0x00000000e6b00000, 0x00000000e6c00000|  0%| F|  |TAMS 0x00000000e6b00000, 0x00000000e6b00000| Untracked 
| 108|0x00000000e6c00000, 0x00000000e6c00000, 0x00000000e6d00000|  0%| F|  |TAMS 0x00000000e6c00000, 0x00000000e6c00000| Untracked 
| 109|0x00000000e6d00000, 0x00000000e6d00000, 0x00000000e6e00000|  0%| F|  |TAMS 0x00000000e6d00000, 0x00000000e6d00000| Untracked 
| 110|0x00000000e6e00000, 0x00000000e6e00000, 0x00000000e6f00000|  0%| F|  |TAMS 0x00000000e6e00000, 0x00000000e6e00000| Untracked 
| 111|0x00000000e6f00000, 0x00000000e6f00000, 0x00000000e7000000|  0%| F|  |TAMS 0x00000000e6f00000, 0x00000000e6f00000| Untracked 
| 112|0x00000000e7000000, 0x00000000e7000000, 0x00000000e7100000|  0%| F|  |TAMS 0x00000000e7000000, 0x00000000e7000000| Untracked 
| 113|0x00000000e7100000, 0x00000000e7100000, 0x00000000e7200000|  0%| F|  |TAMS 0x00000000e7100000, 0x00000000e7100000| Untracked 
| 114|0x00000000e7200000, 0x00000000e7200000, 0x00000000e7300000|  0%| F|  |TAMS 0x00000000e7200000, 0x00000000e7200000| Untracked 
| 115|0x00000000e7300000, 0x00000000e7300000, 0x00000000e7400000|  0%| F|  |TAMS 0x00000000e7300000, 0x00000000e7300000| Untracked 
| 116|0x00000000e7400000, 0x00000000e7400000, 0x00000000e7500000|  0%| F|  |TAMS 0x00000000e7400000, 0x00000000e7400000| Untracked 
| 117|0x00000000e7500000, 0x00000000e7500000, 0x00000000e7600000|  0%| F|  |TAMS 0x00000000e7500000, 0x00000000e7500000| Untracked 
| 118|0x00000000e7600000, 0x00000000e7600000, 0x00000000e7700000|  0%| F|  |TAMS 0x00000000e7600000, 0x00000000e7600000| Untracked 
| 119|0x00000000e7700000, 0x00000000e7700000, 0x00000000e7800000|  0%| F|  |TAMS 0x00000000e7700000, 0x00000000e7700000| Untracked 
| 120|0x00000000e7800000, 0x00000000e7800000, 0x00000000e7900000|  0%| F|  |TAMS 0x00000000e7800000, 0x00000000e7800000| Untracked 
| 121|0x00000000e7900000, 0x00000000e7900000, 0x00000000e7a00000|  0%| F|  |TAMS 0x00000000e7900000, 0x00000000e7900000| Untracked 
| 122|0x00000000e7a00000, 0x00000000e7a00000, 0x00000000e7b00000|  0%| F|  |TAMS 0x00000000e7a00000, 0x00000000e7a00000| Untracked 
| 123|0x00000000e7b00000, 0x00000000e7b00000, 0x00000000e7c00000|  0%| F|  |TAMS 0x00000000e7b00000, 0x00000000e7b00000| Untracked 
| 124|0x00000000e7c00000, 0x00000000e7c00000, 0x00000000e7d00000|  0%| F|  |TAMS 0x00000000e7c00000, 0x00000000e7c00000| Untracked 
| 125|0x00000000e7d00000, 0x00000000e7d00000, 0x00000000e7e00000|  0%| F|  |TAMS 0x00000000e7d00000, 0x00000000e7d00000| Untracked 
| 126|0x00000000e7e00000, 0x00000000e7e00000, 0x00000000e7f00000|  0%| F|  |TAMS 0x00000000e7e00000, 0x00000000e7e00000| Untracked 
| 127|0x00000000e7f00000, 0x00000000e7f00000, 0x00000000e8000000|  0%| F|  |TAMS 0x00000000e7f00000, 0x00000000e7f00000| Untracked 
| 128|0x00000000e8000000, 0x00000000e8000000, 0x00000000e8100000|  0%| F|  |TAMS 0x00000000e8000000, 0x00000000e8000000| Untracked 
| 129|0x00000000e8100000, 0x00000000e81a3e38, 0x00000000e8200000| 64%| S|CS|TAMS 0x00000000e8100000, 0x00000000e8100000| Complete 
| 130|0x00000000e8200000, 0x00000000e8300000, 0x00000000e8300000|100%| S|CS|TAMS 0x00000000e8200000, 0x00000000e8200000| Complete 
| 131|0x00000000e8300000, 0x00000000e8400000, 0x00000000e8400000|100%| S|CS|TAMS 0x00000000e8300000, 0x00000000e8300000| Complete 
| 132|0x00000000e8400000, 0x00000000e8500000, 0x00000000e8500000|100%| S|CS|TAMS 0x00000000e8400000, 0x00000000e8400000| Complete 
| 133|0x00000000e8500000, 0x00000000e8600000, 0x00000000e8600000|100%| S|CS|TAMS 0x00000000e8500000, 0x00000000e8500000| Complete 
| 134|0x00000000e8600000, 0x00000000e8700000, 0x00000000e8700000|100%| S|CS|TAMS 0x00000000e8600000, 0x00000000e8600000| Complete 
| 135|0x00000000e8700000, 0x00000000e8800000, 0x00000000e8800000|100%| S|CS|TAMS 0x00000000e8700000, 0x00000000e8700000| Complete 
| 136|0x00000000e8800000, 0x00000000e8900000, 0x00000000e8900000|100%| S|CS|TAMS 0x00000000e8800000, 0x00000000e8800000| Complete 
| 137|0x00000000e8900000, 0x00000000e8a00000, 0x00000000e8a00000|100%| S|CS|TAMS 0x00000000e8900000, 0x00000000e8900000| Complete 
| 138|0x00000000e8a00000, 0x00000000e8b00000, 0x00000000e8b00000|100%| S|CS|TAMS 0x00000000e8a00000, 0x00000000e8a00000| Complete 
| 139|0x00000000e8b00000, 0x00000000e8c00000, 0x00000000e8c00000|100%| S|CS|TAMS 0x00000000e8b00000, 0x00000000e8b00000| Complete 
| 140|0x00000000e8c00000, 0x00000000e8c00000, 0x00000000e8d00000|  0%| F|  |TAMS 0x00000000e8c00000, 0x00000000e8c00000| Untracked 
| 141|0x00000000e8d00000, 0x00000000e8d00000, 0x00000000e8e00000|  0%| F|  |TAMS 0x00000000e8d00000, 0x00000000e8d00000| Untracked 
| 142|0x00000000e8e00000, 0x00000000e8e00000, 0x00000000e8f00000|  0%| F|  |TAMS 0x00000000e8e00000, 0x00000000e8e00000| Untracked 
| 143|0x00000000e8f00000, 0x00000000e8f00000, 0x00000000e9000000|  0%| F|  |TAMS 0x00000000e8f00000, 0x00000000e8f00000| Untracked 
| 144|0x00000000e9000000, 0x00000000e9000000, 0x00000000e9100000|  0%| F|  |TAMS 0x00000000e9000000, 0x00000000e9000000| Untracked 
| 145|0x00000000e9100000, 0x00000000e9100000, 0x00000000e9200000|  0%| F|  |TAMS 0x00000000e9100000, 0x00000000e9100000| Untracked 
| 146|0x00000000e9200000, 0x00000000e9200000, 0x00000000e9300000|  0%| F|  |TAMS 0x00000000e9200000, 0x00000000e9200000| Untracked 
| 147|0x00000000e9300000, 0x00000000e9300000, 0x00000000e9400000|  0%| F|  |TAMS 0x00000000e9300000, 0x00000000e9300000| Untracked 
| 148|0x00000000e9400000, 0x00000000e9400000, 0x00000000e9500000|  0%| F|  |TAMS 0x00000000e9400000, 0x00000000e9400000| Untracked 
| 149|0x00000000e9500000, 0x00000000e9500000, 0x00000000e9600000|  0%| F|  |TAMS 0x00000000e9500000, 0x00000000e9500000| Untracked 
| 150|0x00000000e9600000, 0x00000000e9600000, 0x00000000e9700000|  0%| F|  |TAMS 0x00000000e9600000, 0x00000000e9600000| Untracked 
| 151|0x00000000e9700000, 0x00000000e9700000, 0x00000000e9800000|  0%| F|  |TAMS 0x00000000e9700000, 0x00000000e9700000| Untracked 
| 152|0x00000000e9800000, 0x00000000e9800000, 0x00000000e9900000|  0%| F|  |TAMS 0x00000000e9800000, 0x00000000e9800000| Untracked 
| 153|0x00000000e9900000, 0x00000000e9900000, 0x00000000e9a00000|  0%| F|  |TAMS 0x00000000e9900000, 0x00000000e9900000| Untracked 
| 154|0x00000000e9a00000, 0x00000000e9a00000, 0x00000000e9b00000|  0%| F|  |TAMS 0x00000000e9a00000, 0x00000000e9a00000| Untracked 
| 155|0x00000000e9b00000, 0x00000000e9b00000, 0x00000000e9c00000|  0%| F|  |TAMS 0x00000000e9b00000, 0x00000000e9b00000| Untracked 
| 156|0x00000000e9c00000, 0x00000000e9c00000, 0x00000000e9d00000|  0%| F|  |TAMS 0x00000000e9c00000, 0x00000000e9c00000| Untracked 
| 157|0x00000000e9d00000, 0x00000000e9d00000, 0x00000000e9e00000|  0%| F|  |TAMS 0x00000000e9d00000, 0x00000000e9d00000| Untracked 
| 158|0x00000000e9e00000, 0x00000000e9e00000, 0x00000000e9f00000|  0%| F|  |TAMS 0x00000000e9e00000, 0x00000000e9e00000| Untracked 
| 159|0x00000000e9f00000, 0x00000000e9f00000, 0x00000000ea000000|  0%| F|  |TAMS 0x00000000e9f00000, 0x00000000e9f00000| Untracked 
| 160|0x00000000ea000000, 0x00000000ea000000, 0x00000000ea100000|  0%| F|  |TAMS 0x00000000ea000000, 0x00000000ea000000| Untracked 
| 161|0x00000000ea100000, 0x00000000ea100000, 0x00000000ea200000|  0%| F|  |TAMS 0x00000000ea100000, 0x00000000ea100000| Untracked 
| 162|0x00000000ea200000, 0x00000000ea200000, 0x00000000ea300000|  0%| F|  |TAMS 0x00000000ea200000, 0x00000000ea200000| Untracked 
| 163|0x00000000ea300000, 0x00000000ea300000, 0x00000000ea400000|  0%| F|  |TAMS 0x00000000ea300000, 0x00000000ea300000| Untracked 
| 164|0x00000000ea400000, 0x00000000ea400000, 0x00000000ea500000|  0%| F|  |TAMS 0x00000000ea400000, 0x00000000ea400000| Untracked 
| 165|0x00000000ea500000, 0x00000000ea500000, 0x00000000ea600000|  0%| F|  |TAMS 0x00000000ea500000, 0x00000000ea500000| Untracked 
| 166|0x00000000ea600000, 0x00000000ea600000, 0x00000000ea700000|  0%| F|  |TAMS 0x00000000ea600000, 0x00000000ea600000| Untracked 
| 167|0x00000000ea700000, 0x00000000ea700000, 0x00000000ea800000|  0%| F|  |TAMS 0x00000000ea700000, 0x00000000ea700000| Untracked 
| 168|0x00000000ea800000, 0x00000000ea800000, 0x00000000ea900000|  0%| F|  |TAMS 0x00000000ea800000, 0x00000000ea800000| Untracked 
| 169|0x00000000ea900000, 0x00000000ea900000, 0x00000000eaa00000|  0%| F|  |TAMS 0x00000000ea900000, 0x00000000ea900000| Untracked 
| 170|0x00000000eaa00000, 0x00000000eaa00000, 0x00000000eab00000|  0%| F|  |TAMS 0x00000000eaa00000, 0x00000000eaa00000| Untracked 
| 171|0x00000000eab00000, 0x00000000eab00000, 0x00000000eac00000|  0%| F|  |TAMS 0x00000000eab00000, 0x00000000eab00000| Untracked 
| 172|0x00000000eac00000, 0x00000000eac00000, 0x00000000ead00000|  0%| F|  |TAMS 0x00000000eac00000, 0x00000000eac00000| Untracked 
| 173|0x00000000ead00000, 0x00000000ead00000, 0x00000000eae00000|  0%| F|  |TAMS 0x00000000ead00000, 0x00000000ead00000| Untracked 
| 174|0x00000000eae00000, 0x00000000eae00000, 0x00000000eaf00000|  0%| F|  |TAMS 0x00000000eae00000, 0x00000000eae00000| Untracked 
| 175|0x00000000eaf00000, 0x00000000eaf00000, 0x00000000eb000000|  0%| F|  |TAMS 0x00000000eaf00000, 0x00000000eaf00000| Untracked 
| 176|0x00000000eb000000, 0x00000000eb000000, 0x00000000eb100000|  0%| F|  |TAMS 0x00000000eb000000, 0x00000000eb000000| Untracked 
| 177|0x00000000eb100000, 0x00000000eb100000, 0x00000000eb200000|  0%| F|  |TAMS 0x00000000eb100000, 0x00000000eb100000| Untracked 
| 178|0x00000000eb200000, 0x00000000eb200000, 0x00000000eb300000|  0%| F|  |TAMS 0x00000000eb200000, 0x00000000eb200000| Untracked 
| 179|0x00000000eb300000, 0x00000000eb300000, 0x00000000eb400000|  0%| F|  |TAMS 0x00000000eb300000, 0x00000000eb300000| Untracked 
| 180|0x00000000eb400000, 0x00000000eb400000, 0x00000000eb500000|  0%| F|  |TAMS 0x00000000eb400000, 0x00000000eb400000| Untracked 
| 181|0x00000000eb500000, 0x00000000eb500000, 0x00000000eb600000|  0%| F|  |TAMS 0x00000000eb500000, 0x00000000eb500000| Untracked 
| 182|0x00000000eb600000, 0x00000000eb600000, 0x00000000eb700000|  0%| F|  |TAMS 0x00000000eb600000, 0x00000000eb600000| Untracked 
| 183|0x00000000eb700000, 0x00000000eb700000, 0x00000000eb800000|  0%| F|  |TAMS 0x00000000eb700000, 0x00000000eb700000| Untracked 
| 184|0x00000000eb800000, 0x00000000eb800000, 0x00000000eb900000|  0%| F|  |TAMS 0x00000000eb800000, 0x00000000eb800000| Untracked 
| 185|0x00000000eb900000, 0x00000000eb900000, 0x00000000eba00000|  0%| F|  |TAMS 0x00000000eb900000, 0x00000000eb900000| Untracked 
| 186|0x00000000eba00000, 0x00000000eba00000, 0x00000000ebb00000|  0%| F|  |TAMS 0x00000000eba00000, 0x00000000eba00000| Untracked 
| 187|0x00000000ebb00000, 0x00000000ebb00000, 0x00000000ebc00000|  0%| F|  |TAMS 0x00000000ebb00000, 0x00000000ebb00000| Untracked 
| 188|0x00000000ebc00000, 0x00000000ebc00000, 0x00000000ebd00000|  0%| F|  |TAMS 0x00000000ebc00000, 0x00000000ebc00000| Untracked 
| 189|0x00000000ebd00000, 0x00000000ebd00000, 0x00000000ebe00000|  0%| F|  |TAMS 0x00000000ebd00000, 0x00000000ebd00000| Untracked 
| 190|0x00000000ebe00000, 0x00000000ebe00000, 0x00000000ebf00000|  0%| F|  |TAMS 0x00000000ebe00000, 0x00000000ebe00000| Untracked 
| 191|0x00000000ebf00000, 0x00000000ebf00000, 0x00000000ec000000|  0%| F|  |TAMS 0x00000000ebf00000, 0x00000000ebf00000| Untracked 
| 192|0x00000000ec000000, 0x00000000ec000000, 0x00000000ec100000|  0%| F|  |TAMS 0x00000000ec000000, 0x00000000ec000000| Untracked 
| 193|0x00000000ec100000, 0x00000000ec100000, 0x00000000ec200000|  0%| F|  |TAMS 0x00000000ec100000, 0x00000000ec100000| Untracked 
| 194|0x00000000ec200000, 0x00000000ec200000, 0x00000000ec300000|  0%| F|  |TAMS 0x00000000ec200000, 0x00000000ec200000| Untracked 
| 195|0x00000000ec300000, 0x00000000ec300000, 0x00000000ec400000|  0%| F|  |TAMS 0x00000000ec300000, 0x00000000ec300000| Untracked 
| 196|0x00000000ec400000, 0x00000000ec400000, 0x00000000ec500000|  0%| F|  |TAMS 0x00000000ec400000, 0x00000000ec400000| Untracked 
| 197|0x00000000ec500000, 0x00000000ec500000, 0x00000000ec600000|  0%| F|  |TAMS 0x00000000ec500000, 0x00000000ec500000| Untracked 
| 198|0x00000000ec600000, 0x00000000ec600000, 0x00000000ec700000|  0%| F|  |TAMS 0x00000000ec600000, 0x00000000ec600000| Untracked 
| 199|0x00000000ec700000, 0x00000000ec700000, 0x00000000ec800000|  0%| F|  |TAMS 0x00000000ec700000, 0x00000000ec700000| Untracked 
| 200|0x00000000ec800000, 0x00000000ec800000, 0x00000000ec900000|  0%| F|  |TAMS 0x00000000ec800000, 0x00000000ec800000| Untracked 
| 201|0x00000000ec900000, 0x00000000ec900000, 0x00000000eca00000|  0%| F|  |TAMS 0x00000000ec900000, 0x00000000ec900000| Untracked 
| 202|0x00000000eca00000, 0x00000000eca00000, 0x00000000ecb00000|  0%| F|  |TAMS 0x00000000eca00000, 0x00000000eca00000| Untracked 
| 203|0x00000000ecb00000, 0x00000000ecb00000, 0x00000000ecc00000|  0%| F|  |TAMS 0x00000000ecb00000, 0x00000000ecb00000| Untracked 
| 204|0x00000000ecc00000, 0x00000000ecc00000, 0x00000000ecd00000|  0%| F|  |TAMS 0x00000000ecc00000, 0x00000000ecc00000| Untracked 
| 205|0x00000000ecd00000, 0x00000000ecd00000, 0x00000000ece00000|  0%| F|  |TAMS 0x00000000ecd00000, 0x00000000ecd00000| Untracked 
| 206|0x00000000ece00000, 0x00000000ece00000, 0x00000000ecf00000|  0%| F|  |TAMS 0x00000000ece00000, 0x00000000ece00000| Untracked 
| 207|0x00000000ecf00000, 0x00000000ecf00000, 0x00000000ed000000|  0%| F|  |TAMS 0x00000000ecf00000, 0x00000000ecf00000| Untracked 
| 208|0x00000000ed000000, 0x00000000ed000000, 0x00000000ed100000|  0%| F|  |TAMS 0x00000000ed000000, 0x00000000ed000000| Untracked 
| 209|0x00000000ed100000, 0x00000000ed100000, 0x00000000ed200000|  0%| F|  |TAMS 0x00000000ed100000, 0x00000000ed100000| Untracked 
| 210|0x00000000ed200000, 0x00000000ed200000, 0x00000000ed300000|  0%| F|  |TAMS 0x00000000ed200000, 0x00000000ed200000| Untracked 
| 211|0x00000000ed300000, 0x00000000ed300000, 0x00000000ed400000|  0%| F|  |TAMS 0x00000000ed300000, 0x00000000ed300000| Untracked 
| 212|0x00000000ed400000, 0x00000000ed400000, 0x00000000ed500000|  0%| F|  |TAMS 0x00000000ed400000, 0x00000000ed400000| Untracked 
| 213|0x00000000ed500000, 0x00000000ed500000, 0x00000000ed600000|  0%| F|  |TAMS 0x00000000ed500000, 0x00000000ed500000| Untracked 
| 214|0x00000000ed600000, 0x00000000ed600000, 0x00000000ed700000|  0%| F|  |TAMS 0x00000000ed600000, 0x00000000ed600000| Untracked 
| 215|0x00000000ed700000, 0x00000000ed700000, 0x00000000ed800000|  0%| F|  |TAMS 0x00000000ed700000, 0x00000000ed700000| Untracked 
| 216|0x00000000ed800000, 0x00000000ed800000, 0x00000000ed900000|  0%| F|  |TAMS 0x00000000ed800000, 0x00000000ed800000| Untracked 
| 217|0x00000000ed900000, 0x00000000ed900000, 0x00000000eda00000|  0%| F|  |TAMS 0x00000000ed900000, 0x00000000ed900000| Untracked 
| 218|0x00000000eda00000, 0x00000000eda00000, 0x00000000edb00000|  0%| F|  |TAMS 0x00000000eda00000, 0x00000000eda00000| Untracked 
| 219|0x00000000edb00000, 0x00000000edc00000, 0x00000000edc00000|100%| E|  |TAMS 0x00000000edb00000, 0x00000000edb00000| Complete 
| 220|0x00000000edc00000, 0x00000000edd00000, 0x00000000edd00000|100%| E|CS|TAMS 0x00000000edc00000, 0x00000000edc00000| Complete 
| 221|0x00000000edd00000, 0x00000000ede00000, 0x00000000ede00000|100%| E|CS|TAMS 0x00000000edd00000, 0x00000000edd00000| Complete 
| 222|0x00000000ede00000, 0x00000000edf00000, 0x00000000edf00000|100%| E|CS|TAMS 0x00000000ede00000, 0x00000000ede00000| Complete 
| 223|0x00000000edf00000, 0x00000000ee000000, 0x00000000ee000000|100%| E|CS|TAMS 0x00000000edf00000, 0x00000000edf00000| Complete 
| 224|0x00000000ee000000, 0x00000000ee100000, 0x00000000ee100000|100%| E|CS|TAMS 0x00000000ee000000, 0x00000000ee000000| Complete 
| 225|0x00000000ee100000, 0x00000000ee200000, 0x00000000ee200000|100%| E|CS|TAMS 0x00000000ee100000, 0x00000000ee100000| Complete 
| 226|0x00000000ee200000, 0x00000000ee300000, 0x00000000ee300000|100%| E|CS|TAMS 0x00000000ee200000, 0x00000000ee200000| Complete 
| 227|0x00000000ee300000, 0x00000000ee400000, 0x00000000ee400000|100%| E|CS|TAMS 0x00000000ee300000, 0x00000000ee300000| Complete 
| 228|0x00000000ee400000, 0x00000000ee500000, 0x00000000ee500000|100%| E|CS|TAMS 0x00000000ee400000, 0x00000000ee400000| Complete 
| 229|0x00000000ee500000, 0x00000000ee600000, 0x00000000ee600000|100%| E|CS|TAMS 0x00000000ee500000, 0x00000000ee500000| Complete 
| 230|0x00000000ee600000, 0x00000000ee700000, 0x00000000ee700000|100%| E|CS|TAMS 0x00000000ee600000, 0x00000000ee600000| Complete 
| 231|0x00000000ee700000, 0x00000000ee800000, 0x00000000ee800000|100%| E|CS|TAMS 0x00000000ee700000, 0x00000000ee700000| Complete 
| 232|0x00000000ee800000, 0x00000000ee900000, 0x00000000ee900000|100%| E|CS|TAMS 0x00000000ee800000, 0x00000000ee800000| Complete 
| 233|0x00000000ee900000, 0x00000000eea00000, 0x00000000eea00000|100%| E|CS|TAMS 0x00000000ee900000, 0x00000000ee900000| Complete 
| 234|0x00000000eea00000, 0x00000000eeb00000, 0x00000000eeb00000|100%| E|CS|TAMS 0x00000000eea00000, 0x00000000eea00000| Complete 
| 235|0x00000000eeb00000, 0x00000000eec00000, 0x00000000eec00000|100%| E|CS|TAMS 0x00000000eeb00000, 0x00000000eeb00000| Complete 
| 236|0x00000000eec00000, 0x00000000eed00000, 0x00000000eed00000|100%| E|CS|TAMS 0x00000000eec00000, 0x00000000eec00000| Complete 
| 237|0x00000000eed00000, 0x00000000eee00000, 0x00000000eee00000|100%| E|CS|TAMS 0x00000000eed00000, 0x00000000eed00000| Complete 
| 238|0x00000000eee00000, 0x00000000eef00000, 0x00000000eef00000|100%| E|CS|TAMS 0x00000000eee00000, 0x00000000eee00000| Complete 
| 239|0x00000000eef00000, 0x00000000ef000000, 0x00000000ef000000|100%| E|CS|TAMS 0x00000000eef00000, 0x00000000eef00000| Complete 
| 240|0x00000000ef000000, 0x00000000ef100000, 0x00000000ef100000|100%| E|CS|TAMS 0x00000000ef000000, 0x00000000ef000000| Complete 
| 241|0x00000000ef100000, 0x00000000ef200000, 0x00000000ef200000|100%| E|CS|TAMS 0x00000000ef100000, 0x00000000ef100000| Complete 
| 242|0x00000000ef200000, 0x00000000ef300000, 0x00000000ef300000|100%| E|CS|TAMS 0x00000000ef200000, 0x00000000ef200000| Complete 
| 243|0x00000000ef300000, 0x00000000ef400000, 0x00000000ef400000|100%| E|CS|TAMS 0x00000000ef300000, 0x00000000ef300000| Complete 
| 244|0x00000000ef400000, 0x00000000ef500000, 0x00000000ef500000|100%| E|CS|TAMS 0x00000000ef400000, 0x00000000ef400000| Complete 
| 245|0x00000000ef500000, 0x00000000ef600000, 0x00000000ef600000|100%| E|CS|TAMS 0x00000000ef500000, 0x00000000ef500000| Complete 
| 246|0x00000000ef600000, 0x00000000ef700000, 0x00000000ef700000|100%| E|CS|TAMS 0x00000000ef600000, 0x00000000ef600000| Complete 
| 247|0x00000000ef700000, 0x00000000ef800000, 0x00000000ef800000|100%| E|CS|TAMS 0x00000000ef700000, 0x00000000ef700000| Complete 
| 248|0x00000000ef800000, 0x00000000ef900000, 0x00000000ef900000|100%| E|CS|TAMS 0x00000000ef800000, 0x00000000ef800000| Complete 
| 249|0x00000000ef900000, 0x00000000efa00000, 0x00000000efa00000|100%| E|CS|TAMS 0x00000000ef900000, 0x00000000ef900000| Complete 
| 250|0x00000000efa00000, 0x00000000efb00000, 0x00000000efb00000|100%| E|CS|TAMS 0x00000000efa00000, 0x00000000efa00000| Complete 
| 251|0x00000000efb00000, 0x00000000efc00000, 0x00000000efc00000|100%| E|CS|TAMS 0x00000000efb00000, 0x00000000efb00000| Complete 
| 252|0x00000000efc00000, 0x00000000efd00000, 0x00000000efd00000|100%| E|CS|TAMS 0x00000000efc00000, 0x00000000efc00000| Complete 
| 253|0x00000000efd00000, 0x00000000efe00000, 0x00000000efe00000|100%| E|  |TAMS 0x00000000efd00000, 0x00000000efd00000| Complete 
| 254|0x00000000efe00000, 0x00000000eff00000, 0x00000000eff00000|100%| E|CS|TAMS 0x00000000efe00000, 0x00000000efe00000| Complete 
| 255|0x00000000eff00000, 0x00000000f0000000, 0x00000000f0000000|100%| E|CS|TAMS 0x00000000eff00000, 0x00000000eff00000| Complete 

Card table byte_map: [0x00000199fbf00000,0x00000199fc000000] _byte_map_base: 0x00000199fb800000

Marking Bits (Prev, Next): (CMBitMap*) 0x00000199e3639f90, (CMBitMap*) 0x00000199e3639fd0
 Prev Bits: [0x00000199fc100000, 0x00000199fc900000)
 Next Bits: [0x00000199fc900000, 0x00000199fd100000)

Polling page: 0x00000199e4e30000

Metaspace:

Usage:
  Non-class:     32.82 MB used.
      Class:      5.41 MB used.
       Both:     38.22 MB used.

Virtual space:
  Non-class space:       64.00 MB reserved,      33.00 MB ( 52%) committed,  1 nodes.
      Class space:      320.00 MB reserved,       5.62 MB (  2%) committed,  1 nodes.
             Both:      384.00 MB reserved,      38.62 MB ( 10%) committed. 

Chunk freelists:
   Non-Class:  14.50 MB
       Class:  10.33 MB
        Both:  24.83 MB

MaxMetaspaceSize: 384.00 MB
CompressedClassSpaceSize: 320.00 MB
Initial GC threshold: 21.00 MB
Current GC threshold: 59.69 MB
CDS: on
MetaspaceReclaimPolicy: balanced
 - commit_granule_bytes: 65536.
 - commit_granule_words: 8192.
 - virtual_space_node_default_size: 8388608.
 - enlarge_chunks_in_place: 1.
 - new_chunks_are_fully_committed: 0.
 - uncommit_free_chunks: 1.
 - use_allocation_guard: 0.
 - handle_deallocations: 1.


Internal statistics:

num_allocs_failed_limit: 9.
num_arena_births: 434.
num_arena_deaths: 0.
num_vsnodes_births: 2.
num_vsnodes_deaths: 0.
num_space_committed: 618.
num_space_uncommitted: 0.
num_chunks_returned_to_freelist: 9.
num_chunks_taken_from_freelist: 1897.
num_chunk_merges: 9.
num_chunk_splits: 1253.
num_chunks_enlarged: 882.
num_purges: 0.
num_inconsistent_stats: 0.

CodeHeap 'non-profiled nmethods': size=120000Kb used=2642Kb max_used=2642Kb free=117357Kb
 bounds [0x00000199f49d0000, 0x00000199f4c70000, 0x00000199fbf00000]
CodeHeap 'profiled nmethods': size=120000Kb used=9320Kb max_used=9320Kb free=110679Kb
 bounds [0x00000199ecf00000, 0x00000199ed820000, 0x00000199f4430000]
CodeHeap 'non-nmethods': size=5760Kb used=2304Kb max_used=2349Kb free=3455Kb
 bounds [0x00000199f4430000, 0x00000199f46a0000, 0x00000199f49d0000]
 total_blobs=5291 nmethods=4478 adapters=725
 compilation: enabled
              stopped_count=0, restarted_count=0
 full_count=0

Compilation events (20 events):
Event: 10.912 Thread 0x00000199ff6e1c80 4501       2       groovyjarjarasm.asm.ClassReader::readInt (52 bytes)
Event: 10.912 Thread 0x00000199ff6e1c80 nmethod 4501 0x00000199ed815e90 code [0x00000199ed816020, 0x00000199ed8161f8]
Event: 10.912 Thread 0x00000199ff6e1c80 4502       2       groovyjarjarasm.asm.ClassReader::createDebugLabel (23 bytes)
Event: 10.913 Thread 0x00000199ff6e1c80 nmethod 4502 0x00000199ed816310 code [0x00000199ed8164c0, 0x00000199ed816758]
Event: 10.914 Thread 0x00000199ff6e1c80 4503       3       jdk.internal.loader.URLClassPath$JarLoader::findResource (18 bytes)
Event: 10.914 Thread 0x00000199ff6e1c80 nmethod 4503 0x00000199ed816910 code [0x00000199ed816ac0, 0x00000199ed816d38]
Event: 10.918 Thread 0x00000199ff6e1c80 4504       2       java.util.concurrent.ConcurrentHashMap$Traverser::<init> (36 bytes)
Event: 10.918 Thread 0x00000199ff6e1c80 nmethod 4504 0x00000199ed816e10 code [0x00000199ed816fa0, 0x00000199ed817138]
Event: 10.919 Thread 0x00000199ff6e1c80 4505       2       org.codehaus.groovy.ast.ASTNode::<init> (25 bytes)
Event: 10.919 Thread 0x00000199ff6e1c80 nmethod 4505 0x00000199ed817210 code [0x00000199ed8173a0, 0x00000199ed8174b8]
Event: 10.919 Thread 0x00000199ff6e1c80 4506       2       org.codehaus.groovy.ast.ClassNode::redirect (19 bytes)
Event: 10.919 Thread 0x00000199ff6e1c80 nmethod 4506 0x00000199ed817590 code [0x00000199ed817720, 0x00000199ed817888]
Event: 10.919 Thread 0x00000199ff6e1c80 4507       2       org.codehaus.groovy.ast.AnnotatedNode::<init> (12 bytes)
Event: 10.920 Thread 0x00000199ff6e1c80 nmethod 4507 0x00000199ed817990 code [0x00000199ed817b20, 0x00000199ed817c98]
Event: 10.920 Thread 0x00000199ff6e1c80 4508       2       java.lang.reflect.Method::getGenericExceptionTypes (5 bytes)
Event: 10.921 Thread 0x00000199ff6e1c80 nmethod 4508 0x00000199ed817d10 code [0x00000199ed817f00, 0x00000199ed8184f8]
Event: 10.921 Thread 0x00000199ff6e1c80 4509       2       sun.reflect.generics.reflectiveObjects.ParameterizedTypeImpl::validateConstructorArguments (82 bytes)
Event: 10.922 Thread 0x00000199ff6e1c80 nmethod 4509 0x00000199ed818790 code [0x00000199ed818a20, 0x00000199ed8195f8]
Event: 10.922 Thread 0x00000199ff6e1c80 4510       2       org.codehaus.groovy.ast.ClassHelper::make (58 bytes)
Event: 10.923 Thread 0x00000199ff6e1c80 nmethod 4510 0x00000199ed819b90 code [0x00000199ed819d80, 0x00000199ed81a028]

GC Heap History (12 events):
Event: 0.599 GC heap before
{Heap before GC invocations=0 (full 0):
 garbage-first heap   total 262144K, used 13312K [0x00000000e0000000, 0x0000000100000000)
  region size 1024K, 13 young (13312K), 0 survivors (0K)
 Metaspace       used 985K, committed 1152K, reserved 393216K
  class space    used 75K, committed 128K, reserved 327680K
}
Event: 0.604 GC heap after
{Heap after GC invocations=1 (full 0):
 garbage-first heap   total 262144K, used 2727K [0x00000000e0000000, 0x0000000100000000)
  region size 1024K, 2 young (2048K), 2 survivors (2048K)
 Metaspace       used 985K, committed 1152K, reserved 393216K
  class space    used 75K, committed 128K, reserved 327680K
}
Event: 1.691 GC heap before
{Heap before GC invocations=1 (full 0):
 garbage-first heap   total 262144K, used 23207K [0x00000000e0000000, 0x0000000100000000)
  region size 1024K, 18 young (18432K), 2 survivors (2048K)
 Metaspace       used 3677K, committed 3840K, reserved 393216K
  class space    used 454K, committed 512K, reserved 327680K
}
Event: 1.697 GC heap after
{Heap after GC invocations=2 (full 0):
 garbage-first heap   total 262144K, used 11063K [0x00000000e0000000, 0x0000000100000000)
  region size 1024K, 3 young (3072K), 3 survivors (3072K)
 Metaspace       used 3677K, committed 3840K, reserved 393216K
  class space    used 454K, committed 512K, reserved 327680K
}
Event: 2.266 GC heap before
{Heap before GC invocations=2 (full 0):
 garbage-first heap   total 262144K, used 32567K [0x00000000e0000000, 0x0000000100000000)
  region size 1024K, 25 young (25600K), 3 survivors (3072K)
 Metaspace       used 4036K, committed 4224K, reserved 393216K
  class space    used 490K, committed 576K, reserved 327680K
}
Event: 2.269 GC heap after
{Heap after GC invocations=3 (full 0):
 garbage-first heap   total 262144K, used 11719K [0x00000000e0000000, 0x0000000100000000)
  region size 1024K, 1 young (1024K), 1 survivors (1024K)
 Metaspace       used 4036K, committed 4224K, reserved 393216K
  class space    used 490K, committed 576K, reserved 327680K
}
Event: 6.270 GC heap before
{Heap before GC invocations=3 (full 0):
 garbage-first heap   total 262144K, used 123335K [0x00000000e0000000, 0x0000000100000000)
  region size 1024K, 110 young (112640K), 1 survivors (1024K)
 Metaspace       used 20367K, committed 20736K, reserved 393216K
  class space    used 2969K, committed 3136K, reserved 327680K
}
Event: 6.336 GC heap after
{Heap after GC invocations=4 (full 0):
 garbage-first heap   total 262144K, used 22687K [0x00000000e0000000, 0x0000000100000000)
  region size 1024K, 12 young (12288K), 12 survivors (12288K)
 Metaspace       used 20367K, committed 20736K, reserved 393216K
  class space    used 2969K, committed 3136K, reserved 327680K
}
Event: 6.524 GC heap before
{Heap before GC invocations=4 (full 0):
 garbage-first heap   total 262144K, used 28831K [0x00000000e0000000, 0x0000000100000000)
  region size 1024K, 19 young (19456K), 12 survivors (12288K)
 Metaspace       used 21262K, committed 21504K, reserved 393216K
  class space    used 3127K, committed 3264K, reserved 327680K
}
Event: 6.537 GC heap after
{Heap after GC invocations=5 (full 0):
 garbage-first heap   total 262144K, used 24087K [0x00000000e0000000, 0x0000000100000000)
  region size 1024K, 2 young (2048K), 2 survivors (2048K)
 Metaspace       used 21262K, committed 21504K, reserved 393216K
  class space    used 3127K, committed 3264K, reserved 327680K
}
Event: 10.129 GC heap before
{Heap before GC invocations=6 (full 0):
 garbage-first heap   total 262144K, used 155159K [0x00000000e0000000, 0x0000000100000000)
  region size 1024K, 116 young (118784K), 2 survivors (2048K)
 Metaspace       used 35891K, committed 36288K, reserved 393216K
  class space    used 4995K, committed 5184K, reserved 327680K
}
Event: 10.143 GC heap after
{Heap after GC invocations=7 (full 0):
 garbage-first heap   total 262144K, used 44893K [0x00000000e0000000, 0x0000000100000000)
  region size 1024K, 11 young (11264K), 11 survivors (11264K)
 Metaspace       used 35891K, committed 36288K, reserved 393216K
  class space    used 4995K, committed 5184K, reserved 327680K
}

Deoptimization events (20 events):
Event: 10.732 Thread 0x000001999abdb9c0 DEOPT UNPACKING pc=0x00000199f44823a3 sp=0x00000041c85f5760 mode 2
Event: 10.739 Thread 0x000001999abdb9c0 Uncommon trap: trap_request=0xffffff45 fr.pc=0x00000199f4c400b8 relative=0x0000000000001858
Event: 10.739 Thread 0x000001999abdb9c0 Uncommon trap: reason=unstable_if action=reinterpret pc=0x00000199f4c400b8 method=java.util.HashMap.putVal(ILjava/lang/Object;Ljava/lang/Object;ZZ)Ljava/lang/Object; @ 109 c2
Event: 10.739 Thread 0x000001999abdb9c0 DEOPT PACKING pc=0x00000199f4c400b8 sp=0x00000041c85f5da0
Event: 10.739 Thread 0x000001999abdb9c0 DEOPT UNPACKING pc=0x00000199f44823a3 sp=0x00000041c85f5c60 mode 2
Event: 10.789 Thread 0x000001999abdb9c0 DEOPT PACKING pc=0x00000199ed7d66d9 sp=0x00000041c85f6820
Event: 10.789 Thread 0x000001999abdb9c0 DEOPT UNPACKING pc=0x00000199f4482b43 sp=0x00000041c85f5d78 mode 0
Event: 10.813 Thread 0x000001999abdb9c0 Uncommon trap: trap_request=0xffffff45 fr.pc=0x00000199f4c5e6c8 relative=0x0000000000001808
Event: 10.813 Thread 0x000001999abdb9c0 Uncommon trap: reason=unstable_if action=reinterpret pc=0x00000199f4c5e6c8 method=groovyjarjarantlr4.v4.runtime.atn.ParserATNSimulator.closure(Lgroovyjarjarantlr4/v4/runtime/atn/ATNConfig;Lgroovyjarjarantlr4/v4/runtime/atn/ATNConfigSet;Lgroovyjarjarantlr4
Event: 10.813 Thread 0x000001999abdb9c0 DEOPT PACKING pc=0x00000199f4c5e6c8 sp=0x00000041c85f6710
Event: 10.813 Thread 0x000001999abdb9c0 DEOPT UNPACKING pc=0x00000199f44823a3 sp=0x00000041c85f6698 mode 2
Event: 10.910 Thread 0x000001999abdb9c0 Uncommon trap: trap_request=0xffffffc6 fr.pc=0x00000199f4c22454 relative=0x00000000000009b4
Event: 10.910 Thread 0x000001999abdb9c0 Uncommon trap: reason=bimorphic_or_optimized_type_check action=maybe_recompile pc=0x00000199f4c22454 method=java.io.BufferedInputStream.read1([BII)I @ 39 c2
Event: 10.910 Thread 0x000001999abdb9c0 DEOPT PACKING pc=0x00000199f4c22454 sp=0x00000041c85f7310
Event: 10.910 Thread 0x000001999abdb9c0 DEOPT UNPACKING pc=0x00000199f44823a3 sp=0x00000041c85f7248 mode 2
Event: 10.910 Thread 0x000001999abdb9c0 Uncommon trap: trap_request=0xffffffc6 fr.pc=0x00000199f4c22454 relative=0x00000000000009b4
Event: 10.910 Thread 0x000001999abdb9c0 Uncommon trap: reason=bimorphic_or_optimized_type_check action=maybe_recompile pc=0x00000199f4c22454 method=java.io.BufferedInputStream.read1([BII)I @ 39 c2
Event: 10.910 Thread 0x000001999abdb9c0 DEOPT PACKING pc=0x00000199f4c22454 sp=0x00000041c85f7310
Event: 10.910 Thread 0x000001999abdb9c0 DEOPT UNPACKING pc=0x00000199f44823a3 sp=0x00000041c85f7248 mode 2
Event: 10.929 Thread 0x000001999abdb9c0 Uncommon trap: trap_request=0xffffffbe fr.pc=0x00000199f4c16ddc relative=0x000000000000081c

Classes unloaded (0 events):
No events

Classes redefined (0 events):
No events

Internal exceptions (20 events):
Event: 9.720 Thread 0x000001999abdb9c0 Exception <a 'java/lang/ClassNotFoundException'{0x00000000e98f7b58}: org/gradle/groovy/scripts/DefaultScriptCustomizer> (0x00000000e98f7b58) 
thrown [s\open\src\hotspot\share\classfile\systemDictionary.cpp, line 256]
Event: 9.724 Thread 0x000001999abdb9c0 Exception <a 'java/lang/ClassNotFoundException'{0x00000000e9720528}: org/gradle/initialization/InitScriptCustomizer> (0x00000000e9720528) 
thrown [s\open\src\hotspot\share\classfile\systemDictionary.cpp, line 256]
Event: 9.725 Thread 0x000001999abdb9c0 Exception <a 'java/lang/ClassNotFoundException'{0x00000000e972f488}: ijMapper1_3omufsj80ibdwm88bqaxi43lwCustomizer> (0x00000000e972f488) 
thrown [s\open\src\hotspot\share\classfile\systemDictionary.cpp, line 256]
Event: 9.747 Thread 0x000001999abdb9c0 Exception <a 'java/lang/ClassNotFoundException'{0x00000000e97ee9b8}: org/gradle/internal/extensibility/DefaultExtraPropertiesExtensionBeanInfo> (0x00000000e97ee9b8) 
thrown [s\open\src\hotspot\share\classfile\systemDictionary.cpp, line 256]
Event: 9.747 Thread 0x000001999abdb9c0 Exception <a 'java/lang/ClassNotFoundException'{0x00000000e97f97b8}: org/gradle/internal/extensibility/DefaultExtraPropertiesExtensionCustomizer> (0x00000000e97f97b8) 
thrown [s\open\src\hotspot\share\classfile\systemDictionary.cpp, line 256]
Event: 9.773 Thread 0x000001999abdb9c0 Exception <a 'java/lang/NoSuchMethodError'{0x00000000e9660990}: 'void java.lang.invoke.Invokers$Holder.invoke_MT(java.lang.Object, java.lang.Object, java.lang.Object, java.lang.Object)'> (0x00000000e9660990) 
thrown [s\open\src\hotspot\share\interpreter\linkResolver.cpp, line 759]
Event: 9.815 Thread 0x000001999abdb9c0 Exception <a 'java/lang/ClassNotFoundException'{0x00000000e95ba880}: org/gradle/invocation/DefaultGradle_DecoratedBeanInfo> (0x00000000e95ba880) 
thrown [s\open\src\hotspot\share\classfile\systemDictionary.cpp, line 256]
Event: 9.816 Thread 0x000001999abdb9c0 Exception <a 'java/lang/ClassNotFoundException'{0x00000000e95cac58}: org/gradle/invocation/DefaultGradleBeanInfo> (0x00000000e95cac58) 
thrown [s\open\src\hotspot\share\classfile\systemDictionary.cpp, line 256]
Event: 9.816 Thread 0x000001999abdb9c0 Exception <a 'java/lang/ClassNotFoundException'{0x00000000e95db5f0}: org/gradle/api/internal/project/AbstractPluginAwareBeanInfo> (0x00000000e95db5f0) 
thrown [s\open\src\hotspot\share\classfile\systemDictionary.cpp, line 256]
Event: 9.817 Thread 0x000001999abdb9c0 Exception <a 'java/lang/ClassNotFoundException'{0x00000000e95ebfd8}: org/gradle/api/internal/project/AbstractPluginAwareCustomizer> (0x00000000e95ebfd8) 
thrown [s\open\src\hotspot\share\classfile\systemDictionary.cpp, line 256]
Event: 9.818 Thread 0x000001999abdb9c0 Exception <a 'java/lang/ClassNotFoundException'{0x00000000e94024d8}: org/gradle/invocation/DefaultGradleCustomizer> (0x00000000e94024d8) 
thrown [s\open\src\hotspot\share\classfile\systemDictionary.cpp, line 256]
Event: 9.824 Thread 0x000001999abdb9c0 Exception <a 'java/lang/ClassNotFoundException'{0x00000000e94432b8}: org/gradle/invocation/DefaultGradle_DecoratedCustomizer> (0x00000000e94432b8) 
thrown [s\open\src\hotspot\share\classfile\systemDictionary.cpp, line 256]
Event: 9.942 Thread 0x000001999abdb9c0 Exception <a 'java/lang/ClassNotFoundException'{0x00000000e90024d8}: groovy/lang/Closure$1BeanInfo> (0x00000000e90024d8) 
thrown [s\open\src\hotspot\share\classfile\systemDictionary.cpp, line 256]
Event: 9.943 Thread 0x000001999abdb9c0 Exception <a 'java/lang/ClassNotFoundException'{0x00000000e9026ce0}: groovy/lang/ClosureBeanInfo> (0x00000000e9026ce0) 
thrown [s\open\src\hotspot\share\classfile\systemDictionary.cpp, line 256]
Event: 9.943 Thread 0x000001999abdb9c0 Exception <a 'java/lang/ClassNotFoundException'{0x00000000e904b3f0}: groovy/lang/ClosureCustomizer> (0x00000000e904b3f0) 
thrown [s\open\src\hotspot\share\classfile\systemDictionary.cpp, line 256]
Event: 9.948 Thread 0x000001999abdb9c0 Exception <a 'java/lang/ClassNotFoundException'{0x00000000e9093218}: groovy/lang/Closure$1Customizer> (0x00000000e9093218) 
thrown [s\open\src\hotspot\share\classfile\systemDictionary.cpp, line 256]
Event: 10.054 Thread 0x000001999abdb9c0 Exception <a 'java/lang/IncompatibleClassChangeError'{0x00000000e8e33eb0}: Found class java.lang.Object, but interface was expected> (0x00000000e8e33eb0) 
thrown [s\open\src\hotspot\share\interpreter\linkResolver.cpp, line 826]
Event: 10.064 Thread 0x000001999abdb9c0 Exception <a 'java/lang/NoSuchMethodError'{0x00000000e8ea1e50}: 'void java.lang.invoke.DirectMethodHandle$Holder.invokeStatic(java.lang.Object, java.lang.Object, java.lang.Object, java.lang.Object, java.lang.Object, java.lang.Object)'> (0x00000000e8ea1e50) 
thrown [s\open\src\hotspot\share\interpreter\linkResolver.cpp, line 759]
Event: 10.177 Thread 0x000001999abdb9c0 Exception <a 'java/lang/NoSuchMethodError'{0x00000000efe66e58}: 'void java.lang.invoke.DirectMethodHandle$Holder.invokeVirtual(java.lang.Object, java.lang.Object)'> (0x00000000efe66e58) 
thrown [s\open\src\hotspot\share\interpreter\linkResolver.cpp, line 759]
Event: 10.880 Thread 0x000001999abdb9c0 Exception <a 'java/lang/NoSuchMethodError'{0x00000000edc197c8}: 'void java.lang.invoke.DirectMethodHandle$Holder.invokeSpecialIFC(java.lang.Object, java.lang.Object, java.lang.Object)'> (0x00000000edc197c8) 
thrown [s\open\src\hotspot\share\interpreter\linkResolver.cpp, line 759]

VM Operations (20 events):
Event: 10.129 Executing VM operation: CollectForMetadataAllocation
Event: 10.143 Executing VM operation: CollectForMetadataAllocation done
Event: 10.181 Executing VM operation: CollectForMetadataAllocation
Event: 10.181 Executing VM operation: CollectForMetadataAllocation done
Event: 10.191 Executing VM operation: G1Concurrent
Event: 10.195 Executing VM operation: G1Concurrent done
Event: 10.210 Executing VM operation: G1Concurrent
Event: 10.211 Executing VM operation: G1Concurrent done
Event: 10.344 Executing VM operation: HandshakeAllThreads
Event: 10.344 Executing VM operation: HandshakeAllThreads done
Event: 10.466 Executing VM operation: HandshakeAllThreads
Event: 10.466 Executing VM operation: HandshakeAllThreads done
Event: 10.521 Executing VM operation: HandshakeAllThreads
Event: 10.521 Executing VM operation: HandshakeAllThreads done
Event: 10.561 Executing VM operation: ICBufferFull
Event: 10.561 Executing VM operation: ICBufferFull done
Event: 10.689 Executing VM operation: HandshakeAllThreads
Event: 10.689 Executing VM operation: HandshakeAllThreads done
Event: 10.853 Executing VM operation: ICBufferFull
Event: 10.853 Executing VM operation: ICBufferFull done

Events (20 events):
Event: 10.689 loading class java/util/stream/Nodes$IntFixedNodeBuilder
Event: 10.691 loading class java/util/stream/Node$Builder$OfInt
Event: 10.691 loading class java/util/stream/Node$Builder$OfInt done
Event: 10.691 loading class java/util/stream/Nodes$IntArrayNode
Event: 10.691 loading class java/util/stream/Nodes$IntArrayNode done
Event: 10.691 loading class java/util/stream/Nodes$IntFixedNodeBuilder done
Event: 10.692 loading class java/util/stream/SortedOps$SizedIntSortingSink
Event: 10.693 loading class java/util/stream/SortedOps$AbstractIntSortingSink
Event: 10.694 loading class java/util/stream/SortedOps$AbstractIntSortingSink done
Event: 10.694 loading class java/util/stream/SortedOps$SizedIntSortingSink done
Event: 10.694 loading class java/util/stream/ReferencePipeline$4$1
Event: 10.695 loading class java/util/stream/ReferencePipeline$4$1 done
Event: 10.844 loading class java/util/stream/ReduceOps$9
Event: 10.845 loading class java/util/stream/ReduceOps$9 done
Event: 10.845 loading class java/util/stream/ReduceOps$CountingSink$OfInt
Event: 10.846 loading class java/util/stream/ReduceOps$CountingSink
Event: 10.846 loading class java/util/stream/ReduceOps$CountingSink done
Event: 10.846 loading class java/util/stream/ReduceOps$CountingSink$OfInt done
Event: 10.859 loading class java/util/LinkedList$LLSpliterator
Event: 10.859 loading class java/util/LinkedList$LLSpliterator done


Dynamic libraries:
0x00007ff6dcb20000 - 0x00007ff6dcb30000 	C:\Program Files\Java\jdk-17\bin\java.exe
0x00007ff8d3170000 - 0x00007ff8d3368000 	C:\WINDOWS\SYSTEM32\ntdll.dll
0x00007ff8d2570000 - 0x00007ff8d262d000 	C:\WINDOWS\System32\KERNEL32.DLL
0x00007ff8d0920000 - 0x00007ff8d0c16000 	C:\WINDOWS\System32\KERNELBASE.dll
0x00007ff8d0c20000 - 0x00007ff8d0d20000 	C:\WINDOWS\System32\ucrtbase.dll
0x00007ff8b22e0000 - 0x00007ff8b22fb000 	C:\Program Files\Java\jdk-17\bin\VCRUNTIME140.dll
0x00007ff8b2030000 - 0x00007ff8b2049000 	C:\Program Files\Java\jdk-17\bin\jli.dll
0x00007ff8d1260000 - 0x00007ff8d1310000 	C:\WINDOWS\System32\ADVAPI32.dll
0x00007ff8d1d50000 - 0x00007ff8d1dee000 	C:\WINDOWS\System32\msvcrt.dll
0x00007ff8d1370000 - 0x00007ff8d1410000 	C:\WINDOWS\System32\sechost.dll
0x00007ff8d17a0000 - 0x00007ff8d18c3000 	C:\WINDOWS\System32\RPCRT4.dll
0x00007ff8d10d0000 - 0x00007ff8d10f7000 	C:\WINDOWS\System32\bcrypt.dll
0x00007ff8d2ad0000 - 0x00007ff8d2c6f000 	C:\WINDOWS\System32\USER32.dll
0x00007ff8d10a0000 - 0x00007ff8d10c2000 	C:\WINDOWS\System32\win32u.dll
0x00007ff8d2630000 - 0x00007ff8d265b000 	C:\WINDOWS\System32\GDI32.dll
0x00007ff8d0f80000 - 0x00007ff8d1097000 	C:\WINDOWS\System32\gdi32full.dll
0x00007ff8c7a80000 - 0x00007ff8c7d1a000 	C:\WINDOWS\WinSxS\amd64_microsoft.windows.common-controls_6595b64144ccf1df_6.0.19041.3636_none_60b6a03d71f818d5\COMCTL32.dll
0x00007ff8d1100000 - 0x00007ff8d119d000 	C:\WINDOWS\System32\msvcp_win.dll
0x00007ff8cc190000 - 0x00007ff8cc19a000 	C:\WINDOWS\SYSTEM32\VERSION.dll
0x00007ff8d18e0000 - 0x00007ff8d1912000 	C:\WINDOWS\System32\IMM32.DLL
0x00007ff8c0210000 - 0x00007ff8c021c000 	C:\Program Files\Java\jdk-17\bin\vcruntime140_1.dll
0x00007ff8a0410000 - 0x00007ff8a049e000 	C:\Program Files\Java\jdk-17\bin\msvcp140.dll
0x00007ff89c130000 - 0x00007ff89cd0e000 	C:\Program Files\Java\jdk-17\bin\server\jvm.dll
0x00007ff8d18d0000 - 0x00007ff8d18d8000 	C:\WINDOWS\System32\PSAPI.DLL
0x00007ff8c64d0000 - 0x00007ff8c64d9000 	C:\WINDOWS\SYSTEM32\WSOCK32.dll
0x00007ff8c79e0000 - 0x00007ff8c7a07000 	C:\WINDOWS\SYSTEM32\WINMM.dll
0x00007ff8d2c70000 - 0x00007ff8d2cdb000 	C:\WINDOWS\System32\WS2_32.dll
0x00007ff8cf110000 - 0x00007ff8cf122000 	C:\WINDOWS\SYSTEM32\kernel.appcore.dll
0x00007ff8bf550000 - 0x00007ff8bf55a000 	C:\Program Files\Java\jdk-17\bin\jimage.dll
0x00007ff8ced40000 - 0x00007ff8cef24000 	C:\WINDOWS\SYSTEM32\DBGHELP.DLL
0x00007ff8c8f90000 - 0x00007ff8c8fc4000 	C:\WINDOWS\SYSTEM32\dbgcore.DLL
0x00007ff8d0d90000 - 0x00007ff8d0e12000 	C:\WINDOWS\System32\bcryptPrimitives.dll
0x00007ff8cc300000 - 0x00007ff8cc30e000 	C:\Program Files\Java\jdk-17\bin\instrument.dll
0x00007ff8be860000 - 0x00007ff8be885000 	C:\Program Files\Java\jdk-17\bin\java.dll
0x00007ff89d980000 - 0x00007ff89da57000 	C:\Program Files\Java\jdk-17\bin\jsvml.dll
0x00007ff8d1e00000 - 0x00007ff8d256b000 	C:\WINDOWS\System32\SHELL32.dll
0x00007ff8ce4e0000 - 0x00007ff8cec7e000 	C:\WINDOWS\SYSTEM32\windows.storage.dll
0x00007ff8d1920000 - 0x00007ff8d1c73000 	C:\WINDOWS\System32\combase.dll
0x00007ff8d0180000 - 0x00007ff8d01ae000 	C:\WINDOWS\SYSTEM32\Wldp.dll
0x00007ff8d1c80000 - 0x00007ff8d1d4d000 	C:\WINDOWS\System32\OLEAUT32.dll
0x00007ff8d3080000 - 0x00007ff8d312d000 	C:\WINDOWS\System32\SHCORE.dll
0x00007ff8d11a0000 - 0x00007ff8d11f5000 	C:\WINDOWS\System32\shlwapi.dll
0x00007ff8d0750000 - 0x00007ff8d0773000 	C:\WINDOWS\SYSTEM32\profapi.dll
0x00007ff8c8060000 - 0x00007ff8c8078000 	C:\Program Files\Java\jdk-17\bin\zip.dll
0x00007ff8b9380000 - 0x00007ff8b9399000 	C:\Program Files\Java\jdk-17\bin\net.dll
0x00007ff8c9aa0000 - 0x00007ff8c9baa000 	C:\WINDOWS\SYSTEM32\WINHTTP.dll
0x00007ff8cfee0000 - 0x00007ff8cff4a000 	C:\WINDOWS\system32\mswsock.dll
0x00007ff8b9360000 - 0x00007ff8b9376000 	C:\Program Files\Java\jdk-17\bin\nio.dll
0x00007ff8bedd0000 - 0x00007ff8bede0000 	C:\Program Files\Java\jdk-17\bin\verify.dll
0x00007ff8b9160000 - 0x00007ff8b9187000 	C:\Users\Imran Shaikh\.gradle\native\c067742578af261105cb4f569cf0c3c89f3d7b1fecec35dd04571415982c5e48\windows-amd64\native-platform.dll
0x00007ff8a6b60000 - 0x00007ff8a6ca4000 	C:\Users\Imran Shaikh\.gradle\native\38dada09dfb8b06ba9b0570ebf7e218e3eb74d4ef43ca46872605cf95ebc2f47\windows-amd64\native-platform-file-events.dll
0x00007ff8cc280000 - 0x00007ff8cc28a000 	C:\Program Files\Java\jdk-17\bin\management.dll
0x00007ff8c7d20000 - 0x00007ff8c7d2b000 	C:\Program Files\Java\jdk-17\bin\management_ext.dll
0x00007ff8d00d0000 - 0x00007ff8d00e8000 	C:\WINDOWS\SYSTEM32\CRYPTSP.dll
0x00007ff8cf800000 - 0x00007ff8cf834000 	C:\WINDOWS\system32\rsaenh.dll
0x00007ff8d0710000 - 0x00007ff8d073e000 	C:\WINDOWS\SYSTEM32\USERENV.dll
0x00007ff8d00f0000 - 0x00007ff8d00fc000 	C:\WINDOWS\SYSTEM32\CRYPTBASE.dll
0x00007ff8cfbc0000 - 0x00007ff8cfbfb000 	C:\WINDOWS\SYSTEM32\IPHLPAPI.DLL
0x00007ff8d15c0000 - 0x00007ff8d15c8000 	C:\WINDOWS\System32\NSI.dll
0x00007ff8caa50000 - 0x00007ff8caa67000 	C:\WINDOWS\SYSTEM32\dhcpcsvc6.DLL
0x00007ff8cb410000 - 0x00007ff8cb42d000 	C:\WINDOWS\SYSTEM32\dhcpcsvc.DLL
0x00007ff8cfc50000 - 0x00007ff8cfd1b000 	C:\WINDOWS\SYSTEM32\DNSAPI.dll
0x00007ff8c7970000 - 0x00007ff8c797e000 	C:\Program Files\Java\jdk-17\bin\sunmscapi.dll
0x00007ff8d0e20000 - 0x00007ff8d0f7e000 	C:\WINDOWS\System32\CRYPT32.dll
0x00007ff8d01f0000 - 0x00007ff8d0218000 	C:\WINDOWS\SYSTEM32\ncrypt.dll
0x00007ff8d01b0000 - 0x00007ff8d01eb000 	C:\WINDOWS\SYSTEM32\NTASN1.dll
0x00007ff8c0030000 - 0x00007ff8c0037000 	C:\WINDOWS\system32\wshunix.dll

dbghelp: loaded successfully - version: 4.0.5 - missing functions: none
symbol engine: initialized successfully - sym options: 0x614 - pdb path: .;C:\Program Files\Java\jdk-17\bin;C:\WINDOWS\SYSTEM32;C:\WINDOWS\WinSxS\amd64_microsoft.windows.common-controls_6595b64144ccf1df_6.0.19041.3636_none_60b6a03d71f818d5;C:\Program Files\Java\jdk-17\bin\server;C:\Users\Imran Shaikh\.gradle\native\c067742578af261105cb4f569cf0c3c89f3d7b1fecec35dd04571415982c5e48\windows-amd64;C:\Users\Imran Shaikh\.gradle\native\38dada09dfb8b06ba9b0570ebf7e218e3eb74d4ef43ca46872605cf95ebc2f47\windows-amd64

VM Arguments:
jvm_args: --add-opens=java.base/java.util=ALL-UNNAMED --add-opens=java.base/java.lang=ALL-UNNAMED --add-opens=java.base/java.lang.invoke=ALL-UNNAMED --add-opens=java.prefs/java.util.prefs=ALL-UNNAMED --add-opens=java.base/java.nio.charset=ALL-UNNAMED --add-opens=java.base/java.net=ALL-UNNAMED --add-opens=java.base/java.util.concurrent.atomic=ALL-UNNAMED -XX:MaxMetaspaceSize=384m -XX:+HeapDumpOnOutOfMemoryError -Xms256m -Xmx512m -Dfile.encoding=windows-1252 -Duser.country=IN -Duser.language=en -Duser.variant -javaagent:C:\Users\Imran Shaikh\.gradle\wrapper\dists\gradle-8.7-bin\bhs2wmbdwecv87pi65oeuq5iu\gradle-8.7\lib\agents\gradle-instrumentation-agent-8.7.jar 
java_command: org.gradle.launcher.daemon.bootstrap.GradleDaemon 8.7
java_class_path (initial): C:\Users\Imran Shaikh\.gradle\wrapper\dists\gradle-8.7-bin\bhs2wmbdwecv87pi65oeuq5iu\gradle-8.7\lib\gradle-launcher-8.7.jar
Launcher Type: SUN_STANDARD

[Global flags]
     intx CICompilerCount                          = 3                                         {product} {ergonomic}
   size_t CompressedClassSpaceSize                 = 335544320                                 {product} {ergonomic}
     uint ConcGCThreads                            = 1                                         {product} {ergonomic}
     uint G1ConcRefinementThreads                  = 4                                         {product} {ergonomic}
   size_t G1HeapRegionSize                         = 1048576                                   {product} {ergonomic}
    uintx GCDrainStackTargetSize                   = 64                                        {product} {ergonomic}
     bool HeapDumpOnOutOfMemoryError               = true                                   {manageable} {command line}
   size_t InitialHeapSize                          = 268435456                                 {product} {command line}
   size_t MarkStackSize                            = 4194304                                   {product} {ergonomic}
   size_t MaxHeapSize                              = 536870912                                 {product} {command line}
   size_t MaxMetaspaceSize                         = 402653184                                 {product} {command line}
   size_t MaxNewSize                               = 321912832                                 {product} {ergonomic}
   size_t MinHeapDeltaBytes                        = 1048576                                   {product} {ergonomic}
   size_t MinHeapSize                              = 268435456                                 {product} {command line}
    uintx NonNMethodCodeHeapSize                   = 5832780                                {pd product} {ergonomic}
    uintx NonProfiledCodeHeapSize                  = 122912730                              {pd product} {ergonomic}
    uintx ProfiledCodeHeapSize                     = 122912730                              {pd product} {ergonomic}
    uintx ReservedCodeCacheSize                    = 251658240                              {pd product} {ergonomic}
     bool SegmentedCodeCache                       = true                                      {product} {ergonomic}
   size_t SoftMaxHeapSize                          = 536870912                              {manageable} {ergonomic}
     bool UseCompressedClassPointers               = true                           {product lp64_product} {ergonomic}
     bool UseCompressedOops                        = true                           {product lp64_product} {ergonomic}
     bool UseG1GC                                  = true                                      {product} {ergonomic}
     bool UseLargePagesIndividualAllocation        = false                                  {pd product} {ergonomic}

Logging:
Log output configuration:
 #0: stdout all=warning uptime,level,tags
 #1: stderr all=off uptime,level,tags

Environment Variables:
JAVA_HOME=C:\Program Files\Java\jdk1.8.0_111
PATH=C:\Program Files\Common Files\Oracle\Java\javapath;C:\Program Files\Python37\Scripts\;C:\Program Files\Python37\;C:\Program Files (x86)\Common Files\Oracle\Java\javapath;C:\Program Files\bin;C:\Program Files (x86)\Intel\iCLS Client\;C:\Program Files\Intel\iCLS Client\;C:\ProgramData\Oracle\Java\javapath;C:\Program Files\Java\jdk1.8.0_111\bin;C:\Program Files (x86)\Intel\Intel(R) Management Engine Components\DAL;C:\Program Files\Intel\Intel(R) Management Engine Components\DAL;C:\Program Files (x86)\Intel\Intel(R) Management Engine Components\IPT;C:\Program Files\Intel\Intel(R) Management Engine Components\IPT;C:\WINDOWS\system32;C:\WINDOWS;C:\WINDOWS\System32\Wbem;C:\WINDOWS\System32\WindowsPowerShell\v1.0\;C:\WINDOWS\System32\OpenSSH\;C:\Program Files\apache-maven-3.6.3\bin;G:\Putty\Putty setup\;G:\project\gdcmlib;C:\Program Files\Java\jdk-17\bin;C:\Program Files\Git\cmd;C:\Users\Imran Shaikh\AppData\Local\Microsoft\WindowsApps;C:\Program Files\Php;;C:\Users\Imran Shaikh\.ebcli-virtual-env\executables;C:\Users\Imran Shaikh\AppData\Local\Programs\Microsoft VS Code\bin
USERNAME=Imran Shaikh
OS=Windows_NT
PROCESSOR_IDENTIFIER=Intel64 Family 6 Model 142 Stepping 9, GenuineIntel



---------------  S Y S T E M  ---------------

OS:
 Windows 10 , 64 bit Build 19041 (10.0.19041.3636)
OS uptime: 3 days 23:53 hours

CPU: total 4 (initial active 4) (2 cores per cpu, 2 threads per core) family 6 model 142 stepping 9 microcode 0xde, cx8, cmov, fxsr, ht, mmx, 3dnowpref, sse, sse2, sse3, ssse3, sse4.1, sse4.2, popcnt, lzcnt, tsc, tscinvbit, avx, avx2, aes, erms, clmul, bmi1, bmi2, adx, fma, vzeroupper, clflush, clflushopt

Memory: 4k page, system-wide physical 8107M (685M free)
TotalPageFile size 8107M (AvailPageFile size 5M)
current process WorkingSet (physical memory assigned to process): 316M, peak: 316M
current process commit charge ("private bytes"): 444M, peak: 444M

vm_info: Java HotSpot(TM) 64-Bit Server VM (17.0.8+9-LTS-211) for windows-amd64 JRE (17.0.8+9-LTS-211), built on Jun 14 2023 10:34:31 by "mach5one" with MS VC++ 17.1 (VS2022)

END.
