#
# There is insufficient memory for the Java Runtime Environment to continue.
# Native memory allocation (malloc) failed to allocate 1202256 bytes for Chunk::new
# Possible reasons:
#   The system is out of physical RAM or swap space
#   The process is running with CompressedOops enabled, and the Java Heap may be blocking the growth of the native heap
# Possible solutions:
#   Reduce memory load on the system
#   Increase physical memory or swap space
#   Check if swap backing store is full
#   Decrease Java heap size (-Xmx/-Xms)
#   Decrease number of Java threads
#   Decrease Java thread stack sizes (-Xss)
#   Set larger code cache with -XX:ReservedCodeCacheSize=
#   JVM is running with Unscaled Compressed Oops mode in which the Java heap is
#     placed in the first 4GB address space. The Java Heap base address is the
#     maximum limit for the native heap growth. Please use -XX:HeapBaseMinAddress
#     to set the Java Heap base and to place the Java Heap above 4GB virtual address.
# This output file may be truncated or incomplete.
#
#  Out of Memory Error (arena.cpp:189), pid=9608, tid=9724
#
# JRE version: Java(TM) SE Runtime Environment (17.0.8+9) (build 17.0.8+9-LTS-211)
# Java VM: Java HotSpot(TM) 64-Bit Server VM (17.0.8+9-LTS-211, mixed mode, sharing, tiered, compressed oops, compressed class ptrs, g1 gc, windows-amd64)
# No core dump will be written. Minidumps are not enabled by default on client versions of Windows
#

---------------  S U M M A R Y ------------

Command Line: --add-opens=java.base/java.util=ALL-UNNAMED --add-opens=java.base/java.lang=ALL-UNNAMED --add-opens=java.base/java.lang.invoke=ALL-UNNAMED --add-opens=java.prefs/java.util.prefs=ALL-UNNAMED --add-opens=java.base/java.nio.charset=ALL-UNNAMED --add-opens=java.base/java.net=ALL-UNNAMED --add-opens=java.base/java.util.concurrent.atomic=ALL-UNNAMED -XX:MaxMetaspaceSize=384m -XX:+HeapDumpOnOutOfMemoryError -Xms256m -Xmx512m -Dfile.encoding=windows-1252 -Duser.country=IN -Duser.language=en -Duser.variant -javaagent:C:\Users\Imran Shaikh\.gradle\wrapper\dists\gradle-8.7-bin\bhs2wmbdwecv87pi65oeuq5iu\gradle-8.7\lib\agents\gradle-instrumentation-agent-8.7.jar org.gradle.launcher.daemon.bootstrap.GradleDaemon 8.7

Host: Intel(R) Core(TM) i3-7100U CPU @ 2.40GHz, 4 cores, 7G,  Windows 10 , 64 bit Build 19041 (10.0.19041.3636)
Time: Fri Apr 19 19:45:11 2024 India Standard Time elapsed time: 9.460802 seconds (0d 0h 0m 9s)

---------------  T H R E A D  ---------------

Current thread (0x000001c002197d20):  JavaThread "C2 CompilerThread0" daemon [_thread_in_native, id=9724, stack(0x0000009b5bd00000,0x0000009b5be00000)]


Current CompileTask:
C2:   9460 4306       4       groovyjarjarantlr4.v4.runtime.atn.ParserATNSimulator::ruleTransition (94 bytes)

Stack: [0x0000009b5bd00000,0x0000009b5be00000]
Native frames: (J=compiled Java code, j=interpreted, Vv=VM code, C=native code)
V  [jvm.dll+0x677d0a]
V  [jvm.dll+0x7d8c54]
V  [jvm.dll+0x7da3fe]
V  [jvm.dll+0x7daa63]
V  [jvm.dll+0x245c5f]
V  [jvm.dll+0xaaa6b]
V  [jvm.dll+0xab00c]
V  [jvm.dll+0x361e3f]
V  [jvm.dll+0x32c551]
V  [jvm.dll+0x32b9ea]
V  [jvm.dll+0x217fff]
V  [jvm.dll+0x217431]
V  [jvm.dll+0x1a3af0]
V  [jvm.dll+0x2270be]
V  [jvm.dll+0x22535b]
V  [jvm.dll+0x78e7bc]
V  [jvm.dll+0x788bba]
V  [jvm.dll+0x676b35]
C  [ucrtbase.dll+0x21bb2]
C  [KERNEL32.DLL+0x17344]
C  [ntdll.dll+0x526b1]


---------------  P R O C E S S  ---------------

Threads class SMR info:
_java_thread_list=0x000001c01d5d9e60, length=35, elements={
0x000001c0661569c0, 0x000001c002167da0, 0x000001c00216ab30, 0x000001c002183990,
0x000001c002183e60, 0x000001c002184330, 0x000001c002186010, 0x000001c002197d20,
0x000001c0021b8f50, 0x000001c0021c4950, 0x000001c002182ff0, 0x000001c0021834c0,
0x000001c002184800, 0x000001c002185b40, 0x000001c002182650, 0x000001c002184cd0,
0x000001c0021851a0, 0x000001c002185670, 0x000001c002182b20, 0x000001c01d1b2860,
0x000001c01d1b7560, 0x000001c01d1b3ba0, 0x000001c01d1b2390, 0x000001c01d1b7a30,
0x000001c01d1b4070, 0x000001c01d1b4540, 0x000001c01d1b66f0, 0x000001c01d1b9240,
0x000001c01d1b19f0, 0x000001c01d1b4a10, 0x000001c01d1b4ee0, 0x000001c01e7f6010,
0x000001c01d1b6bc0, 0x000001c01d1b7090, 0x000001c01d1b2d30
}

Java Threads: ( => current thread )
  0x000001c0661569c0 JavaThread "main" [_thread_blocked, id=9728, stack(0x0000009b5b000000,0x0000009b5b100000)]
  0x000001c002167da0 JavaThread "Reference Handler" daemon [_thread_blocked, id=2800, stack(0x0000009b5b700000,0x0000009b5b800000)]
  0x000001c00216ab30 JavaThread "Finalizer" daemon [_thread_blocked, id=14292, stack(0x0000009b5b800000,0x0000009b5b900000)]
  0x000001c002183990 JavaThread "Signal Dispatcher" daemon [_thread_blocked, id=4636, stack(0x0000009b5b900000,0x0000009b5ba00000)]
  0x000001c002183e60 JavaThread "Attach Listener" daemon [_thread_blocked, id=7484, stack(0x0000009b5ba00000,0x0000009b5bb00000)]
  0x000001c002184330 JavaThread "Service Thread" daemon [_thread_blocked, id=1600, stack(0x0000009b5bb00000,0x0000009b5bc00000)]
  0x000001c002186010 JavaThread "Monitor Deflation Thread" daemon [_thread_blocked, id=1344, stack(0x0000009b5bc00000,0x0000009b5bd00000)]
=>0x000001c002197d20 JavaThread "C2 CompilerThread0" daemon [_thread_in_native, id=9724, stack(0x0000009b5bd00000,0x0000009b5be00000)]
  0x000001c0021b8f50 JavaThread "C1 CompilerThread0" daemon [_thread_blocked, id=5328, stack(0x0000009b5be00000,0x0000009b5bf00000)]
  0x000001c0021c4950 JavaThread "Sweeper thread" daemon [_thread_blocked, id=11576, stack(0x0000009b5bf00000,0x0000009b5c000000)]
  0x000001c002182ff0 JavaThread "Common-Cleaner" daemon [_thread_blocked, id=6648, stack(0x0000009b5c000000,0x0000009b5c100000)]
  0x000001c0021834c0 JavaThread "Notification Thread" daemon [_thread_blocked, id=9080, stack(0x0000009b5c100000,0x0000009b5c200000)]
  0x000001c002184800 JavaThread "Daemon health stats" [_thread_blocked, id=11988, stack(0x0000009b5c700000,0x0000009b5c800000)]
  0x000001c002185b40 JavaThread "Incoming local TCP Connector on port 55945" [_thread_in_native, id=3596, stack(0x0000009b5c800000,0x0000009b5c900000)]
  0x000001c002182650 JavaThread "Daemon periodic checks" [_thread_blocked, id=10604, stack(0x0000009b5c900000,0x0000009b5ca00000)]
  0x000001c002184cd0 JavaThread "Daemon" [_thread_blocked, id=10992, stack(0x0000009b5ca00000,0x0000009b5cb00000)]
  0x000001c0021851a0 JavaThread "Handler for socket connection from /127.0.0.1:55945 to /127.0.0.1:55946" [_thread_in_native, id=1260, stack(0x0000009b5cb00000,0x0000009b5cc00000)]
  0x000001c002185670 JavaThread "Cancel handler" [_thread_blocked, id=660, stack(0x0000009b5cc00000,0x0000009b5cd00000)]
  0x000001c002182b20 JavaThread "Daemon worker" [_thread_in_native, id=11784, stack(0x0000009b5cd00000,0x0000009b5ce00000)]
  0x000001c01d1b2860 JavaThread "Asynchronous log dispatcher for DefaultDaemonConnection: socket connection from /127.0.0.1:55945 to /127.0.0.1:55946" [_thread_blocked, id=3588, stack(0x0000009b5ce00000,0x0000009b5cf00000)]
  0x000001c01d1b7560 JavaThread "Stdin handler" [_thread_blocked, id=7364, stack(0x0000009b5cf00000,0x0000009b5d000000)]
  0x000001c01d1b3ba0 JavaThread "Daemon client event forwarder" [_thread_blocked, id=8204, stack(0x0000009b5d000000,0x0000009b5d100000)]
  0x000001c01d1b2390 JavaThread "Cache worker for journal cache (C:\Users\Imran Shaikh\.gradle\caches\journal-1)" [_thread_blocked, id=9648, stack(0x0000009b5d100000,0x0000009b5d200000)]
  0x000001c01d1b7a30 JavaThread "File lock request listener" [_thread_in_native, id=9136, stack(0x0000009b5d200000,0x0000009b5d300000)]
  0x000001c01d1b4070 JavaThread "Cache worker for file hash cache (C:\Users\Imran Shaikh\.gradle\caches\8.7\fileHashes)" [_thread_blocked, id=6104, stack(0x0000009b5d300000,0x0000009b5d400000)]
  0x000001c01d1b4540 JavaThread "Cache worker for file hash cache (G:\Intelij-WorkSpace\SpringBoot\spring-cloud-aws-dynamodb\spring-cloud-aws-dynamodb\.gradle\8.7\fileHashes)" [_thread_blocked, id=11696, stack(0x0000009b5d400000,0x0000009b5d500000)]
  0x000001c01d1b66f0 JavaThread "File watcher server" daemon [_thread_in_native, id=11728, stack(0x0000009b5d500000,0x0000009b5d600000)]
  0x000001c01d1b9240 JavaThread "File watcher consumer" daemon [_thread_blocked, id=6152, stack(0x0000009b5d600000,0x0000009b5d700000)]
  0x000001c01d1b19f0 JavaThread "Cache worker for checksums cache (G:\Intelij-WorkSpace\SpringBoot\spring-cloud-aws-dynamodb\spring-cloud-aws-dynamodb\.gradle\8.7\checksums)" [_thread_blocked, id=14072, stack(0x0000009b5d700000,0x0000009b5d800000)]
  0x000001c01d1b4a10 JavaThread "Cache worker for cache directory md-supplier (C:\Users\Imran Shaikh\.gradle\caches\8.7\md-supplier)" [_thread_blocked, id=9208, stack(0x0000009b5d800000,0x0000009b5d900000)]
  0x000001c01d1b4ee0 JavaThread "Cache worker for cache directory md-rule (C:\Users\Imran Shaikh\.gradle\caches\8.7\md-rule)" [_thread_blocked, id=8684, stack(0x0000009b5c300000,0x0000009b5c400000)]
  0x000001c01e7f6010 JavaThread "C2 CompilerThread1" daemon [_thread_in_native, id=7972, stack(0x0000009b5d900000,0x0000009b5da00000)]
  0x000001c01d1b6bc0 JavaThread "Cache worker for file content cache (C:\Users\Imran Shaikh\.gradle\caches\8.7\fileContent)" [_thread_blocked, id=5916, stack(0x0000009b5da00000,0x0000009b5db00000)]
  0x000001c01d1b7090 JavaThread "jar transforms" [_thread_blocked, id=9420, stack(0x0000009b5db00000,0x0000009b5dc00000)]
  0x000001c01d1b2d30 JavaThread "jar transforms Thread 2" [_thread_blocked, id=4804, stack(0x0000009b5dc00000,0x0000009b5dd00000)]

Other Threads:
  0x000001c002162e40 VMThread "VM Thread" [stack: 0x0000009b5b600000,0x0000009b5b700000] [id=5424]
  0x000001c066191cc0 WatcherThread [stack: 0x0000009b5c200000,0x0000009b5c300000] [id=14080]
  0x000001c066184d10 GCTaskThread "GC Thread#0" [stack: 0x0000009b5b100000,0x0000009b5b200000] [id=14288]
  0x000001c0025c4420 GCTaskThread "GC Thread#1" [stack: 0x0000009b5c400000,0x0000009b5c500000] [id=14296]
  0x000001c0027677e0 GCTaskThread "GC Thread#2" [stack: 0x0000009b5c500000,0x0000009b5c600000] [id=1968]
  0x000001c002741c20 GCTaskThread "GC Thread#3" [stack: 0x0000009b5c600000,0x0000009b5c700000] [id=8316]
  0x000001c06618ab70 ConcurrentGCThread "G1 Main Marker" [stack: 0x0000009b5b200000,0x0000009b5b300000] [id=9012]
  0x000001c06618bc30 ConcurrentGCThread "G1 Conc#0" [stack: 0x0000009b5b300000,0x0000009b5b400000] [id=14252]
  0x000001c0020324c0 ConcurrentGCThread "G1 Refine#0" [stack: 0x0000009b5b400000,0x0000009b5b500000] [id=1596]
  0x000001c01eb19c60 ConcurrentGCThread "G1 Refine#1" [stack: 0x0000009b5dd00000,0x0000009b5de00000] [id=7288]
  0x000001c002032df0 ConcurrentGCThread "G1 Service" [stack: 0x0000009b5b500000,0x0000009b5b600000] [id=13684]

Threads with active compile tasks:
C2 CompilerThread0     9505 4306       4       groovyjarjarantlr4.v4.runtime.atn.ParserATNSimulator::ruleTransition (94 bytes)
C2 CompilerThread1     9505 4308       4       groovyjarjarantlr4.v4.runtime.atn.PredictionContext::getCachedContext (297 bytes)

VM state: not at safepoint (normal execution)

VM Mutex/Monitor currently owned by a thread: None

Heap address: 0x00000000e0000000, size: 512 MB, Compressed Oops mode: 32-bit

CDS archive(s) mapped at: [0x000001c003000000-0x000001c003bd0000-0x000001c003bd0000), size 12386304, SharedBaseAddress: 0x000001c003000000, ArchiveRelocationMode: 1.
Compressed class space mapped at: 0x000001c004000000-0x000001c018000000, reserved size: 335544320
Narrow klass base: 0x000001c003000000, Narrow klass shift: 0, Narrow klass range: 0x100000000

GC Precious Log:
 CPUs: 4 total, 4 available
 Memory: 8107M
 Large Page Support: Disabled
 NUMA Support: Disabled
 Compressed Oops: Enabled (32-bit)
 Heap Region Size: 1M
 Heap Min Capacity: 256M
 Heap Initial Capacity: 256M
 Heap Max Capacity: 512M
 Pre-touch: Disabled
 Parallel Workers: 4
 Concurrent Workers: 1
 Concurrent Refinement Workers: 4
 Periodic GC: Disabled

Heap:
 garbage-first heap   total 262144K, used 146728K [0x00000000e0000000, 0x0000000100000000)
  region size 1024K, 123 young (125952K), 9 survivors (9216K)
 Metaspace       used 38193K, committed 38592K, reserved 393216K
  class space    used 5373K, committed 5568K, reserved 327680K

Heap Regions: E=young(eden), S=young(survivor), O=old, HS=humongous(starts), HC=humongous(continues), CS=collection set, F=free, OA=open archive, CA=closed archive, TAMS=top-at-mark-start (previous, next)
|   0|0x00000000e0000000, 0x00000000e0100000, 0x00000000e0100000|100%| O|  |TAMS 0x00000000e0100000, 0x00000000e0000000| Untracked 
|   1|0x00000000e0100000, 0x00000000e0200000, 0x00000000e0200000|100%|HS|  |TAMS 0x00000000e0200000, 0x00000000e0100000| Complete 
|   2|0x00000000e0200000, 0x00000000e0300000, 0x00000000e0300000|100%|HC|  |TAMS 0x00000000e0300000, 0x00000000e0200000| Complete 
|   3|0x00000000e0300000, 0x00000000e0400000, 0x00000000e0400000|100%|HC|  |TAMS 0x00000000e0400000, 0x00000000e0300000| Complete 
|   4|0x00000000e0400000, 0x00000000e0500000, 0x00000000e0500000|100%|HC|  |TAMS 0x00000000e0500000, 0x00000000e0400000| Complete 
|   5|0x00000000e0500000, 0x00000000e0600000, 0x00000000e0600000|100%| O|  |TAMS 0x00000000e0600000, 0x00000000e0500000| Untracked 
|   6|0x00000000e0600000, 0x00000000e0700000, 0x00000000e0700000|100%| O|  |TAMS 0x00000000e0700000, 0x00000000e0600000| Untracked 
|   7|0x00000000e0700000, 0x00000000e0800000, 0x00000000e0800000|100%| O|  |TAMS 0x00000000e0800000, 0x00000000e0700000| Untracked 
|   8|0x00000000e0800000, 0x00000000e0900000, 0x00000000e0900000|100%| O|  |TAMS 0x00000000e0900000, 0x00000000e0800000| Untracked 
|   9|0x00000000e0900000, 0x00000000e0a00000, 0x00000000e0a00000|100%| O|  |TAMS 0x00000000e0a00000, 0x00000000e0900000| Untracked 
|  10|0x00000000e0a00000, 0x00000000e0b00000, 0x00000000e0b00000|100%| O|  |TAMS 0x00000000e0b00000, 0x00000000e0a00000| Untracked 
|  11|0x00000000e0b00000, 0x00000000e0c00000, 0x00000000e0c00000|100%| O|  |TAMS 0x00000000e0c00000, 0x00000000e0b00000| Untracked 
|  12|0x00000000e0c00000, 0x00000000e0d00000, 0x00000000e0d00000|100%| O|  |TAMS 0x00000000e0d00000, 0x00000000e0c00000| Complete 
|  13|0x00000000e0d00000, 0x00000000e0e00000, 0x00000000e0e00000|100%| O|  |TAMS 0x00000000e0e00000, 0x00000000e0d00000| Untracked 
|  14|0x00000000e0e00000, 0x00000000e0f00000, 0x00000000e0f00000|100%| O|  |TAMS 0x00000000e0f00000, 0x00000000e0e00000| Untracked 
|  15|0x00000000e0f00000, 0x00000000e1000000, 0x00000000e1000000|100%| O|  |TAMS 0x00000000e1000000, 0x00000000e0f00000| Untracked 
|  16|0x00000000e1000000, 0x00000000e1100000, 0x00000000e1100000|100%| O|  |TAMS 0x00000000e1100000, 0x00000000e1000000| Untracked 
|  17|0x00000000e1100000, 0x00000000e1200000, 0x00000000e1200000|100%| O|  |TAMS 0x00000000e1200000, 0x00000000e1100000| Untracked 
|  18|0x00000000e1200000, 0x00000000e1300000, 0x00000000e1300000|100%| O|  |TAMS 0x00000000e1300000, 0x00000000e1200000| Untracked 
|  19|0x00000000e1300000, 0x00000000e1400000, 0x00000000e1400000|100%| O|  |TAMS 0x00000000e1400000, 0x00000000e1300000| Untracked 
|  20|0x00000000e1400000, 0x00000000e1500000, 0x00000000e1500000|100%| O|  |TAMS 0x00000000e1500000, 0x00000000e1400000| Untracked 
|  21|0x00000000e1500000, 0x00000000e15d4200, 0x00000000e1600000| 82%| O|  |TAMS 0x00000000e15d4200, 0x00000000e1500000| Untracked 
|  22|0x00000000e1600000, 0x00000000e1600000, 0x00000000e1700000|  0%| F|  |TAMS 0x00000000e1600000, 0x00000000e1600000| Untracked 
|  23|0x00000000e1700000, 0x00000000e1700000, 0x00000000e1800000|  0%| F|  |TAMS 0x00000000e1700000, 0x00000000e1700000| Untracked 
|  24|0x00000000e1800000, 0x00000000e1800000, 0x00000000e1900000|  0%| F|  |TAMS 0x00000000e1800000, 0x00000000e1800000| Untracked 
|  25|0x00000000e1900000, 0x00000000e1900000, 0x00000000e1a00000|  0%| F|  |TAMS 0x00000000e1900000, 0x00000000e1900000| Untracked 
|  26|0x00000000e1a00000, 0x00000000e1a00000, 0x00000000e1b00000|  0%| F|  |TAMS 0x00000000e1a00000, 0x00000000e1a00000| Untracked 
|  27|0x00000000e1b00000, 0x00000000e1b00000, 0x00000000e1c00000|  0%| F|  |TAMS 0x00000000e1b00000, 0x00000000e1b00000| Untracked 
|  28|0x00000000e1c00000, 0x00000000e1c00000, 0x00000000e1d00000|  0%| F|  |TAMS 0x00000000e1c00000, 0x00000000e1c00000| Untracked 
|  29|0x00000000e1d00000, 0x00000000e1d00000, 0x00000000e1e00000|  0%| F|  |TAMS 0x00000000e1d00000, 0x00000000e1d00000| Untracked 
|  30|0x00000000e1e00000, 0x00000000e1e00000, 0x00000000e1f00000|  0%| F|  |TAMS 0x00000000e1e00000, 0x00000000e1e00000| Untracked 
|  31|0x00000000e1f00000, 0x00000000e1f00000, 0x00000000e2000000|  0%| F|  |TAMS 0x00000000e1f00000, 0x00000000e1f00000| Untracked 
|  32|0x00000000e2000000, 0x00000000e2000000, 0x00000000e2100000|  0%| F|  |TAMS 0x00000000e2000000, 0x00000000e2000000| Untracked 
|  33|0x00000000e2100000, 0x00000000e2100000, 0x00000000e2200000|  0%| F|  |TAMS 0x00000000e2100000, 0x00000000e2100000| Untracked 
|  34|0x00000000e2200000, 0x00000000e2200000, 0x00000000e2300000|  0%| F|  |TAMS 0x00000000e2200000, 0x00000000e2200000| Untracked 
|  35|0x00000000e2300000, 0x00000000e2300000, 0x00000000e2400000|  0%| F|  |TAMS 0x00000000e2300000, 0x00000000e2300000| Untracked 
|  36|0x00000000e2400000, 0x00000000e2400000, 0x00000000e2500000|  0%| F|  |TAMS 0x00000000e2400000, 0x00000000e2400000| Untracked 
|  37|0x00000000e2500000, 0x00000000e2500000, 0x00000000e2600000|  0%| F|  |TAMS 0x00000000e2500000, 0x00000000e2500000| Untracked 
|  38|0x00000000e2600000, 0x00000000e2600000, 0x00000000e2700000|  0%| F|  |TAMS 0x00000000e2600000, 0x00000000e2600000| Untracked 
|  39|0x00000000e2700000, 0x00000000e2700000, 0x00000000e2800000|  0%| F|  |TAMS 0x00000000e2700000, 0x00000000e2700000| Untracked 
|  40|0x00000000e2800000, 0x00000000e2800000, 0x00000000e2900000|  0%| F|  |TAMS 0x00000000e2800000, 0x00000000e2800000| Untracked 
|  41|0x00000000e2900000, 0x00000000e2900000, 0x00000000e2a00000|  0%| F|  |TAMS 0x00000000e2900000, 0x00000000e2900000| Untracked 
|  42|0x00000000e2a00000, 0x00000000e2a00000, 0x00000000e2b00000|  0%| F|  |TAMS 0x00000000e2a00000, 0x00000000e2a00000| Untracked 
|  43|0x00000000e2b00000, 0x00000000e2b00000, 0x00000000e2c00000|  0%| F|  |TAMS 0x00000000e2b00000, 0x00000000e2b00000| Untracked 
|  44|0x00000000e2c00000, 0x00000000e2c00000, 0x00000000e2d00000|  0%| F|  |TAMS 0x00000000e2c00000, 0x00000000e2c00000| Untracked 
|  45|0x00000000e2d00000, 0x00000000e2d00000, 0x00000000e2e00000|  0%| F|  |TAMS 0x00000000e2d00000, 0x00000000e2d00000| Untracked 
|  46|0x00000000e2e00000, 0x00000000e2e00000, 0x00000000e2f00000|  0%| F|  |TAMS 0x00000000e2e00000, 0x00000000e2e00000| Untracked 
|  47|0x00000000e2f00000, 0x00000000e2f00000, 0x00000000e3000000|  0%| F|  |TAMS 0x00000000e2f00000, 0x00000000e2f00000| Untracked 
|  48|0x00000000e3000000, 0x00000000e3000000, 0x00000000e3100000|  0%| F|  |TAMS 0x00000000e3000000, 0x00000000e3000000| Untracked 
|  49|0x00000000e3100000, 0x00000000e3100000, 0x00000000e3200000|  0%| F|  |TAMS 0x00000000e3100000, 0x00000000e3100000| Untracked 
|  50|0x00000000e3200000, 0x00000000e3200000, 0x00000000e3300000|  0%| F|  |TAMS 0x00000000e3200000, 0x00000000e3200000| Untracked 
|  51|0x00000000e3300000, 0x00000000e3300000, 0x00000000e3400000|  0%| F|  |TAMS 0x00000000e3300000, 0x00000000e3300000| Untracked 
|  52|0x00000000e3400000, 0x00000000e3400000, 0x00000000e3500000|  0%| F|  |TAMS 0x00000000e3400000, 0x00000000e3400000| Untracked 
|  53|0x00000000e3500000, 0x00000000e3500000, 0x00000000e3600000|  0%| F|  |TAMS 0x00000000e3500000, 0x00000000e3500000| Untracked 
|  54|0x00000000e3600000, 0x00000000e3600000, 0x00000000e3700000|  0%| F|  |TAMS 0x00000000e3600000, 0x00000000e3600000| Untracked 
|  55|0x00000000e3700000, 0x00000000e3700000, 0x00000000e3800000|  0%| F|  |TAMS 0x00000000e3700000, 0x00000000e3700000| Untracked 
|  56|0x00000000e3800000, 0x00000000e3800000, 0x00000000e3900000|  0%| F|  |TAMS 0x00000000e3800000, 0x00000000e3800000| Untracked 
|  57|0x00000000e3900000, 0x00000000e3900000, 0x00000000e3a00000|  0%| F|  |TAMS 0x00000000e3900000, 0x00000000e3900000| Untracked 
|  58|0x00000000e3a00000, 0x00000000e3a00000, 0x00000000e3b00000|  0%| F|  |TAMS 0x00000000e3a00000, 0x00000000e3a00000| Untracked 
|  59|0x00000000e3b00000, 0x00000000e3b00000, 0x00000000e3c00000|  0%| F|  |TAMS 0x00000000e3b00000, 0x00000000e3b00000| Untracked 
|  60|0x00000000e3c00000, 0x00000000e3c00000, 0x00000000e3d00000|  0%| F|  |TAMS 0x00000000e3c00000, 0x00000000e3c00000| Untracked 
|  61|0x00000000e3d00000, 0x00000000e3d00000, 0x00000000e3e00000|  0%| F|  |TAMS 0x00000000e3d00000, 0x00000000e3d00000| Untracked 
|  62|0x00000000e3e00000, 0x00000000e3e00000, 0x00000000e3f00000|  0%| F|  |TAMS 0x00000000e3e00000, 0x00000000e3e00000| Untracked 
|  63|0x00000000e3f00000, 0x00000000e3f00000, 0x00000000e4000000|  0%| F|  |TAMS 0x00000000e3f00000, 0x00000000e3f00000| Untracked 
|  64|0x00000000e4000000, 0x00000000e4000000, 0x00000000e4100000|  0%| F|  |TAMS 0x00000000e4000000, 0x00000000e4000000| Untracked 
|  65|0x00000000e4100000, 0x00000000e4100000, 0x00000000e4200000|  0%| F|  |TAMS 0x00000000e4100000, 0x00000000e4100000| Untracked 
|  66|0x00000000e4200000, 0x00000000e4200000, 0x00000000e4300000|  0%| F|  |TAMS 0x00000000e4200000, 0x00000000e4200000| Untracked 
|  67|0x00000000e4300000, 0x00000000e4300000, 0x00000000e4400000|  0%| F|  |TAMS 0x00000000e4300000, 0x00000000e4300000| Untracked 
|  68|0x00000000e4400000, 0x00000000e4400000, 0x00000000e4500000|  0%| F|  |TAMS 0x00000000e4400000, 0x00000000e4400000| Untracked 
|  69|0x00000000e4500000, 0x00000000e4500000, 0x00000000e4600000|  0%| F|  |TAMS 0x00000000e4500000, 0x00000000e4500000| Untracked 
|  70|0x00000000e4600000, 0x00000000e4600000, 0x00000000e4700000|  0%| F|  |TAMS 0x00000000e4600000, 0x00000000e4600000| Untracked 
|  71|0x00000000e4700000, 0x00000000e4700000, 0x00000000e4800000|  0%| F|  |TAMS 0x00000000e4700000, 0x00000000e4700000| Untracked 
|  72|0x00000000e4800000, 0x00000000e4800000, 0x00000000e4900000|  0%| F|  |TAMS 0x00000000e4800000, 0x00000000e4800000| Untracked 
|  73|0x00000000e4900000, 0x00000000e4900000, 0x00000000e4a00000|  0%| F|  |TAMS 0x00000000e4900000, 0x00000000e4900000| Untracked 
|  74|0x00000000e4a00000, 0x00000000e4a00000, 0x00000000e4b00000|  0%| F|  |TAMS 0x00000000e4a00000, 0x00000000e4a00000| Untracked 
|  75|0x00000000e4b00000, 0x00000000e4b00000, 0x00000000e4c00000|  0%| F|  |TAMS 0x00000000e4b00000, 0x00000000e4b00000| Untracked 
|  76|0x00000000e4c00000, 0x00000000e4c00000, 0x00000000e4d00000|  0%| F|  |TAMS 0x00000000e4c00000, 0x00000000e4c00000| Untracked 
|  77|0x00000000e4d00000, 0x00000000e4d00000, 0x00000000e4e00000|  0%| F|  |TAMS 0x00000000e4d00000, 0x00000000e4d00000| Untracked 
|  78|0x00000000e4e00000, 0x00000000e4e00000, 0x00000000e4f00000|  0%| F|  |TAMS 0x00000000e4e00000, 0x00000000e4e00000| Untracked 
|  79|0x00000000e4f00000, 0x00000000e4f00000, 0x00000000e5000000|  0%| F|  |TAMS 0x00000000e4f00000, 0x00000000e4f00000| Untracked 
|  80|0x00000000e5000000, 0x00000000e5000000, 0x00000000e5100000|  0%| F|  |TAMS 0x00000000e5000000, 0x00000000e5000000| Untracked 
|  81|0x00000000e5100000, 0x00000000e5100000, 0x00000000e5200000|  0%| F|  |TAMS 0x00000000e5100000, 0x00000000e5100000| Untracked 
|  82|0x00000000e5200000, 0x00000000e5200000, 0x00000000e5300000|  0%| F|  |TAMS 0x00000000e5200000, 0x00000000e5200000| Untracked 
|  83|0x00000000e5300000, 0x00000000e5300000, 0x00000000e5400000|  0%| F|  |TAMS 0x00000000e5300000, 0x00000000e5300000| Untracked 
|  84|0x00000000e5400000, 0x00000000e5400000, 0x00000000e5500000|  0%| F|  |TAMS 0x00000000e5400000, 0x00000000e5400000| Untracked 
|  85|0x00000000e5500000, 0x00000000e5500000, 0x00000000e5600000|  0%| F|  |TAMS 0x00000000e5500000, 0x00000000e5500000| Untracked 
|  86|0x00000000e5600000, 0x00000000e5600000, 0x00000000e5700000|  0%| F|  |TAMS 0x00000000e5600000, 0x00000000e5600000| Untracked 
|  87|0x00000000e5700000, 0x00000000e5700000, 0x00000000e5800000|  0%| F|  |TAMS 0x00000000e5700000, 0x00000000e5700000| Untracked 
|  88|0x00000000e5800000, 0x00000000e5800000, 0x00000000e5900000|  0%| F|  |TAMS 0x00000000e5800000, 0x00000000e5800000| Untracked 
|  89|0x00000000e5900000, 0x00000000e5900000, 0x00000000e5a00000|  0%| F|  |TAMS 0x00000000e5900000, 0x00000000e5900000| Untracked 
|  90|0x00000000e5a00000, 0x00000000e5a00000, 0x00000000e5b00000|  0%| F|  |TAMS 0x00000000e5a00000, 0x00000000e5a00000| Untracked 
|  91|0x00000000e5b00000, 0x00000000e5b00000, 0x00000000e5c00000|  0%| F|  |TAMS 0x00000000e5b00000, 0x00000000e5b00000| Untracked 
|  92|0x00000000e5c00000, 0x00000000e5c00000, 0x00000000e5d00000|  0%| F|  |TAMS 0x00000000e5c00000, 0x00000000e5c00000| Untracked 
|  93|0x00000000e5d00000, 0x00000000e5d00000, 0x00000000e5e00000|  0%| F|  |TAMS 0x00000000e5d00000, 0x00000000e5d00000| Untracked 
|  94|0x00000000e5e00000, 0x00000000e5e00000, 0x00000000e5f00000|  0%| F|  |TAMS 0x00000000e5e00000, 0x00000000e5e00000| Untracked 
|  95|0x00000000e5f00000, 0x00000000e5f00000, 0x00000000e6000000|  0%| F|  |TAMS 0x00000000e5f00000, 0x00000000e5f00000| Untracked 
|  96|0x00000000e6000000, 0x00000000e6000000, 0x00000000e6100000|  0%| F|  |TAMS 0x00000000e6000000, 0x00000000e6000000| Untracked 
|  97|0x00000000e6100000, 0x00000000e6100000, 0x00000000e6200000|  0%| F|  |TAMS 0x00000000e6100000, 0x00000000e6100000| Untracked 
|  98|0x00000000e6200000, 0x00000000e6200000, 0x00000000e6300000|  0%| F|  |TAMS 0x00000000e6200000, 0x00000000e6200000| Untracked 
|  99|0x00000000e6300000, 0x00000000e6300000, 0x00000000e6400000|  0%| F|  |TAMS 0x00000000e6300000, 0x00000000e6300000| Untracked 
| 100|0x00000000e6400000, 0x00000000e6400000, 0x00000000e6500000|  0%| F|  |TAMS 0x00000000e6400000, 0x00000000e6400000| Untracked 
| 101|0x00000000e6500000, 0x00000000e6500000, 0x00000000e6600000|  0%| F|  |TAMS 0x00000000e6500000, 0x00000000e6500000| Untracked 
| 102|0x00000000e6600000, 0x00000000e6600000, 0x00000000e6700000|  0%| F|  |TAMS 0x00000000e6600000, 0x00000000e6600000| Untracked 
| 103|0x00000000e6700000, 0x00000000e6700000, 0x00000000e6800000|  0%| F|  |TAMS 0x00000000e6700000, 0x00000000e6700000| Untracked 
| 104|0x00000000e6800000, 0x00000000e6800000, 0x00000000e6900000|  0%| F|  |TAMS 0x00000000e6800000, 0x00000000e6800000| Untracked 
| 105|0x00000000e6900000, 0x00000000e6900000, 0x00000000e6a00000|  0%| F|  |TAMS 0x00000000e6900000, 0x00000000e6900000| Untracked 
| 106|0x00000000e6a00000, 0x00000000e6a00000, 0x00000000e6b00000|  0%| F|  |TAMS 0x00000000e6a00000, 0x00000000e6a00000| Untracked 
| 107|0x00000000e6b00000, 0x00000000e6b00000, 0x00000000e6c00000|  0%| F|  |TAMS 0x00000000e6b00000, 0x00000000e6b00000| Untracked 
| 108|0x00000000e6c00000, 0x00000000e6c00000, 0x00000000e6d00000|  0%| F|  |TAMS 0x00000000e6c00000, 0x00000000e6c00000| Untracked 
| 109|0x00000000e6d00000, 0x00000000e6d00000, 0x00000000e6e00000|  0%| F|  |TAMS 0x00000000e6d00000, 0x00000000e6d00000| Untracked 
| 110|0x00000000e6e00000, 0x00000000e6e00000, 0x00000000e6f00000|  0%| F|  |TAMS 0x00000000e6e00000, 0x00000000e6e00000| Untracked 
| 111|0x00000000e6f00000, 0x00000000e6f00000, 0x00000000e7000000|  0%| F|  |TAMS 0x00000000e6f00000, 0x00000000e6f00000| Untracked 
| 112|0x00000000e7000000, 0x00000000e7000000, 0x00000000e7100000|  0%| F|  |TAMS 0x00000000e7000000, 0x00000000e7000000| Untracked 
| 113|0x00000000e7100000, 0x00000000e7100000, 0x00000000e7200000|  0%| F|  |TAMS 0x00000000e7100000, 0x00000000e7100000| Untracked 
| 114|0x00000000e7200000, 0x00000000e7200000, 0x00000000e7300000|  0%| F|  |TAMS 0x00000000e7200000, 0x00000000e7200000| Untracked 
| 115|0x00000000e7300000, 0x00000000e7300000, 0x00000000e7400000|  0%| F|  |TAMS 0x00000000e7300000, 0x00000000e7300000| Untracked 
| 116|0x00000000e7400000, 0x00000000e7400000, 0x00000000e7500000|  0%| F|  |TAMS 0x00000000e7400000, 0x00000000e7400000| Untracked 
| 117|0x00000000e7500000, 0x00000000e7500000, 0x00000000e7600000|  0%| F|  |TAMS 0x00000000e7500000, 0x00000000e7500000| Untracked 
| 118|0x00000000e7600000, 0x00000000e7600000, 0x00000000e7700000|  0%| F|  |TAMS 0x00000000e7600000, 0x00000000e7600000| Untracked 
| 119|0x00000000e7700000, 0x00000000e7700000, 0x00000000e7800000|  0%| F|  |TAMS 0x00000000e7700000, 0x00000000e7700000| Untracked 
| 120|0x00000000e7800000, 0x00000000e7800000, 0x00000000e7900000|  0%| F|  |TAMS 0x00000000e7800000, 0x00000000e7800000| Untracked 
| 121|0x00000000e7900000, 0x00000000e7900000, 0x00000000e7a00000|  0%| F|  |TAMS 0x00000000e7900000, 0x00000000e7900000| Untracked 
| 122|0x00000000e7a00000, 0x00000000e7a00000, 0x00000000e7b00000|  0%| F|  |TAMS 0x00000000e7a00000, 0x00000000e7a00000| Untracked 
| 123|0x00000000e7b00000, 0x00000000e7b00000, 0x00000000e7c00000|  0%| F|  |TAMS 0x00000000e7b00000, 0x00000000e7b00000| Untracked 
| 124|0x00000000e7c00000, 0x00000000e7c00000, 0x00000000e7d00000|  0%| F|  |TAMS 0x00000000e7c00000, 0x00000000e7c00000| Untracked 
| 125|0x00000000e7d00000, 0x00000000e7d00000, 0x00000000e7e00000|  0%| F|  |TAMS 0x00000000e7d00000, 0x00000000e7d00000| Untracked 
| 126|0x00000000e7e00000, 0x00000000e7e00000, 0x00000000e7f00000|  0%| F|  |TAMS 0x00000000e7e00000, 0x00000000e7e00000| Untracked 
| 127|0x00000000e7f00000, 0x00000000e7f00000, 0x00000000e8000000|  0%| F|  |TAMS 0x00000000e7f00000, 0x00000000e7f00000| Untracked 
| 128|0x00000000e8000000, 0x00000000e8000000, 0x00000000e8100000|  0%| F|  |TAMS 0x00000000e8000000, 0x00000000e8000000| Untracked 
| 129|0x00000000e8100000, 0x00000000e8100000, 0x00000000e8200000|  0%| F|  |TAMS 0x00000000e8100000, 0x00000000e8100000| Untracked 
| 130|0x00000000e8200000, 0x00000000e8200000, 0x00000000e8300000|  0%| F|  |TAMS 0x00000000e8200000, 0x00000000e8200000| Untracked 
| 131|0x00000000e8300000, 0x00000000e8300000, 0x00000000e8400000|  0%| F|  |TAMS 0x00000000e8300000, 0x00000000e8300000| Untracked 
| 132|0x00000000e8400000, 0x00000000e8400000, 0x00000000e8500000|  0%| F|  |TAMS 0x00000000e8400000, 0x00000000e8400000| Untracked 
| 133|0x00000000e8500000, 0x00000000e85c8688, 0x00000000e8600000| 78%| E|  |TAMS 0x00000000e8500000, 0x00000000e8500000| Complete 
| 134|0x00000000e8600000, 0x00000000e8700000, 0x00000000e8700000|100%| E|CS|TAMS 0x00000000e8600000, 0x00000000e8600000| Complete 
| 135|0x00000000e8700000, 0x00000000e8800000, 0x00000000e8800000|100%| E|CS|TAMS 0x00000000e8700000, 0x00000000e8700000| Complete 
| 136|0x00000000e8800000, 0x00000000e8900000, 0x00000000e8900000|100%| E|CS|TAMS 0x00000000e8800000, 0x00000000e8800000| Complete 
| 137|0x00000000e8900000, 0x00000000e8a00000, 0x00000000e8a00000|100%| E|CS|TAMS 0x00000000e8900000, 0x00000000e8900000| Complete 
| 138|0x00000000e8a00000, 0x00000000e8b00000, 0x00000000e8b00000|100%| E|CS|TAMS 0x00000000e8a00000, 0x00000000e8a00000| Complete 
| 139|0x00000000e8b00000, 0x00000000e8c00000, 0x00000000e8c00000|100%| E|CS|TAMS 0x00000000e8b00000, 0x00000000e8b00000| Complete 
| 140|0x00000000e8c00000, 0x00000000e8c76058, 0x00000000e8d00000| 46%| S|CS|TAMS 0x00000000e8c00000, 0x00000000e8c00000| Complete 
| 141|0x00000000e8d00000, 0x00000000e8e00000, 0x00000000e8e00000|100%| S|CS|TAMS 0x00000000e8d00000, 0x00000000e8d00000| Complete 
| 142|0x00000000e8e00000, 0x00000000e8f00000, 0x00000000e8f00000|100%| S|CS|TAMS 0x00000000e8e00000, 0x00000000e8e00000| Complete 
| 143|0x00000000e8f00000, 0x00000000e9000000, 0x00000000e9000000|100%| S|CS|TAMS 0x00000000e8f00000, 0x00000000e8f00000| Complete 
| 144|0x00000000e9000000, 0x00000000e9100000, 0x00000000e9100000|100%| S|CS|TAMS 0x00000000e9000000, 0x00000000e9000000| Complete 
| 145|0x00000000e9100000, 0x00000000e9200000, 0x00000000e9200000|100%| S|CS|TAMS 0x00000000e9100000, 0x00000000e9100000| Complete 
| 146|0x00000000e9200000, 0x00000000e9300000, 0x00000000e9300000|100%| S|CS|TAMS 0x00000000e9200000, 0x00000000e9200000| Complete 
| 147|0x00000000e9300000, 0x00000000e9400000, 0x00000000e9400000|100%| S|CS|TAMS 0x00000000e9300000, 0x00000000e9300000| Complete 
| 148|0x00000000e9400000, 0x00000000e9500000, 0x00000000e9500000|100%| S|CS|TAMS 0x00000000e9400000, 0x00000000e9400000| Complete 
| 149|0x00000000e9500000, 0x00000000e9600000, 0x00000000e9600000|100%| E|CS|TAMS 0x00000000e9500000, 0x00000000e9500000| Complete 
| 150|0x00000000e9600000, 0x00000000e9700000, 0x00000000e9700000|100%| E|CS|TAMS 0x00000000e9600000, 0x00000000e9600000| Complete 
| 151|0x00000000e9700000, 0x00000000e9800000, 0x00000000e9800000|100%| E|CS|TAMS 0x00000000e9700000, 0x00000000e9700000| Complete 
| 152|0x00000000e9800000, 0x00000000e9900000, 0x00000000e9900000|100%| E|CS|TAMS 0x00000000e9800000, 0x00000000e9800000| Complete 
| 153|0x00000000e9900000, 0x00000000e9a00000, 0x00000000e9a00000|100%| E|CS|TAMS 0x00000000e9900000, 0x00000000e9900000| Complete 
| 154|0x00000000e9a00000, 0x00000000e9b00000, 0x00000000e9b00000|100%| E|CS|TAMS 0x00000000e9a00000, 0x00000000e9a00000| Complete 
| 155|0x00000000e9b00000, 0x00000000e9c00000, 0x00000000e9c00000|100%| E|CS|TAMS 0x00000000e9b00000, 0x00000000e9b00000| Complete 
| 156|0x00000000e9c00000, 0x00000000e9d00000, 0x00000000e9d00000|100%| E|CS|TAMS 0x00000000e9c00000, 0x00000000e9c00000| Complete 
| 157|0x00000000e9d00000, 0x00000000e9e00000, 0x00000000e9e00000|100%| E|CS|TAMS 0x00000000e9d00000, 0x00000000e9d00000| Complete 
| 158|0x00000000e9e00000, 0x00000000e9f00000, 0x00000000e9f00000|100%| E|CS|TAMS 0x00000000e9e00000, 0x00000000e9e00000| Complete 
| 159|0x00000000e9f00000, 0x00000000ea000000, 0x00000000ea000000|100%| E|CS|TAMS 0x00000000e9f00000, 0x00000000e9f00000| Complete 
| 160|0x00000000ea000000, 0x00000000ea100000, 0x00000000ea100000|100%| E|CS|TAMS 0x00000000ea000000, 0x00000000ea000000| Complete 
| 161|0x00000000ea100000, 0x00000000ea200000, 0x00000000ea200000|100%| E|CS|TAMS 0x00000000ea100000, 0x00000000ea100000| Complete 
| 162|0x00000000ea200000, 0x00000000ea300000, 0x00000000ea300000|100%| E|CS|TAMS 0x00000000ea200000, 0x00000000ea200000| Complete 
| 163|0x00000000ea300000, 0x00000000ea400000, 0x00000000ea400000|100%| E|CS|TAMS 0x00000000ea300000, 0x00000000ea300000| Complete 
| 164|0x00000000ea400000, 0x00000000ea500000, 0x00000000ea500000|100%| E|CS|TAMS 0x00000000ea400000, 0x00000000ea400000| Complete 
| 165|0x00000000ea500000, 0x00000000ea600000, 0x00000000ea600000|100%| E|CS|TAMS 0x00000000ea500000, 0x00000000ea500000| Complete 
| 166|0x00000000ea600000, 0x00000000ea700000, 0x00000000ea700000|100%| E|CS|TAMS 0x00000000ea600000, 0x00000000ea600000| Complete 
| 167|0x00000000ea700000, 0x00000000ea800000, 0x00000000ea800000|100%| E|CS|TAMS 0x00000000ea700000, 0x00000000ea700000| Complete 
| 168|0x00000000ea800000, 0x00000000ea900000, 0x00000000ea900000|100%| E|CS|TAMS 0x00000000ea800000, 0x00000000ea800000| Complete 
| 169|0x00000000ea900000, 0x00000000eaa00000, 0x00000000eaa00000|100%| E|CS|TAMS 0x00000000ea900000, 0x00000000ea900000| Complete 
| 170|0x00000000eaa00000, 0x00000000eab00000, 0x00000000eab00000|100%| E|CS|TAMS 0x00000000eaa00000, 0x00000000eaa00000| Complete 
| 171|0x00000000eab00000, 0x00000000eac00000, 0x00000000eac00000|100%| E|CS|TAMS 0x00000000eab00000, 0x00000000eab00000| Complete 
| 172|0x00000000eac00000, 0x00000000ead00000, 0x00000000ead00000|100%| E|CS|TAMS 0x00000000eac00000, 0x00000000eac00000| Complete 
| 173|0x00000000ead00000, 0x00000000eae00000, 0x00000000eae00000|100%| E|CS|TAMS 0x00000000ead00000, 0x00000000ead00000| Complete 
| 174|0x00000000eae00000, 0x00000000eaf00000, 0x00000000eaf00000|100%| E|CS|TAMS 0x00000000eae00000, 0x00000000eae00000| Complete 
| 175|0x00000000eaf00000, 0x00000000eb000000, 0x00000000eb000000|100%| E|CS|TAMS 0x00000000eaf00000, 0x00000000eaf00000| Complete 
| 176|0x00000000eb000000, 0x00000000eb100000, 0x00000000eb100000|100%| E|CS|TAMS 0x00000000eb000000, 0x00000000eb000000| Complete 
| 177|0x00000000eb100000, 0x00000000eb200000, 0x00000000eb200000|100%| E|CS|TAMS 0x00000000eb100000, 0x00000000eb100000| Complete 
| 178|0x00000000eb200000, 0x00000000eb300000, 0x00000000eb300000|100%| E|CS|TAMS 0x00000000eb200000, 0x00000000eb200000| Complete 
| 179|0x00000000eb300000, 0x00000000eb400000, 0x00000000eb400000|100%| E|CS|TAMS 0x00000000eb300000, 0x00000000eb300000| Complete 
| 180|0x00000000eb400000, 0x00000000eb500000, 0x00000000eb500000|100%| E|CS|TAMS 0x00000000eb400000, 0x00000000eb400000| Complete 
| 181|0x00000000eb500000, 0x00000000eb600000, 0x00000000eb600000|100%| E|CS|TAMS 0x00000000eb500000, 0x00000000eb500000| Complete 
| 182|0x00000000eb600000, 0x00000000eb700000, 0x00000000eb700000|100%| E|CS|TAMS 0x00000000eb600000, 0x00000000eb600000| Complete 
| 183|0x00000000eb700000, 0x00000000eb800000, 0x00000000eb800000|100%| E|CS|TAMS 0x00000000eb700000, 0x00000000eb700000| Complete 
| 184|0x00000000eb800000, 0x00000000eb900000, 0x00000000eb900000|100%| E|CS|TAMS 0x00000000eb800000, 0x00000000eb800000| Complete 
| 185|0x00000000eb900000, 0x00000000eba00000, 0x00000000eba00000|100%| E|CS|TAMS 0x00000000eb900000, 0x00000000eb900000| Complete 
| 186|0x00000000eba00000, 0x00000000ebb00000, 0x00000000ebb00000|100%| E|CS|TAMS 0x00000000eba00000, 0x00000000eba00000| Complete 
| 187|0x00000000ebb00000, 0x00000000ebc00000, 0x00000000ebc00000|100%| E|CS|TAMS 0x00000000ebb00000, 0x00000000ebb00000| Complete 
| 188|0x00000000ebc00000, 0x00000000ebd00000, 0x00000000ebd00000|100%| E|CS|TAMS 0x00000000ebc00000, 0x00000000ebc00000| Complete 
| 189|0x00000000ebd00000, 0x00000000ebe00000, 0x00000000ebe00000|100%| E|CS|TAMS 0x00000000ebd00000, 0x00000000ebd00000| Complete 
| 190|0x00000000ebe00000, 0x00000000ebf00000, 0x00000000ebf00000|100%| E|CS|TAMS 0x00000000ebe00000, 0x00000000ebe00000| Complete 
| 191|0x00000000ebf00000, 0x00000000ec000000, 0x00000000ec000000|100%| E|CS|TAMS 0x00000000ebf00000, 0x00000000ebf00000| Complete 
| 192|0x00000000ec000000, 0x00000000ec100000, 0x00000000ec100000|100%| E|CS|TAMS 0x00000000ec000000, 0x00000000ec000000| Complete 
| 193|0x00000000ec100000, 0x00000000ec200000, 0x00000000ec200000|100%| E|CS|TAMS 0x00000000ec100000, 0x00000000ec100000| Complete 
| 194|0x00000000ec200000, 0x00000000ec300000, 0x00000000ec300000|100%| E|CS|TAMS 0x00000000ec200000, 0x00000000ec200000| Complete 
| 195|0x00000000ec300000, 0x00000000ec400000, 0x00000000ec400000|100%| E|CS|TAMS 0x00000000ec300000, 0x00000000ec300000| Complete 
| 196|0x00000000ec400000, 0x00000000ec500000, 0x00000000ec500000|100%| E|CS|TAMS 0x00000000ec400000, 0x00000000ec400000| Complete 
| 197|0x00000000ec500000, 0x00000000ec600000, 0x00000000ec600000|100%| E|CS|TAMS 0x00000000ec500000, 0x00000000ec500000| Complete 
| 198|0x00000000ec600000, 0x00000000ec700000, 0x00000000ec700000|100%| E|CS|TAMS 0x00000000ec600000, 0x00000000ec600000| Complete 
| 199|0x00000000ec700000, 0x00000000ec800000, 0x00000000ec800000|100%| E|CS|TAMS 0x00000000ec700000, 0x00000000ec700000| Complete 
| 200|0x00000000ec800000, 0x00000000ec900000, 0x00000000ec900000|100%| E|CS|TAMS 0x00000000ec800000, 0x00000000ec800000| Complete 
| 201|0x00000000ec900000, 0x00000000eca00000, 0x00000000eca00000|100%| E|CS|TAMS 0x00000000ec900000, 0x00000000ec900000| Complete 
| 202|0x00000000eca00000, 0x00000000ecb00000, 0x00000000ecb00000|100%| E|CS|TAMS 0x00000000eca00000, 0x00000000eca00000| Complete 
| 203|0x00000000ecb00000, 0x00000000ecc00000, 0x00000000ecc00000|100%| E|CS|TAMS 0x00000000ecb00000, 0x00000000ecb00000| Complete 
| 204|0x00000000ecc00000, 0x00000000ecd00000, 0x00000000ecd00000|100%| E|CS|TAMS 0x00000000ecc00000, 0x00000000ecc00000| Complete 
| 205|0x00000000ecd00000, 0x00000000ece00000, 0x00000000ece00000|100%| E|CS|TAMS 0x00000000ecd00000, 0x00000000ecd00000| Complete 
| 206|0x00000000ece00000, 0x00000000ecf00000, 0x00000000ecf00000|100%| E|CS|TAMS 0x00000000ece00000, 0x00000000ece00000| Complete 
| 207|0x00000000ecf00000, 0x00000000ed000000, 0x00000000ed000000|100%| E|CS|TAMS 0x00000000ecf00000, 0x00000000ecf00000| Complete 
| 208|0x00000000ed000000, 0x00000000ed100000, 0x00000000ed100000|100%| E|CS|TAMS 0x00000000ed000000, 0x00000000ed000000| Complete 
| 209|0x00000000ed100000, 0x00000000ed200000, 0x00000000ed200000|100%| E|CS|TAMS 0x00000000ed100000, 0x00000000ed100000| Complete 
| 210|0x00000000ed200000, 0x00000000ed300000, 0x00000000ed300000|100%| E|CS|TAMS 0x00000000ed200000, 0x00000000ed200000| Complete 
| 211|0x00000000ed300000, 0x00000000ed400000, 0x00000000ed400000|100%| E|CS|TAMS 0x00000000ed300000, 0x00000000ed300000| Complete 
| 212|0x00000000ed400000, 0x00000000ed500000, 0x00000000ed500000|100%| E|CS|TAMS 0x00000000ed400000, 0x00000000ed400000| Complete 
| 213|0x00000000ed500000, 0x00000000ed600000, 0x00000000ed600000|100%| E|CS|TAMS 0x00000000ed500000, 0x00000000ed500000| Complete 
| 214|0x00000000ed600000, 0x00000000ed700000, 0x00000000ed700000|100%| E|CS|TAMS 0x00000000ed600000, 0x00000000ed600000| Complete 
| 215|0x00000000ed700000, 0x00000000ed800000, 0x00000000ed800000|100%| E|CS|TAMS 0x00000000ed700000, 0x00000000ed700000| Complete 
| 216|0x00000000ed800000, 0x00000000ed900000, 0x00000000ed900000|100%| E|CS|TAMS 0x00000000ed800000, 0x00000000ed800000| Complete 
| 217|0x00000000ed900000, 0x00000000eda00000, 0x00000000eda00000|100%| E|CS|TAMS 0x00000000ed900000, 0x00000000ed900000| Complete 
| 218|0x00000000eda00000, 0x00000000edb00000, 0x00000000edb00000|100%| E|CS|TAMS 0x00000000eda00000, 0x00000000eda00000| Complete 
| 219|0x00000000edb00000, 0x00000000edc00000, 0x00000000edc00000|100%| E|CS|TAMS 0x00000000edb00000, 0x00000000edb00000| Complete 
| 220|0x00000000edc00000, 0x00000000edd00000, 0x00000000edd00000|100%| E|CS|TAMS 0x00000000edc00000, 0x00000000edc00000| Complete 
| 221|0x00000000edd00000, 0x00000000ede00000, 0x00000000ede00000|100%| E|CS|TAMS 0x00000000edd00000, 0x00000000edd00000| Complete 
| 222|0x00000000ede00000, 0x00000000edf00000, 0x00000000edf00000|100%| E|CS|TAMS 0x00000000ede00000, 0x00000000ede00000| Complete 
| 223|0x00000000edf00000, 0x00000000ee000000, 0x00000000ee000000|100%| E|CS|TAMS 0x00000000edf00000, 0x00000000edf00000| Complete 
| 224|0x00000000ee000000, 0x00000000ee100000, 0x00000000ee100000|100%| E|CS|TAMS 0x00000000ee000000, 0x00000000ee000000| Complete 
| 225|0x00000000ee100000, 0x00000000ee200000, 0x00000000ee200000|100%| E|CS|TAMS 0x00000000ee100000, 0x00000000ee100000| Complete 
| 226|0x00000000ee200000, 0x00000000ee300000, 0x00000000ee300000|100%| E|CS|TAMS 0x00000000ee200000, 0x00000000ee200000| Complete 
| 227|0x00000000ee300000, 0x00000000ee400000, 0x00000000ee400000|100%| E|CS|TAMS 0x00000000ee300000, 0x00000000ee300000| Complete 
| 228|0x00000000ee400000, 0x00000000ee500000, 0x00000000ee500000|100%| E|CS|TAMS 0x00000000ee400000, 0x00000000ee400000| Complete 
| 229|0x00000000ee500000, 0x00000000ee600000, 0x00000000ee600000|100%| E|CS|TAMS 0x00000000ee500000, 0x00000000ee500000| Complete 
| 230|0x00000000ee600000, 0x00000000ee700000, 0x00000000ee700000|100%| E|CS|TAMS 0x00000000ee600000, 0x00000000ee600000| Complete 
| 231|0x00000000ee700000, 0x00000000ee800000, 0x00000000ee800000|100%| E|CS|TAMS 0x00000000ee700000, 0x00000000ee700000| Complete 
| 232|0x00000000ee800000, 0x00000000ee900000, 0x00000000ee900000|100%| E|CS|TAMS 0x00000000ee800000, 0x00000000ee800000| Complete 
| 233|0x00000000ee900000, 0x00000000eea00000, 0x00000000eea00000|100%| E|CS|TAMS 0x00000000ee900000, 0x00000000ee900000| Complete 
| 234|0x00000000eea00000, 0x00000000eeb00000, 0x00000000eeb00000|100%| E|CS|TAMS 0x00000000eea00000, 0x00000000eea00000| Complete 
| 235|0x00000000eeb00000, 0x00000000eec00000, 0x00000000eec00000|100%| E|CS|TAMS 0x00000000eeb00000, 0x00000000eeb00000| Complete 
| 236|0x00000000eec00000, 0x00000000eed00000, 0x00000000eed00000|100%| E|CS|TAMS 0x00000000eec00000, 0x00000000eec00000| Complete 
| 237|0x00000000eed00000, 0x00000000eee00000, 0x00000000eee00000|100%| E|CS|TAMS 0x00000000eed00000, 0x00000000eed00000| Complete 
| 238|0x00000000eee00000, 0x00000000eef00000, 0x00000000eef00000|100%| E|CS|TAMS 0x00000000eee00000, 0x00000000eee00000| Complete 
| 239|0x00000000eef00000, 0x00000000ef000000, 0x00000000ef000000|100%| E|CS|TAMS 0x00000000eef00000, 0x00000000eef00000| Complete 
| 240|0x00000000ef000000, 0x00000000ef100000, 0x00000000ef100000|100%| E|CS|TAMS 0x00000000ef000000, 0x00000000ef000000| Complete 
| 241|0x00000000ef100000, 0x00000000ef200000, 0x00000000ef200000|100%| E|CS|TAMS 0x00000000ef100000, 0x00000000ef100000| Complete 
| 242|0x00000000ef200000, 0x00000000ef300000, 0x00000000ef300000|100%| E|CS|TAMS 0x00000000ef200000, 0x00000000ef200000| Complete 
| 243|0x00000000ef300000, 0x00000000ef400000, 0x00000000ef400000|100%| E|CS|TAMS 0x00000000ef300000, 0x00000000ef300000| Complete 
| 244|0x00000000ef400000, 0x00000000ef500000, 0x00000000ef500000|100%| E|CS|TAMS 0x00000000ef400000, 0x00000000ef400000| Complete 
| 245|0x00000000ef500000, 0x00000000ef600000, 0x00000000ef600000|100%| E|CS|TAMS 0x00000000ef500000, 0x00000000ef500000| Complete 
| 246|0x00000000ef600000, 0x00000000ef700000, 0x00000000ef700000|100%| E|CS|TAMS 0x00000000ef600000, 0x00000000ef600000| Complete 
| 247|0x00000000ef700000, 0x00000000ef800000, 0x00000000ef800000|100%| E|CS|TAMS 0x00000000ef700000, 0x00000000ef700000| Complete 
| 248|0x00000000ef800000, 0x00000000ef900000, 0x00000000ef900000|100%| E|CS|TAMS 0x00000000ef800000, 0x00000000ef800000| Complete 
| 249|0x00000000ef900000, 0x00000000efa00000, 0x00000000efa00000|100%| E|CS|TAMS 0x00000000ef900000, 0x00000000ef900000| Complete 
| 250|0x00000000efa00000, 0x00000000efb00000, 0x00000000efb00000|100%| E|CS|TAMS 0x00000000efa00000, 0x00000000efa00000| Complete 
| 251|0x00000000efb00000, 0x00000000efc00000, 0x00000000efc00000|100%| E|CS|TAMS 0x00000000efb00000, 0x00000000efb00000| Complete 
| 252|0x00000000efc00000, 0x00000000efd00000, 0x00000000efd00000|100%| E|CS|TAMS 0x00000000efc00000, 0x00000000efc00000| Complete 
| 253|0x00000000efd00000, 0x00000000efe00000, 0x00000000efe00000|100%| E|CS|TAMS 0x00000000efd00000, 0x00000000efd00000| Complete 
| 254|0x00000000efe00000, 0x00000000eff00000, 0x00000000eff00000|100%| E|CS|TAMS 0x00000000efe00000, 0x00000000efe00000| Complete 
| 255|0x00000000eff00000, 0x00000000f0000000, 0x00000000f0000000|100%| E|CS|TAMS 0x00000000eff00000, 0x00000000eff00000| Complete 

Card table byte_map: [0x000001c07e8e0000,0x000001c07e9e0000] _byte_map_base: 0x000001c07e1e0000

Marking Bits (Prev, Next): (CMBitMap*) 0x000001c066186240, (CMBitMap*) 0x000001c066186280
 Prev Bits: [0x000001c07eae0000, 0x000001c07f2e0000)
 Next Bits: [0x000001c07f2e0000, 0x000001c07fae0000)

Polling page: 0x000001c066010000

Metaspace:

Usage:
  Non-class:     32.05 MB used.
      Class:      5.25 MB used.
       Both:     37.30 MB used.

Virtual space:
  Non-class space:       64.00 MB reserved,      32.25 MB ( 50%) committed,  1 nodes.
      Class space:      320.00 MB reserved,       5.44 MB (  2%) committed,  1 nodes.
             Both:      384.00 MB reserved,      37.69 MB ( 10%) committed. 

Chunk freelists:
   Non-Class:  15.64 MB
       Class:  10.42 MB
        Both:  26.06 MB

MaxMetaspaceSize: 384.00 MB
CompressedClassSpaceSize: 320.00 MB
Initial GC threshold: 21.00 MB
Current GC threshold: 59.50 MB
CDS: on
MetaspaceReclaimPolicy: balanced
 - commit_granule_bytes: 65536.
 - commit_granule_words: 8192.
 - virtual_space_node_default_size: 8388608.
 - enlarge_chunks_in_place: 1.
 - new_chunks_are_fully_committed: 0.
 - uncommit_free_chunks: 1.
 - use_allocation_guard: 0.
 - handle_deallocations: 1.


Internal statistics:

num_allocs_failed_limit: 9.
num_arena_births: 352.
num_arena_deaths: 0.
num_vsnodes_births: 2.
num_vsnodes_deaths: 0.
num_space_committed: 603.
num_space_uncommitted: 0.
num_chunks_returned_to_freelist: 9.
num_chunks_taken_from_freelist: 1697.
num_chunk_merges: 9.
num_chunk_splits: 1171.
num_chunks_enlarged: 882.
num_purges: 0.
num_inconsistent_stats: 0.

CodeHeap 'non-profiled nmethods': size=120000Kb used=2778Kb max_used=2778Kb free=117221Kb
 bounds [0x000001c076c90000, 0x000001c076f50000, 0x000001c07e1c0000]
CodeHeap 'profiled nmethods': size=120000Kb used=9400Kb max_used=9400Kb free=110600Kb
 bounds [0x000001c06f1c0000, 0x000001c06faf0000, 0x000001c0766f0000]
CodeHeap 'non-nmethods': size=5760Kb used=2307Kb max_used=2370Kb free=3452Kb
 bounds [0x000001c0766f0000, 0x000001c076960000, 0x000001c076c90000]
 total_blobs=5429 nmethods=4614 adapters=727
 compilation: enabled
              stopped_count=0, restarted_count=0
 full_count=0

Compilation events (20 events):
Event: 9.249 Thread 0x000001c002197d20 nmethod 4554 0x000001c076f43890 code [0x000001c076f43a00, 0x000001c076f43bd8]
Event: 9.249 Thread 0x000001c002197d20 4290       4       groovyjarjarantlr4.v4.runtime.atn.ATNConfig::transform (16 bytes)
Event: 9.256 Thread 0x000001c002197d20 nmethod 4290 0x000001c076f43d10 code [0x000001c076f43ee0, 0x000001c076f44458]
Event: 9.256 Thread 0x000001c002197d20 4552       4       java.util.zip.ZipFile$ZipEntryIterator::hasMoreElements (5 bytes)
Event: 9.256 Thread 0x000001c002197d20 nmethod 4552 0x000001c076f44790 code [0x000001c076f44900, 0x000001c076f44998]
Event: 9.256 Thread 0x000001c002197d20 4555       4       java.util.zip.ZipFile$ZipEntryIterator::nextElement (5 bytes)
Event: 9.260 Thread 0x000001c002197d20 nmethod 4555 0x000001c076f44a90 code [0x000001c076f44c20, 0x000001c076f450a8]
Event: 9.260 Thread 0x000001c002197d20 4556   !   4       java.util.zip.ZipFile$ZipEntryIterator::next (71 bytes)
Event: 9.265 Thread 0x000001c002197d20 nmethod 4556 0x000001c076f45390 code [0x000001c076f45520, 0x000001c076f459a8]
Event: 9.265 Thread 0x000001c002197d20 4455       4       groovyjarjarantlr4.v4.runtime.atn.ATNConfig::create (69 bytes)
Event: 9.271 Thread 0x000001c002197d20 nmethod 4455 0x000001c076f45c90 code [0x000001c076f45e20, 0x000001c076f463b8]
Event: 9.271 Thread 0x000001c002197d20 4283       4       groovyjarjarantlr4.v4.runtime.atn.PredictionContextCache$PredictionContextAndInt::hashCode (38 bytes)
Event: 9.271 Thread 0x000001c002197d20 nmethod 4283 0x000001c076f46510 code [0x000001c076f46680, 0x000001c076f46738]
Event: 9.272 Thread 0x000001c002197d20 4306       4       groovyjarjarantlr4.v4.runtime.atn.ParserATNSimulator::ruleTransition (94 bytes)
Event: 9.276 Thread 0x000001c0021b8f50 4614       3       java.lang.invoke.MethodHandles$Lookup::findConstructor (61 bytes)
Event: 9.277 Thread 0x000001c0021b8f50 nmethod 4614 0x000001c06fae8d90 code [0x000001c06fae9000, 0x000001c06fae9838]
Event: 9.290 Thread 0x000001c0021b8f50 4615       3       jdk.internal.loader.URLClassPath$1::next (59 bytes)
Event: 9.290 Thread 0x000001c0021b8f50 nmethod 4615 0x000001c06fae9b90 code [0x000001c06fae9d60, 0x000001c06faea178]
Event: 9.400 Thread 0x000001c0021b8f50 4616       3       java.lang.invoke.MethodHandles::identity (87 bytes)
Event: 9.401 Thread 0x000001c0021b8f50 nmethod 4616 0x000001c06faea290 code [0x000001c06faea480, 0x000001c06faea8b8]

GC Heap History (12 events):
Event: 0.572 GC heap before
{Heap before GC invocations=0 (full 0):
 garbage-first heap   total 262144K, used 13312K [0x00000000e0000000, 0x0000000100000000)
  region size 1024K, 13 young (13312K), 0 survivors (0K)
 Metaspace       used 985K, committed 1152K, reserved 393216K
  class space    used 74K, committed 128K, reserved 327680K
}
Event: 0.576 GC heap after
{Heap after GC invocations=1 (full 0):
 garbage-first heap   total 262144K, used 2734K [0x00000000e0000000, 0x0000000100000000)
  region size 1024K, 2 young (2048K), 2 survivors (2048K)
 Metaspace       used 985K, committed 1152K, reserved 393216K
  class space    used 74K, committed 128K, reserved 327680K
}
Event: 1.278 GC heap before
{Heap before GC invocations=1 (full 0):
 garbage-first heap   total 262144K, used 22190K [0x00000000e0000000, 0x0000000100000000)
  region size 1024K, 18 young (18432K), 2 survivors (2048K)
 Metaspace       used 3607K, committed 3712K, reserved 393216K
  class space    used 448K, committed 512K, reserved 327680K
}
Event: 1.283 GC heap after
{Heap after GC invocations=2 (full 0):
 garbage-first heap   total 262144K, used 10548K [0x00000000e0000000, 0x0000000100000000)
  region size 1024K, 3 young (3072K), 3 survivors (3072K)
 Metaspace       used 3607K, committed 3712K, reserved 393216K
  class space    used 448K, committed 512K, reserved 327680K
}
Event: 1.797 GC heap before
{Heap before GC invocations=2 (full 0):
 garbage-first heap   total 262144K, used 32052K [0x00000000e0000000, 0x0000000100000000)
  region size 1024K, 25 young (25600K), 3 survivors (3072K)
 Metaspace       used 4028K, committed 4224K, reserved 393216K
  class space    used 489K, committed 576K, reserved 327680K
}
Event: 1.800 GC heap after
{Heap after GC invocations=3 (full 0):
 garbage-first heap   total 262144K, used 11244K [0x00000000e0000000, 0x0000000100000000)
  region size 1024K, 1 young (1024K), 1 survivors (1024K)
 Metaspace       used 4028K, committed 4224K, reserved 393216K
  class space    used 489K, committed 576K, reserved 327680K
}
Event: 4.840 GC heap before
{Heap before GC invocations=3 (full 0):
 garbage-first heap   total 262144K, used 123884K [0x00000000e0000000, 0x0000000100000000)
  region size 1024K, 110 young (112640K), 1 survivors (1024K)
 Metaspace       used 19920K, committed 20160K, reserved 393216K
  class space    used 2910K, committed 3008K, reserved 327680K
}
Event: 4.854 GC heap after
{Heap after GC invocations=4 (full 0):
 garbage-first heap   total 262144K, used 22100K [0x00000000e0000000, 0x0000000100000000)
  region size 1024K, 12 young (12288K), 12 survivors (12288K)
 Metaspace       used 19920K, committed 20160K, reserved 393216K
  class space    used 2910K, committed 3008K, reserved 327680K
}
Event: 5.090 GC heap before
{Heap before GC invocations=4 (full 0):
 garbage-first heap   total 262144K, used 30292K [0x00000000e0000000, 0x0000000100000000)
  region size 1024K, 21 young (21504K), 12 survivors (12288K)
 Metaspace       used 21256K, committed 21504K, reserved 393216K
  class space    used 3109K, committed 3200K, reserved 327680K
}
Event: 5.102 GC heap after
{Heap after GC invocations=5 (full 0):
 garbage-first heap   total 262144K, used 24070K [0x00000000e0000000, 0x0000000100000000)
  region size 1024K, 2 young (2048K), 2 survivors (2048K)
 Metaspace       used 21256K, committed 21504K, reserved 393216K
  class space    used 3109K, committed 3200K, reserved 327680K
}
Event: 7.571 GC heap before
{Heap before GC invocations=6 (full 0):
 garbage-first heap   total 262144K, used 134662K [0x00000000e0000000, 0x0000000100000000)
  region size 1024K, 107 young (109568K), 2 survivors (2048K)
 Metaspace       used 35822K, committed 36160K, reserved 393216K
  class space    used 5055K, committed 5248K, reserved 327680K
}
Event: 7.584 GC heap after
{Heap after GC invocations=7 (full 0):
 garbage-first heap   total 262144K, used 31016K [0x00000000e0000000, 0x0000000100000000)
  region size 1024K, 9 young (9216K), 9 survivors (9216K)
 Metaspace       used 35822K, committed 36160K, reserved 393216K
  class space    used 5055K, committed 5248K, reserved 327680K
}

Deoptimization events (20 events):
Event: 8.530 Thread 0x000001c002182b20 Uncommon trap: trap_request=0xffffff45 fr.pc=0x000001c076ed4b48 relative=0x0000000000000488
Event: 8.530 Thread 0x000001c002182b20 Uncommon trap: reason=unstable_if action=reinterpret pc=0x000001c076ed4b48 method=groovyjarjarantlr4.v4.runtime.atn.ATNConfig.transform(Lgroovyjarjarantlr4/v4/runtime/atn/ATNState;Lgroovyjarjarantlr4/v4/runtime/atn/PredictionContext;Lgroovyjarjarantlr4/v4
Event: 8.530 Thread 0x000001c002182b20 DEOPT PACKING pc=0x000001c076ed4b48 sp=0x0000009b5cdf76b0
Event: 8.530 Thread 0x000001c002182b20 DEOPT UNPACKING pc=0x000001c0767423a3 sp=0x0000009b5cdf7688 mode 2
Event: 8.531 Thread 0x000001c002182b20 Uncommon trap: trap_request=0xffffff45 fr.pc=0x000001c076f0c018 relative=0x0000000000002cf8
Event: 8.531 Thread 0x000001c002182b20 Uncommon trap: reason=unstable_if action=reinterpret pc=0x000001c076f0c018 method=groovyjarjarantlr4.v4.runtime.atn.ATNConfig.hashCode()I @ 67 c2
Event: 8.531 Thread 0x000001c002182b20 DEOPT PACKING pc=0x000001c076f0c018 sp=0x0000009b5cdf7660
Event: 8.531 Thread 0x000001c002182b20 DEOPT UNPACKING pc=0x000001c0767423a3 sp=0x0000009b5cdf7568 mode 2
Event: 8.782 Thread 0x000001c002182b20 Uncommon trap: trap_request=0xffffff45 fr.pc=0x000001c076f15340 relative=0x0000000000006320
Event: 8.782 Thread 0x000001c002182b20 Uncommon trap: reason=unstable_if action=reinterpret pc=0x000001c076f15340 method=groovyjarjarantlr4.v4.runtime.atn.PredictionContextCache$IdentityCommutativePredictionContextOperands.equals(Ljava/lang/Object;)Z @ 51 c2
Event: 8.782 Thread 0x000001c002182b20 DEOPT PACKING pc=0x000001c076f15340 sp=0x0000009b5cdf3fb0
Event: 8.782 Thread 0x000001c002182b20 DEOPT UNPACKING pc=0x000001c0767423a3 sp=0x0000009b5cdf3e10 mode 2
Event: 8.977 Thread 0x000001c002182b20 Uncommon trap: trap_request=0xffffff45 fr.pc=0x000001c076e30e38 relative=0x0000000000000118
Event: 8.977 Thread 0x000001c002182b20 Uncommon trap: reason=unstable_if action=reinterpret pc=0x000001c076e30e38 method=java.util.Arrays.hashCode([Ljava/lang/Object;)I @ 34 c2
Event: 8.977 Thread 0x000001c002182b20 DEOPT PACKING pc=0x000001c076e30e38 sp=0x0000009b5cdf7250
Event: 8.977 Thread 0x000001c002182b20 DEOPT UNPACKING pc=0x000001c0767423a3 sp=0x0000009b5cdf71c8 mode 2
Event: 9.077 Thread 0x000001c002182b20 Uncommon trap: trap_request=0xffffffcc fr.pc=0x000001c076edc804 relative=0x0000000000000364
Event: 9.077 Thread 0x000001c002182b20 Uncommon trap: reason=intrinsic_or_type_checked_inlining action=make_not_entrant pc=0x000001c076edc804 method=java.util.Arrays.copyOf([Ljava/lang/Object;ILjava/lang/Class;)[Ljava/lang/Object; @ 35 c2
Event: 9.077 Thread 0x000001c002182b20 DEOPT PACKING pc=0x000001c076edc804 sp=0x0000009b5cdf45d0
Event: 9.077 Thread 0x000001c002182b20 DEOPT UNPACKING pc=0x000001c0767423a3 sp=0x0000009b5cdf4560 mode 2

Classes unloaded (0 events):
No events

Classes redefined (0 events):
No events

Internal exceptions (20 events):
Event: 7.252 Thread 0x000001c002182b20 Exception <a 'java/lang/ClassNotFoundException'{0x00000000ea1ba440}: groovy/lang/ClosureCustomizer> (0x00000000ea1ba440) 
thrown [s\open\src\hotspot\share\classfile\systemDictionary.cpp, line 256]
Event: 7.255 Thread 0x000001c002182b20 Exception <a 'java/lang/ClassNotFoundException'{0x00000000ea000560}: groovy/lang/Closure$1Customizer> (0x00000000ea000560) 
thrown [s\open\src\hotspot\share\classfile\systemDictionary.cpp, line 256]
Event: 7.291 Thread 0x000001c002182b20 Exception <a 'java/lang/IncompatibleClassChangeError'{0x00000000e9f4a8a0}: Found class java.lang.Object, but interface was expected> (0x00000000e9f4a8a0) 
thrown [s\open\src\hotspot\share\interpreter\linkResolver.cpp, line 826]
Event: 7.304 Thread 0x000001c002182b20 Exception <a 'java/lang/NoSuchMethodError'{0x00000000e9fb5698}: 'void java.lang.invoke.DirectMethodHandle$Holder.invokeStatic(java.lang.Object, java.lang.Object, java.lang.Object, java.lang.Object, java.lang.Object, java.lang.Object)'> (0x00000000e9fb5698) 
thrown [s\open\src\hotspot\share\interpreter\linkResolver.cpp, line 759]
Event: 7.477 Thread 0x000001c002182b20 Exception <a 'java/lang/NoSuchMethodError'{0x00000000e9c7edd0}: 'void java.lang.invoke.DirectMethodHandle$Holder.invokeVirtual(java.lang.Object, java.lang.Object)'> (0x00000000e9c7edd0) 
thrown [s\open\src\hotspot\share\interpreter\linkResolver.cpp, line 759]
Event: 8.977 Thread 0x000001c002182b20 Implicit null exception at 0x000001c076e30d6c to 0x000001c076e30e1c
Event: 9.084 Thread 0x000001c002182b20 Exception <a 'java/lang/ClassNotFoundException'{0x00000000e9be9240}: org/apache/groovy/parser/antlr4/util/StringUtils$4BeanInfo> (0x00000000e9be9240) 
thrown [s\open\src\hotspot\share\classfile\systemDictionary.cpp, line 256]
Event: 9.092 Thread 0x000001c002182b20 Exception <a 'java/lang/ClassNotFoundException'{0x00000000e9915ed0}: org/apache/groovy/parser/antlr4/util/StringUtils$4Customizer> (0x00000000e9915ed0) 
thrown [s\open\src\hotspot\share\classfile\systemDictionary.cpp, line 256]
Event: 9.103 Thread 0x000001c002182b20 Exception <a 'java/lang/ClassNotFoundException'{0x00000000e9867040}: org/apache/groovy/parser/antlr4/util/StringUtils$2BeanInfo> (0x00000000e9867040) 
thrown [s\open\src\hotspot\share\classfile\systemDictionary.cpp, line 256]
Event: 9.107 Thread 0x000001c002182b20 Exception <a 'java/lang/ClassNotFoundException'{0x00000000e97939b0}: org/apache/groovy/parser/antlr4/util/StringUtils$2Customizer> (0x00000000e97939b0) 
thrown [s\open\src\hotspot\share\classfile\systemDictionary.cpp, line 256]
Event: 9.119 Thread 0x000001c002182b20 Exception <a 'java/lang/ClassNotFoundException'{0x00000000e96e4750}: org/apache/groovy/parser/antlr4/util/StringUtils$1BeanInfo> (0x00000000e96e4750) 
thrown [s\open\src\hotspot\share\classfile\systemDictionary.cpp, line 256]
Event: 9.124 Thread 0x000001c002182b20 Exception <a 'java/lang/ClassNotFoundException'{0x00000000e8b11320}: org/apache/groovy/parser/antlr4/util/StringUtils$1Customizer> (0x00000000e8b11320) 
thrown [s\open\src\hotspot\share\classfile\systemDictionary.cpp, line 256]
Event: 9.138 Thread 0x000001c002182b20 Exception <a 'java/lang/ClassNotFoundException'{0x00000000e8a62050}: org/apache/groovy/parser/antlr4/util/StringUtils$3BeanInfo> (0x00000000e8a62050) 
thrown [s\open\src\hotspot\share\classfile\systemDictionary.cpp, line 256]
Event: 9.143 Thread 0x000001c002182b20 Exception <a 'java/lang/ClassNotFoundException'{0x00000000e898e9c0}: org/apache/groovy/parser/antlr4/util/StringUtils$3Customizer> (0x00000000e898e9c0) 
thrown [s\open\src\hotspot\share\classfile\systemDictionary.cpp, line 256]
Event: 9.188 Thread 0x000001c002182b20 Exception <a 'java/lang/NoSuchMethodError'{0x00000000e8871458}: 'java.lang.Object java.lang.invoke.DirectMethodHandle$Holder.newInvokeSpecial(java.lang.Object, java.lang.Object, java.lang.Object, int, java.lang.Object)'> (0x00000000e8871458) 
thrown [s\open\src\hotspot\share\interpreter\linkResolver.cpp, line 759]
Event: 9.189 Thread 0x000001c002182b20 Exception <a 'java/lang/NoSuchMethodError'{0x00000000e887ab60}: 'java.lang.Object java.lang.invoke.Invokers$Holder.linkToTargetMethod(java.lang.Object, java.lang.Object, int, java.lang.Object, java.lang.Object)'> (0x00000000e887ab60) 
thrown [s\open\src\hotspot\share\interpreter\linkResolver.cpp, line 759]
Event: 9.300 Thread 0x000001c002182b20 Exception <a 'sun/nio/fs/WindowsException'{0x00000000e862f710}> (0x00000000e862f710) 
thrown [s\open\src\hotspot\share\prims\jni.cpp, line 516]
Event: 9.301 Thread 0x000001c002182b20 Exception <a 'sun/nio/fs/WindowsException'{0x00000000e8630da8}> (0x00000000e8630da8) 
thrown [s\open\src\hotspot\share\prims\jni.cpp, line 516]
Event: 9.441 Thread 0x000001c002182b20 Exception <a 'sun/nio/fs/WindowsException'{0x00000000e86fc730}> (0x00000000e86fc730) 
thrown [s\open\src\hotspot\share\prims\jni.cpp, line 516]
Event: 9.447 Thread 0x000001c002182b20 Exception <a 'sun/nio/fs/WindowsException'{0x00000000e86fc9d0}> (0x00000000e86fc9d0) 
thrown [s\open\src\hotspot\share\prims\jni.cpp, line 516]

VM Operations (20 events):
Event: 7.725 Executing VM operation: HandshakeAllThreads
Event: 7.725 Executing VM operation: HandshakeAllThreads done
Event: 7.735 Executing VM operation: HandshakeAllThreads
Event: 7.735 Executing VM operation: HandshakeAllThreads done
Event: 7.798 Executing VM operation: HandshakeAllThreads
Event: 7.799 Executing VM operation: HandshakeAllThreads done
Event: 7.804 Executing VM operation: ICBufferFull
Event: 7.804 Executing VM operation: ICBufferFull done
Event: 7.945 Executing VM operation: HandshakeAllThreads
Event: 7.945 Executing VM operation: HandshakeAllThreads done
Event: 8.210 Executing VM operation: ICBufferFull
Event: 8.210 Executing VM operation: ICBufferFull done
Event: 9.054 Executing VM operation: HandshakeAllThreads
Event: 9.055 Executing VM operation: HandshakeAllThreads done
Event: 9.421 Executing VM operation: HandshakeAllThreads
Event: 9.422 Executing VM operation: HandshakeAllThreads done
Event: 9.422 Executing VM operation: Cleanup
Event: 9.422 Executing VM operation: Cleanup done
Event: 9.422 Executing VM operation: HandshakeAllThreads
Event: 9.422 Executing VM operation: HandshakeAllThreads done

Events (20 events):
Event: 9.095 loading class java/util/regex/Pattern$1
Event: 9.095 loading class java/util/regex/Pattern$1 done
Event: 9.191 loading class jdk/internal/math/FDBigInteger
Event: 9.192 loading class jdk/internal/math/FDBigInteger done
Event: 9.300 loading class sun/nio/fs/WindowsException
Event: 9.300 loading class sun/nio/fs/WindowsException done
Event: 9.311 loading class java/nio/channels/Channels$1
Event: 9.311 loading class java/nio/channels/Channels$1 done
Event: 9.312 loading class java/nio/charset/UnsupportedCharsetException
Event: 9.312 loading class java/nio/charset/UnsupportedCharsetException done
Event: 9.315 loading class java/util/zip/Deflater
Event: 9.380 loading class java/util/zip/Deflater done
Event: 9.381 loading class java/util/zip/Deflater$DeflaterZStreamRef
Event: 9.381 loading class java/util/zip/Deflater$DeflaterZStreamRef done
Event: 9.401 loading class java/nio/StringCharBuffer
Event: 9.421 loading class java/nio/StringCharBuffer done
Event: 9.425 loading class java/nio/file/StandardCopyOption
Event: 9.425 loading class java/nio/file/StandardCopyOption done
Event: 9.425 loading class sun/nio/fs/WindowsFileCopy
Event: 9.437 loading class sun/nio/fs/WindowsFileCopy done


Dynamic libraries:
0x00007ff6dcb20000 - 0x00007ff6dcb30000 	C:\Program Files\Java\jdk-17\bin\java.exe
0x00007ff8d3170000 - 0x00007ff8d3368000 	C:\WINDOWS\SYSTEM32\ntdll.dll
0x00007ff8d2570000 - 0x00007ff8d262d000 	C:\WINDOWS\System32\KERNEL32.DLL
0x00007ff8d0920000 - 0x00007ff8d0c16000 	C:\WINDOWS\System32\KERNELBASE.dll
0x00007ff8d0c20000 - 0x00007ff8d0d20000 	C:\WINDOWS\System32\ucrtbase.dll
0x00007ff8b22e0000 - 0x00007ff8b22fb000 	C:\Program Files\Java\jdk-17\bin\VCRUNTIME140.dll
0x00007ff8b2030000 - 0x00007ff8b2049000 	C:\Program Files\Java\jdk-17\bin\jli.dll
0x00007ff8d1260000 - 0x00007ff8d1310000 	C:\WINDOWS\System32\ADVAPI32.dll
0x00007ff8d1d50000 - 0x00007ff8d1dee000 	C:\WINDOWS\System32\msvcrt.dll
0x00007ff8d1370000 - 0x00007ff8d1410000 	C:\WINDOWS\System32\sechost.dll
0x00007ff8d17a0000 - 0x00007ff8d18c3000 	C:\WINDOWS\System32\RPCRT4.dll
0x00007ff8d10d0000 - 0x00007ff8d10f7000 	C:\WINDOWS\System32\bcrypt.dll
0x00007ff8d2ad0000 - 0x00007ff8d2c6f000 	C:\WINDOWS\System32\USER32.dll
0x00007ff8d10a0000 - 0x00007ff8d10c2000 	C:\WINDOWS\System32\win32u.dll
0x00007ff8c7a80000 - 0x00007ff8c7d1a000 	C:\WINDOWS\WinSxS\amd64_microsoft.windows.common-controls_6595b64144ccf1df_6.0.19041.3636_none_60b6a03d71f818d5\COMCTL32.dll
0x00007ff8d2630000 - 0x00007ff8d265b000 	C:\WINDOWS\System32\GDI32.dll
0x00007ff8d0f80000 - 0x00007ff8d1097000 	C:\WINDOWS\System32\gdi32full.dll
0x00007ff8d1100000 - 0x00007ff8d119d000 	C:\WINDOWS\System32\msvcp_win.dll
0x00007ff8cc190000 - 0x00007ff8cc19a000 	C:\WINDOWS\SYSTEM32\VERSION.dll
0x00007ff8d18e0000 - 0x00007ff8d1912000 	C:\WINDOWS\System32\IMM32.DLL
0x00007ff8c0210000 - 0x00007ff8c021c000 	C:\Program Files\Java\jdk-17\bin\vcruntime140_1.dll
0x00007ff8a0410000 - 0x00007ff8a049e000 	C:\Program Files\Java\jdk-17\bin\msvcp140.dll
0x00007ff89c130000 - 0x00007ff89cd0e000 	C:\Program Files\Java\jdk-17\bin\server\jvm.dll
0x00007ff8d18d0000 - 0x00007ff8d18d8000 	C:\WINDOWS\System32\PSAPI.DLL
0x00007ff8c64d0000 - 0x00007ff8c64d9000 	C:\WINDOWS\SYSTEM32\WSOCK32.dll
0x00007ff8c79e0000 - 0x00007ff8c7a07000 	C:\WINDOWS\SYSTEM32\WINMM.dll
0x00007ff8d2c70000 - 0x00007ff8d2cdb000 	C:\WINDOWS\System32\WS2_32.dll
0x00007ff8cf110000 - 0x00007ff8cf122000 	C:\WINDOWS\SYSTEM32\kernel.appcore.dll
0x00007ff8bf550000 - 0x00007ff8bf55a000 	C:\Program Files\Java\jdk-17\bin\jimage.dll
0x00007ff8ced40000 - 0x00007ff8cef24000 	C:\WINDOWS\SYSTEM32\DBGHELP.DLL
0x00007ff8c8f90000 - 0x00007ff8c8fc4000 	C:\WINDOWS\SYSTEM32\dbgcore.DLL
0x00007ff8d0d90000 - 0x00007ff8d0e12000 	C:\WINDOWS\System32\bcryptPrimitives.dll
0x00007ff8cc300000 - 0x00007ff8cc30e000 	C:\Program Files\Java\jdk-17\bin\instrument.dll
0x00007ff8be860000 - 0x00007ff8be885000 	C:\Program Files\Java\jdk-17\bin\java.dll
0x00007ff89d980000 - 0x00007ff89da57000 	C:\Program Files\Java\jdk-17\bin\jsvml.dll
0x00007ff8d1e00000 - 0x00007ff8d256b000 	C:\WINDOWS\System32\SHELL32.dll
0x00007ff8ce4e0000 - 0x00007ff8cec7e000 	C:\WINDOWS\SYSTEM32\windows.storage.dll
0x00007ff8d1920000 - 0x00007ff8d1c73000 	C:\WINDOWS\System32\combase.dll
0x00007ff8d0180000 - 0x00007ff8d01ae000 	C:\WINDOWS\SYSTEM32\Wldp.dll
0x00007ff8d1c80000 - 0x00007ff8d1d4d000 	C:\WINDOWS\System32\OLEAUT32.dll
0x00007ff8d3080000 - 0x00007ff8d312d000 	C:\WINDOWS\System32\SHCORE.dll
0x00007ff8d11a0000 - 0x00007ff8d11f5000 	C:\WINDOWS\System32\shlwapi.dll
0x00007ff8d0750000 - 0x00007ff8d0773000 	C:\WINDOWS\SYSTEM32\profapi.dll
0x00007ff8c8060000 - 0x00007ff8c8078000 	C:\Program Files\Java\jdk-17\bin\zip.dll
0x00007ff8b9380000 - 0x00007ff8b9399000 	C:\Program Files\Java\jdk-17\bin\net.dll
0x00007ff8c9aa0000 - 0x00007ff8c9baa000 	C:\WINDOWS\SYSTEM32\WINHTTP.dll
0x00007ff8cfee0000 - 0x00007ff8cff4a000 	C:\WINDOWS\system32\mswsock.dll
0x00007ff8b9360000 - 0x00007ff8b9376000 	C:\Program Files\Java\jdk-17\bin\nio.dll
0x00007ff8bedd0000 - 0x00007ff8bede0000 	C:\Program Files\Java\jdk-17\bin\verify.dll
0x00007ff8b9160000 - 0x00007ff8b9187000 	C:\Users\Imran Shaikh\.gradle\native\c067742578af261105cb4f569cf0c3c89f3d7b1fecec35dd04571415982c5e48\windows-amd64\native-platform.dll
0x00007ff8aa880000 - 0x00007ff8aa9c4000 	C:\Users\Imran Shaikh\.gradle\native\38dada09dfb8b06ba9b0570ebf7e218e3eb74d4ef43ca46872605cf95ebc2f47\windows-amd64\native-platform-file-events.dll
0x00007ff8cc280000 - 0x00007ff8cc28a000 	C:\Program Files\Java\jdk-17\bin\management.dll
0x00007ff8c7d20000 - 0x00007ff8c7d2b000 	C:\Program Files\Java\jdk-17\bin\management_ext.dll
0x00007ff8d00d0000 - 0x00007ff8d00e8000 	C:\WINDOWS\SYSTEM32\CRYPTSP.dll
0x00007ff8cf800000 - 0x00007ff8cf834000 	C:\WINDOWS\system32\rsaenh.dll
0x00007ff8d0710000 - 0x00007ff8d073e000 	C:\WINDOWS\SYSTEM32\USERENV.dll
0x00007ff8d00f0000 - 0x00007ff8d00fc000 	C:\WINDOWS\SYSTEM32\CRYPTBASE.dll
0x00007ff8cfbc0000 - 0x00007ff8cfbfb000 	C:\WINDOWS\SYSTEM32\IPHLPAPI.DLL
0x00007ff8d15c0000 - 0x00007ff8d15c8000 	C:\WINDOWS\System32\NSI.dll
0x00007ff8caa50000 - 0x00007ff8caa67000 	C:\WINDOWS\SYSTEM32\dhcpcsvc6.DLL
0x00007ff8cb410000 - 0x00007ff8cb42d000 	C:\WINDOWS\SYSTEM32\dhcpcsvc.DLL
0x00007ff8cfc50000 - 0x00007ff8cfd1b000 	C:\WINDOWS\SYSTEM32\DNSAPI.dll
0x00007ff8c7970000 - 0x00007ff8c797e000 	C:\Program Files\Java\jdk-17\bin\sunmscapi.dll
0x00007ff8d0e20000 - 0x00007ff8d0f7e000 	C:\WINDOWS\System32\CRYPT32.dll
0x00007ff8d01f0000 - 0x00007ff8d0218000 	C:\WINDOWS\SYSTEM32\ncrypt.dll
0x00007ff8d01b0000 - 0x00007ff8d01eb000 	C:\WINDOWS\SYSTEM32\NTASN1.dll
0x00007ff8c0030000 - 0x00007ff8c0037000 	C:\WINDOWS\system32\wshunix.dll

dbghelp: loaded successfully - version: 4.0.5 - missing functions: none
symbol engine: initialized successfully - sym options: 0x614 - pdb path: .;C:\Program Files\Java\jdk-17\bin;C:\WINDOWS\SYSTEM32;C:\WINDOWS\WinSxS\amd64_microsoft.windows.common-controls_6595b64144ccf1df_6.0.19041.3636_none_60b6a03d71f818d5;C:\Program Files\Java\jdk-17\bin\server;C:\Users\Imran Shaikh\.gradle\native\c067742578af261105cb4f569cf0c3c89f3d7b1fecec35dd04571415982c5e48\windows-amd64;C:\Users\Imran Shaikh\.gradle\native\38dada09dfb8b06ba9b0570ebf7e218e3eb74d4ef43ca46872605cf95ebc2f47\windows-amd64

VM Arguments:
jvm_args: --add-opens=java.base/java.util=ALL-UNNAMED --add-opens=java.base/java.lang=ALL-UNNAMED --add-opens=java.base/java.lang.invoke=ALL-UNNAMED --add-opens=java.prefs/java.util.prefs=ALL-UNNAMED --add-opens=java.base/java.nio.charset=ALL-UNNAMED --add-opens=java.base/java.net=ALL-UNNAMED --add-opens=java.base/java.util.concurrent.atomic=ALL-UNNAMED -XX:MaxMetaspaceSize=384m -XX:+HeapDumpOnOutOfMemoryError -Xms256m -Xmx512m -Dfile.encoding=windows-1252 -Duser.country=IN -Duser.language=en -Duser.variant -javaagent:C:\Users\Imran Shaikh\.gradle\wrapper\dists\gradle-8.7-bin\bhs2wmbdwecv87pi65oeuq5iu\gradle-8.7\lib\agents\gradle-instrumentation-agent-8.7.jar 
java_command: org.gradle.launcher.daemon.bootstrap.GradleDaemon 8.7
java_class_path (initial): C:\Users\Imran Shaikh\.gradle\wrapper\dists\gradle-8.7-bin\bhs2wmbdwecv87pi65oeuq5iu\gradle-8.7\lib\gradle-launcher-8.7.jar
Launcher Type: SUN_STANDARD

[Global flags]
     intx CICompilerCount                          = 3                                         {product} {ergonomic}
   size_t CompressedClassSpaceSize                 = 335544320                                 {product} {ergonomic}
     uint ConcGCThreads                            = 1                                         {product} {ergonomic}
     uint G1ConcRefinementThreads                  = 4                                         {product} {ergonomic}
   size_t G1HeapRegionSize                         = 1048576                                   {product} {ergonomic}
    uintx GCDrainStackTargetSize                   = 64                                        {product} {ergonomic}
     bool HeapDumpOnOutOfMemoryError               = true                                   {manageable} {command line}
   size_t InitialHeapSize                          = 268435456                                 {product} {command line}
   size_t MarkStackSize                            = 4194304                                   {product} {ergonomic}
   size_t MaxHeapSize                              = 536870912                                 {product} {command line}
   size_t MaxMetaspaceSize                         = 402653184                                 {product} {command line}
   size_t MaxNewSize                               = 321912832                                 {product} {ergonomic}
   size_t MinHeapDeltaBytes                        = 1048576                                   {product} {ergonomic}
   size_t MinHeapSize                              = 268435456                                 {product} {command line}
    uintx NonNMethodCodeHeapSize                   = 5832780                                {pd product} {ergonomic}
    uintx NonProfiledCodeHeapSize                  = 122912730                              {pd product} {ergonomic}
    uintx ProfiledCodeHeapSize                     = 122912730                              {pd product} {ergonomic}
    uintx ReservedCodeCacheSize                    = 251658240                              {pd product} {ergonomic}
     bool SegmentedCodeCache                       = true                                      {product} {ergonomic}
   size_t SoftMaxHeapSize                          = 536870912                              {manageable} {ergonomic}
     bool UseCompressedClassPointers               = true                           {product lp64_product} {ergonomic}
     bool UseCompressedOops                        = true                           {product lp64_product} {ergonomic}
     bool UseG1GC                                  = true                                      {product} {ergonomic}
     bool UseLargePagesIndividualAllocation        = false                                  {pd product} {ergonomic}

Logging:
Log output configuration:
 #0: stdout all=warning uptime,level,tags
 #1: stderr all=off uptime,level,tags

Environment Variables:
JAVA_HOME=C:\Program Files\Java\jdk1.8.0_111
PATH=C:\Program Files\Common Files\Oracle\Java\javapath;C:\Program Files\Python37\Scripts\;C:\Program Files\Python37\;C:\Program Files (x86)\Common Files\Oracle\Java\javapath;C:\Program Files\bin;C:\Program Files (x86)\Intel\iCLS Client\;C:\Program Files\Intel\iCLS Client\;C:\ProgramData\Oracle\Java\javapath;C:\Program Files\Java\jdk1.8.0_111\bin;C:\Program Files (x86)\Intel\Intel(R) Management Engine Components\DAL;C:\Program Files\Intel\Intel(R) Management Engine Components\DAL;C:\Program Files (x86)\Intel\Intel(R) Management Engine Components\IPT;C:\Program Files\Intel\Intel(R) Management Engine Components\IPT;C:\WINDOWS\system32;C:\WINDOWS;C:\WINDOWS\System32\Wbem;C:\WINDOWS\System32\WindowsPowerShell\v1.0\;C:\WINDOWS\System32\OpenSSH\;C:\Program Files\apache-maven-3.6.3\bin;G:\Putty\Putty setup\;G:\project\gdcmlib;C:\Program Files\Java\jdk-17\bin;C:\Program Files\Git\cmd;C:\Users\Imran Shaikh\AppData\Local\Microsoft\WindowsApps;C:\Program Files\Php;;C:\Users\Imran Shaikh\.ebcli-virtual-env\executables;C:\Users\Imran Shaikh\AppData\Local\Programs\Microsoft VS Code\bin
USERNAME=Imran Shaikh
OS=Windows_NT
PROCESSOR_IDENTIFIER=Intel64 Family 6 Model 142 Stepping 9, GenuineIntel



---------------  S Y S T E M  ---------------

OS:
 Windows 10 , 64 bit Build 19041 (10.0.19041.3636)
OS uptime: 3 days 23:55 hours

CPU: total 4 (initial active 4) (2 cores per cpu, 2 threads per core) family 6 model 142 stepping 9 microcode 0xde, cx8, cmov, fxsr, ht, mmx, 3dnowpref, sse, sse2, sse3, ssse3, sse4.1, sse4.2, popcnt, lzcnt, tsc, tscinvbit, avx, avx2, aes, erms, clmul, bmi1, bmi2, adx, fma, vzeroupper, clflush, clflushopt

Memory: 4k page, system-wide physical 8107M (704M free)
TotalPageFile size 8107M (AvailPageFile size 6M)
current process WorkingSet (physical memory assigned to process): 308M, peak: 311M
current process commit charge ("private bytes"): 449M, peak: 451M

vm_info: Java HotSpot(TM) 64-Bit Server VM (17.0.8+9-LTS-211) for windows-amd64 JRE (17.0.8+9-LTS-211), built on Jun 14 2023 10:34:31 by "mach5one" with MS VC++ 17.1 (VS2022)

END.
